{"D:\\git\\memeLand-bed\\server.js":{"path":"D:\\git\\memeLand-bed\\server.js","statementMap":{"0":{"start":{"line":2,"column":0},"end":{"line":4,"column":5}},"1":{"start":{"line":7,"column":15},"end":{"line":7,"column":34}},"2":{"start":{"line":10,"column":18},"end":{"line":10,"column":34}},"3":{"start":{"line":11,"column":18},"end":{"line":11,"column":34}},"4":{"start":{"line":14,"column":16},"end":{"line":14,"column":34}},"5":{"start":{"line":15,"column":19},"end":{"line":15,"column":41}},"6":{"start":{"line":16,"column":15},"end":{"line":16,"column":32}},"7":{"start":{"line":17,"column":15},"end":{"line":17,"column":32}},"8":{"start":{"line":18,"column":16},"end":{"line":18,"column":42}},"9":{"start":{"line":21,"column":12},"end":{"line":21,"column":21}},"10":{"start":{"line":22,"column":0},"end":{"line":22,"column":39}},"11":{"start":{"line":25,"column":0},"end":{"line":25,"column":30}},"12":{"start":{"line":26,"column":0},"end":{"line":26,"column":43}},"13":{"start":{"line":29,"column":11},"end":{"line":29,"column":46}},"14":{"start":{"line":32,"column":19},"end":{"line":32,"column":21}},"15":{"start":{"line":35,"column":0},"end":{"line":35,"column":27}},"16":{"start":{"line":36,"column":0},"end":{"line":36,"column":51}},"17":{"start":{"line":39,"column":15},"end":{"line":39,"column":48}},"18":{"start":{"line":42,"column":0},"end":{"line":47,"column":4}},"19":{"start":{"line":50,"column":0},"end":{"line":50,"column":102}},"20":{"start":{"line":50,"column":31},"end":{"line":50,"column":99}},"21":{"start":{"line":50,"column":55},"end":{"line":50,"column":71}},"22":{"start":{"line":50,"column":79},"end":{"line":50,"column":98}},"23":{"start":{"line":51,"column":0},"end":{"line":51,"column":27}},"24":{"start":{"line":52,"column":0},"end":{"line":52,"column":19}},"25":{"start":{"line":55,"column":0},"end":{"line":70,"column":3}},"26":{"start":{"line":56,"column":4},"end":{"line":69,"column":7}},"27":{"start":{"line":57,"column":8},"end":{"line":68,"column":9}},"28":{"start":{"line":58,"column":12},"end":{"line":58,"column":40}},"29":{"start":{"line":60,"column":12},"end":{"line":67,"column":15}},"30":{"start":{"line":61,"column":16},"end":{"line":66,"column":17}},"31":{"start":{"line":62,"column":20},"end":{"line":62,"column":56}},"32":{"start":{"line":63,"column":20},"end":{"line":63,"column":61}},"33":{"start":{"line":65,"column":20},"end":{"line":65,"column":48}},"34":{"start":{"line":72,"column":0},"end":{"line":72,"column":21}}},"fnMap":{"0":{"name":"(anonymous_0)","decl":{"start":{"line":50,"column":16},"end":{"line":50,"column":17}},"loc":{"start":{"line":50,"column":30},"end":{"line":50,"column":100}},"line":50},"1":{"name":"(anonymous_1)","decl":{"start":{"line":55,"column":19},"end":{"line":55,"column":20}},"loc":{"start":{"line":55,"column":38},"end":{"line":70,"column":1}},"line":55},"2":{"name":"(anonymous_2)","decl":{"start":{"line":56,"column":76},"end":{"line":56,"column":77}},"loc":{"start":{"line":56,"column":99},"end":{"line":69,"column":5}},"line":56},"3":{"name":"(anonymous_3)","decl":{"start":{"line":60,"column":66},"end":{"line":60,"column":67}},"loc":{"start":{"line":60,"column":87},"end":{"line":67,"column":13}},"line":60}},"branchMap":{"0":{"loc":{"start":{"line":50,"column":31},"end":{"line":50,"column":99}},"type":"if","locations":[{"start":{"line":50,"column":31},"end":{"line":50,"column":99}},{"start":{"line":50,"column":31},"end":{"line":50,"column":99}}],"line":50},"1":{"loc":{"start":{"line":57,"column":8},"end":{"line":68,"column":9}},"type":"if","locations":[{"start":{"line":57,"column":8},"end":{"line":68,"column":9}},{"start":{"line":57,"column":8},"end":{"line":68,"column":9}}],"line":57},"2":{"loc":{"start":{"line":61,"column":16},"end":{"line":66,"column":17}},"type":"if","locations":[{"start":{"line":61,"column":16},"end":{"line":66,"column":17}},{"start":{"line":61,"column":16},"end":{"line":66,"column":17}}],"line":61}},"s":{"0":1,"1":1,"2":1,"3":1,"4":1,"5":1,"6":1,"7":1,"8":1,"9":1,"10":1,"11":1,"12":1,"13":1,"14":1,"15":1,"16":1,"17":1,"18":1,"19":1,"20":0,"21":0,"22":0,"23":1,"24":1,"25":1,"26":0,"27":0,"28":0,"29":0,"30":0,"31":0,"32":0,"33":0,"34":1},"f":{"0":0,"1":0,"2":0,"3":0},"b":{"0":[0,0],"1":[0,0],"2":[0,0]},"_coverageSchema":"43e27e138ebf9cfc5966b082cf9a028302ed4184","hash":"3b85591ab787e713194b0d3c0d0b8f709fe3b153","contentHash":"4a0c289030dd63c162bd643a74ac981a1b5668788afd3949efbe2773f5ec04ee"},"D:\\git\\memeLand-bed\\config.js":{"path":"D:\\git\\memeLand-bed\\config.js","statementMap":{"0":{"start":{"line":3,"column":54},"end":{"line":3,"column":73}},"1":{"start":{"line":3,"column":75},"end":{"line":3,"column":326}},"2":{"start":{"line":3,"column":125},"end":{"line":3,"column":161}},"3":{"start":{"line":3,"column":163},"end":{"line":3,"column":292}},"4":{"start":{"line":3,"column":183},"end":{"line":3,"column":292}},"5":{"start":{"line":3,"column":225},"end":{"line":3,"column":288}},"6":{"start":{"line":3,"column":293},"end":{"line":3,"column":324}},"7":{"start":{"line":3,"column":327},"end":{"line":3,"column":339}},"8":{"start":{"line":5,"column":33},"end":{"line":5,"column":501}},"9":{"start":{"line":5,"column":46},"end":{"line":5,"column":47}},"10":{"start":{"line":5,"column":91},"end":{"line":5,"column":131}},"11":{"start":{"line":5,"column":133},"end":{"line":5,"column":499}},"12":{"start":{"line":5,"column":146},"end":{"line":5,"column":239}},"13":{"start":{"line":5,"column":193},"end":{"line":5,"column":235}},"14":{"start":{"line":5,"column":247},"end":{"line":5,"column":499}},"15":{"start":{"line":5,"column":287},"end":{"line":5,"column":361}},"16":{"start":{"line":5,"column":371},"end":{"line":5,"column":497}},"17":{"start":{"line":5,"column":412},"end":{"line":5,"column":493}},"18":{"start":{"line":5,"column":502},"end":{"line":5,"column":516}},"19":{"start":{"line":7,"column":44},"end":{"line":7,"column":195}},"20":{"start":{"line":7,"column":62},"end":{"line":7,"column":166}},"21":{"start":{"line":7,"column":176},"end":{"line":7,"column":193}},"22":{"start":{"line":7,"column":196},"end":{"line":7,"column":207}},"23":{"start":{"line":9,"column":18},"end":{"line":9,"column":38}},"24":{"start":{"line":10,"column":26},"end":{"line":10,"column":28}},"25":{"start":{"line":12,"column":0},"end":{"line":14,"column":3}},"26":{"start":{"line":16,"column":0},"end":{"line":19,"column":3}}},"fnMap":{"0":{"name":"ownKeys","decl":{"start":{"line":3,"column":9},"end":{"line":3,"column":16}},"loc":{"start":{"line":3,"column":41},"end":{"line":3,"column":341}},"line":3},"1":{"name":"(anonymous_1)","decl":{"start":{"line":3,"column":208},"end":{"line":3,"column":209}},"loc":{"start":{"line":3,"column":223},"end":{"line":3,"column":290}},"line":3},"2":{"name":"_objectSpread","decl":{"start":{"line":5,"column":9},"end":{"line":5,"column":22}},"loc":{"start":{"line":5,"column":31},"end":{"line":5,"column":518}},"line":5},"3":{"name":"(anonymous_3)","decl":{"start":{"line":5,"column":176},"end":{"line":5,"column":177}},"loc":{"start":{"line":5,"column":191},"end":{"line":5,"column":237}},"line":5},"4":{"name":"(anonymous_4)","decl":{"start":{"line":5,"column":395},"end":{"line":5,"column":396}},"loc":{"start":{"line":5,"column":410},"end":{"line":5,"column":495}},"line":5},"5":{"name":"_defineProperty","decl":{"start":{"line":7,"column":9},"end":{"line":7,"column":24}},"loc":{"start":{"line":7,"column":42},"end":{"line":7,"column":209}},"line":7}},"branchMap":{"0":{"loc":{"start":{"line":3,"column":75},"end":{"line":3,"column":326}},"type":"if","locations":[{"start":{"line":3,"column":75},"end":{"line":3,"column":326}},{"start":{"line":3,"column":75},"end":{"line":3,"column":326}}],"line":3},"1":{"loc":{"start":{"line":3,"column":163},"end":{"line":3,"column":292}},"type":"if","locations":[{"start":{"line":3,"column":163},"end":{"line":3,"column":292}},{"start":{"line":3,"column":163},"end":{"line":3,"column":292}}],"line":3},"2":{"loc":{"start":{"line":5,"column":91},"end":{"line":5,"column":131}},"type":"cond-expr","locations":[{"start":{"line":5,"column":114},"end":{"line":5,"column":126}},{"start":{"line":5,"column":129},"end":{"line":5,"column":131}}],"line":5},"3":{"loc":{"start":{"line":5,"column":133},"end":{"line":5,"column":499}},"type":"if","locations":[{"start":{"line":5,"column":133},"end":{"line":5,"column":499}},{"start":{"line":5,"column":133},"end":{"line":5,"column":499}}],"line":5},"4":{"loc":{"start":{"line":5,"column":247},"end":{"line":5,"column":499}},"type":"if","locations":[{"start":{"line":5,"column":247},"end":{"line":5,"column":499}},{"start":{"line":5,"column":247},"end":{"line":5,"column":499}}],"line":5},"5":{"loc":{"start":{"line":7,"column":44},"end":{"line":7,"column":195}},"type":"if","locations":[{"start":{"line":7,"column":44},"end":{"line":7,"column":195}},{"start":{"line":7,"column":44},"end":{"line":7,"column":195}}],"line":7},"6":{"loc":{"start":{"line":12,"column":0},"end":{"line":14,"column":3}},"type":"if","locations":[{"start":{"line":12,"column":0},"end":{"line":14,"column":3}},{"start":{"line":12,"column":0},"end":{"line":14,"column":3}}],"line":12}},"s":{"0":1,"1":1,"2":1,"3":1,"4":1,"5":0,"6":1,"7":1,"8":1,"9":1,"10":2,"11":2,"12":1,"13":0,"14":1,"15":1,"16":0,"17":0,"18":1,"19":0,"20":0,"21":0,"22":0,"23":1,"24":1,"25":1,"26":1},"f":{"0":1,"1":0,"2":1,"3":0,"4":0,"5":0},"b":{"0":[1,0],"1":[1,0],"2":[2,0],"3":[1,1],"4":[1,0],"5":[0,0],"6":[0,1]},"_coverageSchema":"43e27e138ebf9cfc5966b082cf9a028302ed4184","hash":"236167b571160474ec7a65ae4aa64aa1764be22c","contentHash":"9c480b7353717d9e31048beeece474790a361c47dfe22b701fcda6acc0c0d460"},"D:\\git\\memeLand-bed\\api\\index.js":{"path":"D:\\git\\memeLand-bed\\api\\index.js","statementMap":{"0":{"start":{"line":3,"column":13},"end":{"line":3,"column":40}},"1":{"start":{"line":5,"column":18},"end":{"line":5,"column":36}},"2":{"start":{"line":7,"column":18},"end":{"line":7,"column":36}},"3":{"start":{"line":9,"column":22},"end":{"line":9,"column":44}},"4":{"start":{"line":11,"column":24},"end":{"line":11,"column":48}},"5":{"start":{"line":13,"column":21},"end":{"line":13,"column":42}},"6":{"start":{"line":15,"column":15},"end":{"line":15,"column":54}},"7":{"start":{"line":16,"column":22},"end":{"line":16,"column":46}},"8":{"start":{"line":18,"column":0},"end":{"line":18,"column":34}},"9":{"start":{"line":19,"column":0},"end":{"line":19,"column":34}},"10":{"start":{"line":20,"column":0},"end":{"line":20,"column":42}},"11":{"start":{"line":21,"column":0},"end":{"line":21,"column":46}},"12":{"start":{"line":22,"column":0},"end":{"line":22,"column":40}},"13":{"start":{"line":23,"column":0},"end":{"line":23,"column":28}},"14":{"start":{"line":24,"column":0},"end":{"line":24,"column":24}}},"fnMap":{},"branchMap":{},"s":{"0":1,"1":1,"2":1,"3":1,"4":1,"5":1,"6":1,"7":1,"8":1,"9":1,"10":1,"11":1,"12":1,"13":1,"14":1},"f":{},"b":{},"_coverageSchema":"43e27e138ebf9cfc5966b082cf9a028302ed4184","hash":"51a07c4222b6843e13a898af8c4fd49156ef0ec0","contentHash":"a9cad8c61c242f7f89ce54b5047c7d1cadab5b3d31efaa04fd17bbeebb8f27f4"},"D:\\git\\memeLand-bed\\api\\memes\\index.js":{"path":"D:\\git\\memeLand-bed\\api\\memes\\index.js","statementMap":{"0":{"start":{"line":3,"column":13},"end":{"line":3,"column":40}},"1":{"start":{"line":5,"column":12},"end":{"line":5,"column":41}},"2":{"start":{"line":7,"column":17},"end":{"line":7,"column":39}},"3":{"start":{"line":9,"column":13},"end":{"line":9,"column":30}},"4":{"start":{"line":11,"column":14},"end":{"line":11,"column":32}},"5":{"start":{"line":13,"column":10},"end":{"line":13,"column":19}},"6":{"start":{"line":15,"column":0},"end":{"line":15,"column":27}},"7":{"start":{"line":16,"column":0},"end":{"line":18,"column":4}},"8":{"start":{"line":20,"column":13},"end":{"line":22,"column":2}},"9":{"start":{"line":24,"column":0},"end":{"line":30,"column":3}},"10":{"start":{"line":25,"column":2},"end":{"line":29,"column":5}},"11":{"start":{"line":26,"column":4},"end":{"line":26,"column":38}},"12":{"start":{"line":28,"column":4},"end":{"line":28,"column":16}},"13":{"start":{"line":32,"column":0},"end":{"line":38,"column":3}},"14":{"start":{"line":33,"column":2},"end":{"line":37,"column":5}},"15":{"start":{"line":34,"column":4},"end":{"line":34,"column":20}},"16":{"start":{"line":36,"column":4},"end":{"line":36,"column":14}},"17":{"start":{"line":40,"column":0},"end":{"line":52,"column":3}},"18":{"start":{"line":41,"column":13},"end":{"line":41,"column":20}},"19":{"start":{"line":42,"column":13},"end":{"line":42,"column":26}},"20":{"start":{"line":43,"column":15},"end":{"line":43,"column":30}},"21":{"start":{"line":44,"column":18},"end":{"line":44,"column":36}},"22":{"start":{"line":45,"column":15},"end":{"line":45,"column":49}},"23":{"start":{"line":46,"column":16},"end":{"line":46,"column":91}},"24":{"start":{"line":47,"column":2},"end":{"line":51,"column":5}},"25":{"start":{"line":48,"column":4},"end":{"line":48,"column":76}},"26":{"start":{"line":50,"column":4},"end":{"line":50,"column":14}},"27":{"start":{"line":54,"column":0},"end":{"line":60,"column":3}},"28":{"start":{"line":55,"column":2},"end":{"line":59,"column":5}},"29":{"start":{"line":56,"column":4},"end":{"line":56,"column":67}},"30":{"start":{"line":58,"column":4},"end":{"line":58,"column":14}},"31":{"start":{"line":62,"column":0},"end":{"line":72,"column":3}},"32":{"start":{"line":63,"column":11},"end":{"line":63,"column":24}},"33":{"start":{"line":64,"column":15},"end":{"line":64,"column":30}},"34":{"start":{"line":65,"column":13},"end":{"line":65,"column":26}},"35":{"start":{"line":66,"column":18},"end":{"line":66,"column":36}},"36":{"start":{"line":67,"column":2},"end":{"line":71,"column":5}},"37":{"start":{"line":68,"column":4},"end":{"line":68,"column":141}},"38":{"start":{"line":70,"column":4},"end":{"line":70,"column":14}},"39":{"start":{"line":74,"column":0},"end":{"line":82,"column":3}},"40":{"start":{"line":75,"column":15},"end":{"line":75,"column":30}},"41":{"start":{"line":76,"column":15},"end":{"line":76,"column":30}},"42":{"start":{"line":77,"column":2},"end":{"line":81,"column":5}},"43":{"start":{"line":78,"column":4},"end":{"line":78,"column":74}},"44":{"start":{"line":80,"column":4},"end":{"line":80,"column":14}},"45":{"start":{"line":83,"column":0},"end":{"line":83,"column":24}}},"fnMap":{"0":{"name":"(anonymous_0)","decl":{"start":{"line":24,"column":19},"end":{"line":24,"column":20}},"loc":{"start":{"line":24,"column":45},"end":{"line":30,"column":1}},"line":24},"1":{"name":"(anonymous_1)","decl":{"start":{"line":25,"column":40},"end":{"line":25,"column":41}},"loc":{"start":{"line":25,"column":56},"end":{"line":27,"column":3}},"line":25},"2":{"name":"(anonymous_2)","decl":{"start":{"line":27,"column":14},"end":{"line":27,"column":15}},"loc":{"start":{"line":27,"column":31},"end":{"line":29,"column":3}},"line":27},"3":{"name":"(anonymous_3)","decl":{"start":{"line":32,"column":16},"end":{"line":32,"column":17}},"loc":{"start":{"line":32,"column":42},"end":{"line":38,"column":1}},"line":32},"4":{"name":"(anonymous_4)","decl":{"start":{"line":33,"column":34},"end":{"line":33,"column":35}},"loc":{"start":{"line":33,"column":51},"end":{"line":35,"column":3}},"line":33},"5":{"name":"(anonymous_5)","decl":{"start":{"line":35,"column":14},"end":{"line":35,"column":15}},"loc":{"start":{"line":35,"column":29},"end":{"line":37,"column":3}},"line":35},"6":{"name":"(anonymous_6)","decl":{"start":{"line":40,"column":42},"end":{"line":40,"column":43}},"loc":{"start":{"line":40,"column":68},"end":{"line":52,"column":1}},"line":40},"7":{"name":"(anonymous_7)","decl":{"start":{"line":47,"column":22},"end":{"line":47,"column":23}},"loc":{"start":{"line":47,"column":34},"end":{"line":49,"column":3}},"line":47},"8":{"name":"(anonymous_8)","decl":{"start":{"line":49,"column":14},"end":{"line":49,"column":15}},"loc":{"start":{"line":49,"column":29},"end":{"line":51,"column":3}},"line":49},"9":{"name":"(anonymous_9)","decl":{"start":{"line":54,"column":25},"end":{"line":54,"column":26}},"loc":{"start":{"line":54,"column":51},"end":{"line":60,"column":1}},"line":54},"10":{"name":"(anonymous_10)","decl":{"start":{"line":55,"column":43},"end":{"line":55,"column":44}},"loc":{"start":{"line":55,"column":55},"end":{"line":57,"column":3}},"line":55},"11":{"name":"(anonymous_11)","decl":{"start":{"line":57,"column":14},"end":{"line":57,"column":15}},"loc":{"start":{"line":57,"column":29},"end":{"line":59,"column":3}},"line":57},"12":{"name":"(anonymous_12)","decl":{"start":{"line":62,"column":19},"end":{"line":62,"column":20}},"loc":{"start":{"line":62,"column":45},"end":{"line":72,"column":1}},"line":62},"13":{"name":"(anonymous_13)","decl":{"start":{"line":67,"column":57},"end":{"line":67,"column":58}},"loc":{"start":{"line":67,"column":69},"end":{"line":69,"column":3}},"line":67},"14":{"name":"(anonymous_14)","decl":{"start":{"line":69,"column":14},"end":{"line":69,"column":15}},"loc":{"start":{"line":69,"column":29},"end":{"line":71,"column":3}},"line":69},"15":{"name":"(anonymous_15)","decl":{"start":{"line":74,"column":24},"end":{"line":74,"column":25}},"loc":{"start":{"line":74,"column":50},"end":{"line":82,"column":1}},"line":74},"16":{"name":"(anonymous_16)","decl":{"start":{"line":77,"column":41},"end":{"line":77,"column":42}},"loc":{"start":{"line":77,"column":53},"end":{"line":79,"column":3}},"line":77},"17":{"name":"(anonymous_17)","decl":{"start":{"line":79,"column":14},"end":{"line":79,"column":15}},"loc":{"start":{"line":79,"column":29},"end":{"line":81,"column":3}},"line":79}},"branchMap":{},"s":{"0":1,"1":1,"2":1,"3":1,"4":1,"5":1,"6":1,"7":1,"8":1,"9":1,"10":0,"11":0,"12":0,"13":1,"14":1,"15":1,"16":0,"17":1,"18":0,"19":0,"20":0,"21":0,"22":0,"23":0,"24":0,"25":0,"26":0,"27":1,"28":0,"29":0,"30":0,"31":1,"32":0,"33":0,"34":0,"35":0,"36":0,"37":0,"38":0,"39":1,"40":0,"41":0,"42":0,"43":0,"44":0,"45":1},"f":{"0":0,"1":0,"2":0,"3":1,"4":1,"5":0,"6":0,"7":0,"8":0,"9":0,"10":0,"11":0,"12":0,"13":0,"14":0,"15":0,"16":0,"17":0},"b":{},"_coverageSchema":"43e27e138ebf9cfc5966b082cf9a028302ed4184","hash":"436d406eca38600933c51d21f1714bd292040025","contentHash":"9f3d7df24d08b802ed59389c2c7f3db32a8c127989b39c4ec5e9935f6df887b1"},"D:\\git\\memeLand-bed\\models\\memes.js":{"path":"D:\\git\\memeLand-bed\\models\\memes.js","statementMap":{"0":{"start":{"line":3,"column":50},"end":{"line":3,"column":151}},"1":{"start":{"line":3,"column":92},"end":{"line":3,"column":149}},"2":{"start":{"line":5,"column":44},"end":{"line":5,"column":315}},"3":{"start":{"line":5,"column":57},"end":{"line":5,"column":58}},"4":{"start":{"line":5,"column":102},"end":{"line":5,"column":110}},"5":{"start":{"line":5,"column":112},"end":{"line":5,"column":167}},"6":{"start":{"line":5,"column":168},"end":{"line":5,"column":199}},"7":{"start":{"line":5,"column":200},"end":{"line":5,"column":254}},"8":{"start":{"line":5,"column":227},"end":{"line":5,"column":254}},"9":{"start":{"line":5,"column":255},"end":{"line":5,"column":313}},"10":{"start":{"line":7,"column":62},"end":{"line":7,"column":131}},"11":{"start":{"line":7,"column":78},"end":{"line":7,"column":131}},"12":{"start":{"line":7,"column":132},"end":{"line":7,"column":193}},"13":{"start":{"line":7,"column":149},"end":{"line":7,"column":193}},"14":{"start":{"line":7,"column":194},"end":{"line":7,"column":213}},"15":{"start":{"line":9,"column":9},"end":{"line":9,"column":45}},"16":{"start":{"line":11,"column":16},"end":{"line":11,"column":37}},"17":{"start":{"line":12,"column":18},"end":{"line":12,"column":56}},"18":{"start":{"line":13,"column":17},"end":{"line":13,"column":81}},"19":{"start":{"line":14,"column":18},"end":{"line":14,"column":54}},"20":{"start":{"line":15,"column":18},"end":{"line":15,"column":89}},"21":{"start":{"line":16,"column":19},"end":{"line":16,"column":95}},"22":{"start":{"line":20,"column":0},"end":{"line":152,"column":3}},"23":{"start":{"line":22,"column":4},"end":{"line":22,"column":33}},"24":{"start":{"line":24,"column":4},"end":{"line":24,"column":25}},"25":{"start":{"line":25,"column":4},"end":{"line":25,"column":27}},"26":{"start":{"line":26,"column":4},"end":{"line":26,"column":25}},"27":{"start":{"line":27,"column":4},"end":{"line":27,"column":21}},"28":{"start":{"line":28,"column":4},"end":{"line":28,"column":21}},"29":{"start":{"line":29,"column":4},"end":{"line":29,"column":31}},"30":{"start":{"line":30,"column":4},"end":{"line":30,"column":23}},"31":{"start":{"line":31,"column":4},"end":{"line":31,"column":33}},"32":{"start":{"line":32,"column":4},"end":{"line":32,"column":23}},"33":{"start":{"line":33,"column":4},"end":{"line":33,"column":27}},"34":{"start":{"line":36,"column":2},"end":{"line":149,"column":6}},"35":{"start":{"line":39,"column":20},"end":{"line":39,"column":32}},"36":{"start":{"line":40,"column":19},"end":{"line":40,"column":30}},"37":{"start":{"line":41,"column":17},"end":{"line":41,"column":26}},"38":{"start":{"line":42,"column":17},"end":{"line":42,"column":26}},"39":{"start":{"line":43,"column":22},"end":{"line":43,"column":36}},"40":{"start":{"line":44,"column":6},"end":{"line":52,"column":9}},"41":{"start":{"line":45,"column":8},"end":{"line":51,"column":11}},"42":{"start":{"line":46,"column":10},"end":{"line":50,"column":11}},"43":{"start":{"line":47,"column":12},"end":{"line":47,"column":24}},"44":{"start":{"line":49,"column":12},"end":{"line":49,"column":22}},"45":{"start":{"line":57,"column":6},"end":{"line":65,"column":9}},"46":{"start":{"line":58,"column":8},"end":{"line":64,"column":11}},"47":{"start":{"line":59,"column":10},"end":{"line":63,"column":11}},"48":{"start":{"line":60,"column":12},"end":{"line":60,"column":24}},"49":{"start":{"line":62,"column":12},"end":{"line":62,"column":26}},"50":{"start":{"line":70,"column":6},"end":{"line":82,"column":9}},"51":{"start":{"line":71,"column":8},"end":{"line":81,"column":11}},"52":{"start":{"line":72,"column":10},"end":{"line":80,"column":11}},"53":{"start":{"line":73,"column":12},"end":{"line":73,"column":26}},"54":{"start":{"line":74,"column":17},"end":{"line":80,"column":11}},"55":{"start":{"line":75,"column":12},"end":{"line":75,"column":37}},"56":{"start":{"line":77,"column":23},"end":{"line":77,"column":32}},"57":{"start":{"line":78,"column":31},"end":{"line":78,"column":173}},"58":{"start":{"line":79,"column":12},"end":{"line":79,"column":34}},"59":{"start":{"line":87,"column":6},"end":{"line":108,"column":9}},"60":{"start":{"line":88,"column":8},"end":{"line":107,"column":11}},"61":{"start":{"line":89,"column":10},"end":{"line":106,"column":11}},"62":{"start":{"line":90,"column":12},"end":{"line":90,"column":24}},"63":{"start":{"line":92,"column":24},"end":{"line":104,"column":14}},"64":{"start":{"line":93,"column":27},"end":{"line":93,"column":40}},"65":{"start":{"line":94,"column":28},"end":{"line":94,"column":42}},"66":{"start":{"line":95,"column":27},"end":{"line":95,"column":40}},"67":{"start":{"line":96,"column":25},"end":{"line":96,"column":36}},"68":{"start":{"line":97,"column":25},"end":{"line":97,"column":36}},"69":{"start":{"line":98,"column":30},"end":{"line":98,"column":46}},"70":{"start":{"line":99,"column":26},"end":{"line":99,"column":38}},"71":{"start":{"line":100,"column":31},"end":{"line":100,"column":48}},"72":{"start":{"line":101,"column":26},"end":{"line":101,"column":38}},"73":{"start":{"line":102,"column":28},"end":{"line":102,"column":42}},"74":{"start":{"line":103,"column":14},"end":{"line":103,"column":114}},"75":{"start":{"line":105,"column":12},"end":{"line":105,"column":27}},"76":{"start":{"line":113,"column":6},"end":{"line":129,"column":9}},"77":{"start":{"line":114,"column":8},"end":{"line":128,"column":11}},"78":{"start":{"line":115,"column":10},"end":{"line":127,"column":11}},"79":{"start":{"line":116,"column":12},"end":{"line":116,"column":26}},"80":{"start":{"line":117,"column":17},"end":{"line":127,"column":11}},"81":{"start":{"line":118,"column":12},"end":{"line":118,"column":37}},"82":{"start":{"line":120,"column":12},"end":{"line":126,"column":15}},"83":{"start":{"line":121,"column":14},"end":{"line":125,"column":15}},"84":{"start":{"line":122,"column":16},"end":{"line":122,"column":28}},"85":{"start":{"line":124,"column":16},"end":{"line":124,"column":26}},"86":{"start":{"line":134,"column":6},"end":{"line":142,"column":9}},"87":{"start":{"line":135,"column":8},"end":{"line":141,"column":11}},"88":{"start":{"line":136,"column":10},"end":{"line":140,"column":11}},"89":{"start":{"line":137,"column":12},"end":{"line":137,"column":24}},"90":{"start":{"line":139,"column":12},"end":{"line":139,"column":22}},"91":{"start":{"line":147,"column":6},"end":{"line":147,"column":36}},"92":{"start":{"line":151,"column":2},"end":{"line":151,"column":15}},"93":{"start":{"line":154,"column":0},"end":{"line":154,"column":23}}},"fnMap":{"0":{"name":"_classCallCheck","decl":{"start":{"line":3,"column":9},"end":{"line":3,"column":24}},"loc":{"start":{"line":3,"column":48},"end":{"line":3,"column":153}},"line":3},"1":{"name":"_defineProperties","decl":{"start":{"line":5,"column":9},"end":{"line":5,"column":26}},"loc":{"start":{"line":5,"column":42},"end":{"line":5,"column":317}},"line":5},"2":{"name":"_createClass","decl":{"start":{"line":7,"column":9},"end":{"line":7,"column":21}},"loc":{"start":{"line":7,"column":60},"end":{"line":7,"column":215}},"line":7},"3":{"name":"(anonymous_3)","decl":{"start":{"line":20,"column":0},"end":{"line":20,"column":1}},"loc":{"start":{"line":20,"column":12},"end":{"line":152,"column":1}},"line":20},"4":{"name":"Memes","decl":{"start":{"line":21,"column":11},"end":{"line":21,"column":16}},"loc":{"start":{"line":21,"column":100},"end":{"line":34,"column":3}},"line":21},"5":{"name":"save","decl":{"start":{"line":38,"column":20},"end":{"line":38,"column":24}},"loc":{"start":{"line":38,"column":27},"end":{"line":53,"column":5}},"line":38},"6":{"name":"(anonymous_6)","decl":{"start":{"line":44,"column":25},"end":{"line":44,"column":26}},"loc":{"start":{"line":44,"column":52},"end":{"line":52,"column":7}},"line":44},"7":{"name":"(anonymous_7)","decl":{"start":{"line":45,"column":71},"end":{"line":45,"column":72}},"loc":{"start":{"line":45,"column":100},"end":{"line":51,"column":9}},"line":45},"8":{"name":"puntuarMeme","decl":{"start":{"line":56,"column":20},"end":{"line":56,"column":31}},"loc":{"start":{"line":56,"column":49},"end":{"line":66,"column":5}},"line":56},"9":{"name":"(anonymous_9)","decl":{"start":{"line":57,"column":25},"end":{"line":57,"column":26}},"loc":{"start":{"line":57,"column":52},"end":{"line":65,"column":7}},"line":57},"10":{"name":"(anonymous_10)","decl":{"start":{"line":58,"column":50},"end":{"line":58,"column":51}},"loc":{"start":{"line":58,"column":73},"end":{"line":64,"column":9}},"line":58},"11":{"name":"getMemeById","decl":{"start":{"line":69,"column":20},"end":{"line":69,"column":31}},"loc":{"start":{"line":69,"column":36},"end":{"line":83,"column":5}},"line":69},"12":{"name":"(anonymous_12)","decl":{"start":{"line":70,"column":25},"end":{"line":70,"column":26}},"loc":{"start":{"line":70,"column":52},"end":{"line":82,"column":7}},"line":70},"13":{"name":"(anonymous_13)","decl":{"start":{"line":71,"column":36},"end":{"line":71,"column":37}},"loc":{"start":{"line":71,"column":61},"end":{"line":81,"column":9}},"line":71},"14":{"name":"getAllMemes","decl":{"start":{"line":86,"column":20},"end":{"line":86,"column":31}},"loc":{"start":{"line":86,"column":34},"end":{"line":109,"column":5}},"line":86},"15":{"name":"(anonymous_15)","decl":{"start":{"line":87,"column":25},"end":{"line":87,"column":26}},"loc":{"start":{"line":87,"column":52},"end":{"line":108,"column":7}},"line":87},"16":{"name":"(anonymous_16)","decl":{"start":{"line":88,"column":28},"end":{"line":88,"column":29}},"loc":{"start":{"line":88,"column":52},"end":{"line":107,"column":9}},"line":88},"17":{"name":"(anonymous_17)","decl":{"start":{"line":92,"column":36},"end":{"line":92,"column":37}},"loc":{"start":{"line":92,"column":54},"end":{"line":104,"column":13}},"line":92},"18":{"name":"deleteMemeById","decl":{"start":{"line":112,"column":20},"end":{"line":112,"column":34}},"loc":{"start":{"line":112,"column":39},"end":{"line":130,"column":5}},"line":112},"19":{"name":"(anonymous_19)","decl":{"start":{"line":113,"column":25},"end":{"line":113,"column":26}},"loc":{"start":{"line":113,"column":52},"end":{"line":129,"column":7}},"line":113},"20":{"name":"(anonymous_20)","decl":{"start":{"line":114,"column":36},"end":{"line":114,"column":37}},"loc":{"start":{"line":114,"column":61},"end":{"line":128,"column":9}},"line":114},"21":{"name":"(anonymous_21)","decl":{"start":{"line":120,"column":40},"end":{"line":120,"column":41}},"loc":{"start":{"line":120,"column":63},"end":{"line":126,"column":13}},"line":120},"22":{"name":"modifyMemeById","decl":{"start":{"line":133,"column":20},"end":{"line":133,"column":34}},"loc":{"start":{"line":133,"column":64},"end":{"line":143,"column":5}},"line":133},"23":{"name":"(anonymous_23)","decl":{"start":{"line":134,"column":25},"end":{"line":134,"column":26}},"loc":{"start":{"line":134,"column":52},"end":{"line":142,"column":7}},"line":134},"24":{"name":"(anonymous_24)","decl":{"start":{"line":135,"column":61},"end":{"line":135,"column":62}},"loc":{"start":{"line":135,"column":84},"end":{"line":141,"column":9}},"line":135},"25":{"name":"convertJSON","decl":{"start":{"line":146,"column":20},"end":{"line":146,"column":31}},"loc":{"start":{"line":146,"column":40},"end":{"line":148,"column":5}},"line":146}},"branchMap":{"0":{"loc":{"start":{"line":3,"column":50},"end":{"line":3,"column":151}},"type":"if","locations":[{"start":{"line":3,"column":50},"end":{"line":3,"column":151}},{"start":{"line":3,"column":50},"end":{"line":3,"column":151}}],"line":3},"1":{"loc":{"start":{"line":5,"column":136},"end":{"line":5,"column":166}},"type":"binary-expr","locations":[{"start":{"line":5,"column":136},"end":{"line":5,"column":157}},{"start":{"line":5,"column":161},"end":{"line":5,"column":166}}],"line":5},"2":{"loc":{"start":{"line":5,"column":200},"end":{"line":5,"column":254}},"type":"if","locations":[{"start":{"line":5,"column":200},"end":{"line":5,"column":254}},{"start":{"line":5,"column":200},"end":{"line":5,"column":254}}],"line":5},"3":{"loc":{"start":{"line":7,"column":62},"end":{"line":7,"column":131}},"type":"if","locations":[{"start":{"line":7,"column":62},"end":{"line":7,"column":131}},{"start":{"line":7,"column":62},"end":{"line":7,"column":131}}],"line":7},"4":{"loc":{"start":{"line":7,"column":132},"end":{"line":7,"column":193}},"type":"if","locations":[{"start":{"line":7,"column":132},"end":{"line":7,"column":193}},{"start":{"line":7,"column":132},"end":{"line":7,"column":193}}],"line":7},"5":{"loc":{"start":{"line":46,"column":10},"end":{"line":50,"column":11}},"type":"if","locations":[{"start":{"line":46,"column":10},"end":{"line":50,"column":11}},{"start":{"line":46,"column":10},"end":{"line":50,"column":11}}],"line":46},"6":{"loc":{"start":{"line":59,"column":10},"end":{"line":63,"column":11}},"type":"if","locations":[{"start":{"line":59,"column":10},"end":{"line":63,"column":11}},{"start":{"line":59,"column":10},"end":{"line":63,"column":11}}],"line":59},"7":{"loc":{"start":{"line":72,"column":10},"end":{"line":80,"column":11}},"type":"if","locations":[{"start":{"line":72,"column":10},"end":{"line":80,"column":11}},{"start":{"line":72,"column":10},"end":{"line":80,"column":11}}],"line":72},"8":{"loc":{"start":{"line":74,"column":17},"end":{"line":80,"column":11}},"type":"if","locations":[{"start":{"line":74,"column":17},"end":{"line":80,"column":11}},{"start":{"line":74,"column":17},"end":{"line":80,"column":11}}],"line":74},"9":{"loc":{"start":{"line":89,"column":10},"end":{"line":106,"column":11}},"type":"if","locations":[{"start":{"line":89,"column":10},"end":{"line":106,"column":11}},{"start":{"line":89,"column":10},"end":{"line":106,"column":11}}],"line":89},"10":{"loc":{"start":{"line":115,"column":10},"end":{"line":127,"column":11}},"type":"if","locations":[{"start":{"line":115,"column":10},"end":{"line":127,"column":11}},{"start":{"line":115,"column":10},"end":{"line":127,"column":11}}],"line":115},"11":{"loc":{"start":{"line":117,"column":17},"end":{"line":127,"column":11}},"type":"if","locations":[{"start":{"line":117,"column":17},"end":{"line":127,"column":11}},{"start":{"line":117,"column":17},"end":{"line":127,"column":11}}],"line":117},"12":{"loc":{"start":{"line":121,"column":14},"end":{"line":125,"column":15}},"type":"if","locations":[{"start":{"line":121,"column":14},"end":{"line":125,"column":15}},{"start":{"line":121,"column":14},"end":{"line":125,"column":15}}],"line":121},"13":{"loc":{"start":{"line":136,"column":10},"end":{"line":140,"column":11}},"type":"if","locations":[{"start":{"line":136,"column":10},"end":{"line":140,"column":11}},{"start":{"line":136,"column":10},"end":{"line":140,"column":11}}],"line":136}},"s":{"0":1,"1":0,"2":2,"3":2,"4":7,"5":7,"6":7,"7":7,"8":7,"9":7,"10":1,"11":1,"12":1,"13":1,"14":1,"15":1,"16":1,"17":1,"18":1,"19":1,"20":1,"21":1,"22":1,"23":1,"24":1,"25":1,"26":1,"27":1,"28":1,"29":1,"30":1,"31":1,"32":1,"33":1,"34":1,"35":0,"36":0,"37":0,"38":0,"39":0,"40":0,"41":0,"42":0,"43":0,"44":0,"45":0,"46":0,"47":0,"48":0,"49":0,"50":0,"51":0,"52":0,"53":0,"54":0,"55":0,"56":0,"57":0,"58":0,"59":0,"60":0,"61":0,"62":0,"63":0,"64":0,"65":0,"66":0,"67":0,"68":0,"69":0,"70":0,"71":0,"72":0,"73":0,"74":0,"75":0,"76":0,"77":0,"78":0,"79":0,"80":0,"81":0,"82":0,"83":0,"84":0,"85":0,"86":0,"87":0,"88":0,"89":0,"90":0,"91":0,"92":1,"93":1},"f":{"0":1,"1":2,"2":1,"3":1,"4":1,"5":0,"6":0,"7":0,"8":0,"9":0,"10":0,"11":0,"12":0,"13":0,"14":0,"15":0,"16":0,"17":0,"18":0,"19":0,"20":0,"21":0,"22":0,"23":0,"24":0,"25":0},"b":{"0":[0,1],"1":[7,7],"2":[7,0],"3":[1,0],"4":[1,0],"5":[0,0],"6":[0,0],"7":[0,0],"8":[0,0],"9":[0,0],"10":[0,0],"11":[0,0],"12":[0,0],"13":[0,0]},"_coverageSchema":"43e27e138ebf9cfc5966b082cf9a028302ed4184","hash":"f5597cf39f5eced6bd7a3759f08d8553e8e50a34","contentHash":"40bbe64fa720d6965d160e0c5b26dc8b303aa03b729c9f5138b98392d3a88e67"},"D:\\git\\memeLand-bed\\services\\db-connection.js":{"path":"D:\\git\\memeLand-bed\\services\\db-connection.js","statementMap":{"0":{"start":{"line":3,"column":12},"end":{"line":3,"column":28}},"1":{"start":{"line":6,"column":17},"end":{"line":11,"column":2}},"2":{"start":{"line":13,"column":0},"end":{"line":19,"column":3}},"3":{"start":{"line":14,"column":2},"end":{"line":18,"column":3}},"4":{"start":{"line":15,"column":4},"end":{"line":15,"column":21}},"5":{"start":{"line":17,"column":4},"end":{"line":17,"column":31}},"6":{"start":{"line":20,"column":0},"end":{"line":20,"column":28}}},"fnMap":{"0":{"name":"(anonymous_0)","decl":{"start":{"line":13,"column":19},"end":{"line":13,"column":20}},"loc":{"start":{"line":13,"column":34},"end":{"line":19,"column":1}},"line":13}},"branchMap":{"0":{"loc":{"start":{"line":14,"column":2},"end":{"line":18,"column":3}},"type":"if","locations":[{"start":{"line":14,"column":2},"end":{"line":18,"column":3}},{"start":{"line":14,"column":2},"end":{"line":18,"column":3}}],"line":14}},"s":{"0":1,"1":1,"2":1,"3":0,"4":0,"5":0,"6":1},"f":{"0":0},"b":{"0":[0,0]},"_coverageSchema":"43e27e138ebf9cfc5966b082cf9a028302ed4184","hash":"8bed09e34c8ee9b9963afcbf9dbbf4c9c6e4bfa5","contentHash":"1e058a638391f0d113144673a6b451d82fe207c2dc6cbeb7d17849bffc1b5bb0"},"D:\\git\\memeLand-bed\\api\\users\\index.js":{"path":"D:\\git\\memeLand-bed\\api\\users\\index.js","statementMap":{"0":{"start":{"line":3,"column":13},"end":{"line":3,"column":40}},"1":{"start":{"line":5,"column":12},"end":{"line":5,"column":41}},"2":{"start":{"line":7,"column":17},"end":{"line":7,"column":39}},"3":{"start":{"line":9,"column":13},"end":{"line":9,"column":30}},"4":{"start":{"line":11,"column":13},"end":{"line":11,"column":30}},"5":{"start":{"line":13,"column":14},"end":{"line":13,"column":32}},"6":{"start":{"line":15,"column":10},"end":{"line":15,"column":19}},"7":{"start":{"line":17,"column":17},"end":{"line":17,"column":19}},"8":{"start":{"line":19,"column":0},"end":{"line":19,"column":27}},"9":{"start":{"line":20,"column":0},"end":{"line":22,"column":4}},"10":{"start":{"line":24,"column":13},"end":{"line":26,"column":2}},"11":{"start":{"line":28,"column":0},"end":{"line":34,"column":3}},"12":{"start":{"line":29,"column":2},"end":{"line":33,"column":5}},"13":{"start":{"line":30,"column":4},"end":{"line":30,"column":38}},"14":{"start":{"line":32,"column":4},"end":{"line":32,"column":16}},"15":{"start":{"line":36,"column":0},"end":{"line":42,"column":3}},"16":{"start":{"line":37,"column":2},"end":{"line":41,"column":5}},"17":{"start":{"line":38,"column":4},"end":{"line":38,"column":20}},"18":{"start":{"line":40,"column":4},"end":{"line":40,"column":16}},"19":{"start":{"line":44,"column":0},"end":{"line":65,"column":3}},"20":{"start":{"line":45,"column":17},"end":{"line":45,"column":34}},"21":{"start":{"line":46,"column":15},"end":{"line":46,"column":30}},"22":{"start":{"line":47,"column":14},"end":{"line":47,"column":28}},"23":{"start":{"line":48,"column":13},"end":{"line":48,"column":26}},"24":{"start":{"line":49,"column":17},"end":{"line":49,"column":34}},"25":{"start":{"line":50,"column":15},"end":{"line":50,"column":19}},"26":{"start":{"line":52,"column":16},"end":{"line":52,"column":32}},"27":{"start":{"line":53,"column":2},"end":{"line":64,"column":5}},"28":{"start":{"line":54,"column":4},"end":{"line":63,"column":5}},"29":{"start":{"line":55,"column":6},"end":{"line":55,"column":16}},"30":{"start":{"line":57,"column":20},"end":{"line":57,"column":99}},"31":{"start":{"line":58,"column":6},"end":{"line":62,"column":9}},"32":{"start":{"line":59,"column":8},"end":{"line":59,"column":90}},"33":{"start":{"line":61,"column":8},"end":{"line":61,"column":20}},"34":{"start":{"line":67,"column":0},"end":{"line":73,"column":3}},"35":{"start":{"line":68,"column":2},"end":{"line":72,"column":5}},"36":{"start":{"line":69,"column":4},"end":{"line":69,"column":70}},"37":{"start":{"line":71,"column":4},"end":{"line":71,"column":14}},"38":{"start":{"line":75,"column":0},"end":{"line":85,"column":3}},"39":{"start":{"line":76,"column":11},"end":{"line":76,"column":24}},"40":{"start":{"line":77,"column":13},"end":{"line":77,"column":26}},"41":{"start":{"line":78,"column":17},"end":{"line":78,"column":34}},"42":{"start":{"line":79,"column":16},"end":{"line":79,"column":32}},"43":{"start":{"line":80,"column":2},"end":{"line":84,"column":5}},"44":{"start":{"line":81,"column":4},"end":{"line":81,"column":146}},"45":{"start":{"line":83,"column":4},"end":{"line":83,"column":14}},"46":{"start":{"line":87,"column":0},"end":{"line":95,"column":3}},"47":{"start":{"line":88,"column":17},"end":{"line":88,"column":34}},"48":{"start":{"line":89,"column":15},"end":{"line":89,"column":30}},"49":{"start":{"line":90,"column":2},"end":{"line":94,"column":5}},"50":{"start":{"line":91,"column":4},"end":{"line":91,"column":76}},"51":{"start":{"line":93,"column":4},"end":{"line":93,"column":14}},"52":{"start":{"line":96,"column":0},"end":{"line":96,"column":24}}},"fnMap":{"0":{"name":"(anonymous_0)","decl":{"start":{"line":28,"column":19},"end":{"line":28,"column":20}},"loc":{"start":{"line":28,"column":45},"end":{"line":34,"column":1}},"line":28},"1":{"name":"(anonymous_1)","decl":{"start":{"line":29,"column":40},"end":{"line":29,"column":41}},"loc":{"start":{"line":29,"column":56},"end":{"line":31,"column":3}},"line":29},"2":{"name":"(anonymous_2)","decl":{"start":{"line":31,"column":14},"end":{"line":31,"column":15}},"loc":{"start":{"line":31,"column":31},"end":{"line":33,"column":3}},"line":31},"3":{"name":"(anonymous_3)","decl":{"start":{"line":36,"column":16},"end":{"line":36,"column":17}},"loc":{"start":{"line":36,"column":42},"end":{"line":42,"column":1}},"line":36},"4":{"name":"(anonymous_4)","decl":{"start":{"line":37,"column":34},"end":{"line":37,"column":35}},"loc":{"start":{"line":37,"column":51},"end":{"line":39,"column":3}},"line":37},"5":{"name":"(anonymous_5)","decl":{"start":{"line":39,"column":14},"end":{"line":39,"column":15}},"loc":{"start":{"line":39,"column":31},"end":{"line":41,"column":3}},"line":39},"6":{"name":"(anonymous_6)","decl":{"start":{"line":44,"column":42},"end":{"line":44,"column":43}},"loc":{"start":{"line":44,"column":68},"end":{"line":65,"column":1}},"line":44},"7":{"name":"(anonymous_7)","decl":{"start":{"line":53,"column":45},"end":{"line":53,"column":46}},"loc":{"start":{"line":53,"column":66},"end":{"line":64,"column":3}},"line":53},"8":{"name":"(anonymous_8)","decl":{"start":{"line":58,"column":26},"end":{"line":58,"column":27}},"loc":{"start":{"line":58,"column":38},"end":{"line":60,"column":7}},"line":58},"9":{"name":"(anonymous_9)","decl":{"start":{"line":60,"column":18},"end":{"line":60,"column":19}},"loc":{"start":{"line":60,"column":35},"end":{"line":62,"column":7}},"line":60},"10":{"name":"(anonymous_10)","decl":{"start":{"line":67,"column":25},"end":{"line":67,"column":26}},"loc":{"start":{"line":67,"column":51},"end":{"line":73,"column":1}},"line":67},"11":{"name":"(anonymous_11)","decl":{"start":{"line":68,"column":43},"end":{"line":68,"column":44}},"loc":{"start":{"line":68,"column":55},"end":{"line":70,"column":3}},"line":68},"12":{"name":"(anonymous_12)","decl":{"start":{"line":70,"column":14},"end":{"line":70,"column":15}},"loc":{"start":{"line":70,"column":29},"end":{"line":72,"column":3}},"line":70},"13":{"name":"(anonymous_13)","decl":{"start":{"line":75,"column":19},"end":{"line":75,"column":20}},"loc":{"start":{"line":75,"column":45},"end":{"line":85,"column":1}},"line":75},"14":{"name":"(anonymous_14)","decl":{"start":{"line":80,"column":57},"end":{"line":80,"column":58}},"loc":{"start":{"line":80,"column":69},"end":{"line":82,"column":3}},"line":80},"15":{"name":"(anonymous_15)","decl":{"start":{"line":82,"column":14},"end":{"line":82,"column":15}},"loc":{"start":{"line":82,"column":29},"end":{"line":84,"column":3}},"line":82},"16":{"name":"(anonymous_16)","decl":{"start":{"line":87,"column":24},"end":{"line":87,"column":25}},"loc":{"start":{"line":87,"column":50},"end":{"line":95,"column":1}},"line":87},"17":{"name":"(anonymous_17)","decl":{"start":{"line":90,"column":43},"end":{"line":90,"column":44}},"loc":{"start":{"line":90,"column":55},"end":{"line":92,"column":3}},"line":90},"18":{"name":"(anonymous_18)","decl":{"start":{"line":92,"column":14},"end":{"line":92,"column":15}},"loc":{"start":{"line":92,"column":29},"end":{"line":94,"column":3}},"line":92}},"branchMap":{"0":{"loc":{"start":{"line":54,"column":4},"end":{"line":63,"column":5}},"type":"if","locations":[{"start":{"line":54,"column":4},"end":{"line":63,"column":5}},{"start":{"line":54,"column":4},"end":{"line":63,"column":5}}],"line":54}},"s":{"0":1,"1":1,"2":1,"3":1,"4":1,"5":1,"6":1,"7":1,"8":1,"9":1,"10":1,"11":1,"12":0,"13":0,"14":0,"15":1,"16":1,"17":1,"18":0,"19":1,"20":0,"21":0,"22":0,"23":0,"24":0,"25":0,"26":0,"27":0,"28":0,"29":0,"30":0,"31":0,"32":0,"33":0,"34":1,"35":0,"36":0,"37":0,"38":1,"39":0,"40":0,"41":0,"42":0,"43":0,"44":0,"45":0,"46":1,"47":0,"48":0,"49":0,"50":0,"51":0,"52":1},"f":{"0":0,"1":0,"2":0,"3":1,"4":1,"5":0,"6":0,"7":0,"8":0,"9":0,"10":0,"11":0,"12":0,"13":0,"14":0,"15":0,"16":0,"17":0,"18":0},"b":{"0":[0,0]},"_coverageSchema":"43e27e138ebf9cfc5966b082cf9a028302ed4184","hash":"cd916c0249c357ef81a03af0a22a0400ab61e60e","contentHash":"6d72103e6ee4ef4cc5c2d1942e21267ae89d6c4fa77415a3bc5b01ae68202425"},"D:\\git\\memeLand-bed\\models\\users.js":{"path":"D:\\git\\memeLand-bed\\models\\users.js","statementMap":{"0":{"start":{"line":3,"column":50},"end":{"line":3,"column":151}},"1":{"start":{"line":3,"column":92},"end":{"line":3,"column":149}},"2":{"start":{"line":5,"column":44},"end":{"line":5,"column":315}},"3":{"start":{"line":5,"column":57},"end":{"line":5,"column":58}},"4":{"start":{"line":5,"column":102},"end":{"line":5,"column":110}},"5":{"start":{"line":5,"column":112},"end":{"line":5,"column":167}},"6":{"start":{"line":5,"column":168},"end":{"line":5,"column":199}},"7":{"start":{"line":5,"column":200},"end":{"line":5,"column":254}},"8":{"start":{"line":5,"column":227},"end":{"line":5,"column":254}},"9":{"start":{"line":5,"column":255},"end":{"line":5,"column":313}},"10":{"start":{"line":7,"column":62},"end":{"line":7,"column":131}},"11":{"start":{"line":7,"column":78},"end":{"line":7,"column":131}},"12":{"start":{"line":7,"column":132},"end":{"line":7,"column":193}},"13":{"start":{"line":7,"column":149},"end":{"line":7,"column":193}},"14":{"start":{"line":7,"column":194},"end":{"line":7,"column":213}},"15":{"start":{"line":9,"column":9},"end":{"line":9,"column":45}},"16":{"start":{"line":11,"column":16},"end":{"line":11,"column":37}},"17":{"start":{"line":12,"column":18},"end":{"line":12,"column":58}},"18":{"start":{"line":13,"column":17},"end":{"line":13,"column":76}},"19":{"start":{"line":14,"column":18},"end":{"line":14,"column":56}},"20":{"start":{"line":15,"column":18},"end":{"line":15,"column":91}},"21":{"start":{"line":16,"column":19},"end":{"line":16,"column":97}},"22":{"start":{"line":20,"column":0},"end":{"line":161,"column":3}},"23":{"start":{"line":22,"column":4},"end":{"line":22,"column":33}},"24":{"start":{"line":24,"column":4},"end":{"line":24,"column":29}},"25":{"start":{"line":25,"column":4},"end":{"line":25,"column":29}},"26":{"start":{"line":26,"column":4},"end":{"line":26,"column":25}},"27":{"start":{"line":27,"column":4},"end":{"line":27,"column":21}},"28":{"start":{"line":28,"column":4},"end":{"line":28,"column":21}},"29":{"start":{"line":29,"column":4},"end":{"line":29,"column":29}},"30":{"start":{"line":30,"column":4},"end":{"line":30,"column":25}},"31":{"start":{"line":31,"column":4},"end":{"line":31,"column":27}},"32":{"start":{"line":32,"column":4},"end":{"line":32,"column":23}},"33":{"start":{"line":33,"column":4},"end":{"line":33,"column":27}},"34":{"start":{"line":34,"column":4},"end":{"line":34,"column":39}},"35":{"start":{"line":37,"column":2},"end":{"line":158,"column":6}},"36":{"start":{"line":40,"column":21},"end":{"line":40,"column":34}},"37":{"start":{"line":41,"column":21},"end":{"line":41,"column":34}},"38":{"start":{"line":42,"column":19},"end":{"line":42,"column":30}},"39":{"start":{"line":43,"column":17},"end":{"line":43,"column":26}},"40":{"start":{"line":44,"column":17},"end":{"line":44,"column":26}},"41":{"start":{"line":45,"column":21},"end":{"line":45,"column":34}},"42":{"start":{"line":46,"column":19},"end":{"line":46,"column":30}},"43":{"start":{"line":47,"column":20},"end":{"line":47,"column":32}},"44":{"start":{"line":48,"column":18},"end":{"line":48,"column":28}},"45":{"start":{"line":49,"column":20},"end":{"line":49,"column":32}},"46":{"start":{"line":50,"column":26},"end":{"line":50,"column":44}},"47":{"start":{"line":51,"column":6},"end":{"line":59,"column":9}},"48":{"start":{"line":52,"column":8},"end":{"line":58,"column":11}},"49":{"start":{"line":53,"column":10},"end":{"line":57,"column":11}},"50":{"start":{"line":54,"column":12},"end":{"line":54,"column":24}},"51":{"start":{"line":56,"column":12},"end":{"line":56,"column":22}},"52":{"start":{"line":64,"column":6},"end":{"line":72,"column":9}},"53":{"start":{"line":65,"column":8},"end":{"line":71,"column":11}},"54":{"start":{"line":66,"column":10},"end":{"line":70,"column":11}},"55":{"start":{"line":67,"column":12},"end":{"line":67,"column":24}},"56":{"start":{"line":69,"column":12},"end":{"line":69,"column":26}},"57":{"start":{"line":77,"column":6},"end":{"line":89,"column":9}},"58":{"start":{"line":78,"column":8},"end":{"line":88,"column":11}},"59":{"start":{"line":79,"column":10},"end":{"line":87,"column":11}},"60":{"start":{"line":80,"column":12},"end":{"line":80,"column":24}},"61":{"start":{"line":81,"column":17},"end":{"line":87,"column":11}},"62":{"start":{"line":82,"column":12},"end":{"line":82,"column":37}},"63":{"start":{"line":84,"column":23},"end":{"line":84,"column":32}},"64":{"start":{"line":85,"column":28},"end":{"line":85,"column":190}},"65":{"start":{"line":86,"column":12},"end":{"line":86,"column":31}},"66":{"start":{"line":94,"column":6},"end":{"line":116,"column":9}},"67":{"start":{"line":95,"column":8},"end":{"line":115,"column":11}},"68":{"start":{"line":96,"column":10},"end":{"line":114,"column":11}},"69":{"start":{"line":97,"column":12},"end":{"line":97,"column":24}},"70":{"start":{"line":99,"column":24},"end":{"line":112,"column":14}},"71":{"start":{"line":100,"column":29},"end":{"line":100,"column":44}},"72":{"start":{"line":101,"column":29},"end":{"line":101,"column":44}},"73":{"start":{"line":102,"column":27},"end":{"line":102,"column":40}},"74":{"start":{"line":103,"column":25},"end":{"line":103,"column":36}},"75":{"start":{"line":104,"column":25},"end":{"line":104,"column":36}},"76":{"start":{"line":105,"column":29},"end":{"line":105,"column":44}},"77":{"start":{"line":106,"column":27},"end":{"line":106,"column":40}},"78":{"start":{"line":107,"column":28},"end":{"line":107,"column":42}},"79":{"start":{"line":108,"column":26},"end":{"line":108,"column":38}},"80":{"start":{"line":109,"column":28},"end":{"line":109,"column":42}},"81":{"start":{"line":110,"column":34},"end":{"line":110,"column":54}},"82":{"start":{"line":111,"column":14},"end":{"line":111,"column":129}},"83":{"start":{"line":113,"column":12},"end":{"line":113,"column":27}},"84":{"start":{"line":121,"column":6},"end":{"line":137,"column":9}},"85":{"start":{"line":122,"column":8},"end":{"line":136,"column":11}},"86":{"start":{"line":123,"column":10},"end":{"line":135,"column":11}},"87":{"start":{"line":124,"column":12},"end":{"line":124,"column":26}},"88":{"start":{"line":125,"column":17},"end":{"line":135,"column":11}},"89":{"start":{"line":126,"column":12},"end":{"line":126,"column":37}},"90":{"start":{"line":128,"column":12},"end":{"line":134,"column":15}},"91":{"start":{"line":129,"column":14},"end":{"line":133,"column":15}},"92":{"start":{"line":130,"column":16},"end":{"line":130,"column":28}},"93":{"start":{"line":132,"column":16},"end":{"line":132,"column":26}},"94":{"start":{"line":142,"column":6},"end":{"line":150,"column":9}},"95":{"start":{"line":143,"column":8},"end":{"line":149,"column":11}},"96":{"start":{"line":144,"column":10},"end":{"line":148,"column":11}},"97":{"start":{"line":145,"column":12},"end":{"line":145,"column":24}},"98":{"start":{"line":147,"column":12},"end":{"line":147,"column":22}},"99":{"start":{"line":155,"column":6},"end":{"line":155,"column":31}},"100":{"start":{"line":156,"column":6},"end":{"line":156,"column":36}},"101":{"start":{"line":160,"column":2},"end":{"line":160,"column":15}},"102":{"start":{"line":163,"column":0},"end":{"line":163,"column":23}}},"fnMap":{"0":{"name":"_classCallCheck","decl":{"start":{"line":3,"column":9},"end":{"line":3,"column":24}},"loc":{"start":{"line":3,"column":48},"end":{"line":3,"column":153}},"line":3},"1":{"name":"_defineProperties","decl":{"start":{"line":5,"column":9},"end":{"line":5,"column":26}},"loc":{"start":{"line":5,"column":42},"end":{"line":5,"column":317}},"line":5},"2":{"name":"_createClass","decl":{"start":{"line":7,"column":9},"end":{"line":7,"column":21}},"loc":{"start":{"line":7,"column":60},"end":{"line":7,"column":215}},"line":7},"3":{"name":"(anonymous_3)","decl":{"start":{"line":20,"column":0},"end":{"line":20,"column":1}},"loc":{"start":{"line":20,"column":12},"end":{"line":161,"column":1}},"line":20},"4":{"name":"Users","decl":{"start":{"line":21,"column":11},"end":{"line":21,"column":16}},"loc":{"start":{"line":21,"column":115},"end":{"line":35,"column":3}},"line":21},"5":{"name":"save","decl":{"start":{"line":39,"column":20},"end":{"line":39,"column":24}},"loc":{"start":{"line":39,"column":27},"end":{"line":60,"column":5}},"line":39},"6":{"name":"(anonymous_6)","decl":{"start":{"line":51,"column":25},"end":{"line":51,"column":26}},"loc":{"start":{"line":51,"column":52},"end":{"line":59,"column":7}},"line":51},"7":{"name":"(anonymous_7)","decl":{"start":{"line":52,"column":129},"end":{"line":52,"column":130}},"loc":{"start":{"line":52,"column":158},"end":{"line":58,"column":9}},"line":52},"8":{"name":"puntuarUser","decl":{"start":{"line":63,"column":20},"end":{"line":63,"column":31}},"loc":{"start":{"line":63,"column":51},"end":{"line":73,"column":5}},"line":63},"9":{"name":"(anonymous_9)","decl":{"start":{"line":64,"column":25},"end":{"line":64,"column":26}},"loc":{"start":{"line":64,"column":52},"end":{"line":72,"column":7}},"line":64},"10":{"name":"(anonymous_10)","decl":{"start":{"line":65,"column":52},"end":{"line":65,"column":53}},"loc":{"start":{"line":65,"column":75},"end":{"line":71,"column":9}},"line":65},"11":{"name":"getUserById","decl":{"start":{"line":76,"column":20},"end":{"line":76,"column":31}},"loc":{"start":{"line":76,"column":36},"end":{"line":90,"column":5}},"line":76},"12":{"name":"(anonymous_12)","decl":{"start":{"line":77,"column":25},"end":{"line":77,"column":26}},"loc":{"start":{"line":77,"column":52},"end":{"line":89,"column":7}},"line":77},"13":{"name":"(anonymous_13)","decl":{"start":{"line":78,"column":36},"end":{"line":78,"column":37}},"loc":{"start":{"line":78,"column":59},"end":{"line":88,"column":9}},"line":78},"14":{"name":"getAllUsers","decl":{"start":{"line":93,"column":20},"end":{"line":93,"column":31}},"loc":{"start":{"line":93,"column":34},"end":{"line":117,"column":5}},"line":93},"15":{"name":"(anonymous_15)","decl":{"start":{"line":94,"column":25},"end":{"line":94,"column":26}},"loc":{"start":{"line":94,"column":52},"end":{"line":116,"column":7}},"line":94},"16":{"name":"(anonymous_16)","decl":{"start":{"line":95,"column":28},"end":{"line":95,"column":29}},"loc":{"start":{"line":95,"column":52},"end":{"line":115,"column":9}},"line":95},"17":{"name":"(anonymous_17)","decl":{"start":{"line":99,"column":36},"end":{"line":99,"column":37}},"loc":{"start":{"line":99,"column":54},"end":{"line":112,"column":13}},"line":99},"18":{"name":"deleteUserById","decl":{"start":{"line":120,"column":20},"end":{"line":120,"column":34}},"loc":{"start":{"line":120,"column":39},"end":{"line":138,"column":5}},"line":120},"19":{"name":"(anonymous_19)","decl":{"start":{"line":121,"column":25},"end":{"line":121,"column":26}},"loc":{"start":{"line":121,"column":52},"end":{"line":137,"column":7}},"line":121},"20":{"name":"(anonymous_20)","decl":{"start":{"line":122,"column":36},"end":{"line":122,"column":37}},"loc":{"start":{"line":122,"column":61},"end":{"line":136,"column":9}},"line":122},"21":{"name":"(anonymous_21)","decl":{"start":{"line":128,"column":40},"end":{"line":128,"column":41}},"loc":{"start":{"line":128,"column":63},"end":{"line":134,"column":13}},"line":128},"22":{"name":"modifyUserById","decl":{"start":{"line":141,"column":20},"end":{"line":141,"column":34}},"loc":{"start":{"line":141,"column":64},"end":{"line":151,"column":5}},"line":141},"23":{"name":"(anonymous_23)","decl":{"start":{"line":142,"column":25},"end":{"line":142,"column":26}},"loc":{"start":{"line":142,"column":52},"end":{"line":150,"column":7}},"line":142},"24":{"name":"(anonymous_24)","decl":{"start":{"line":143,"column":61},"end":{"line":143,"column":62}},"loc":{"start":{"line":143,"column":84},"end":{"line":149,"column":9}},"line":143},"25":{"name":"convertJSON","decl":{"start":{"line":154,"column":20},"end":{"line":154,"column":31}},"loc":{"start":{"line":154,"column":40},"end":{"line":157,"column":5}},"line":154}},"branchMap":{"0":{"loc":{"start":{"line":3,"column":50},"end":{"line":3,"column":151}},"type":"if","locations":[{"start":{"line":3,"column":50},"end":{"line":3,"column":151}},{"start":{"line":3,"column":50},"end":{"line":3,"column":151}}],"line":3},"1":{"loc":{"start":{"line":5,"column":136},"end":{"line":5,"column":166}},"type":"binary-expr","locations":[{"start":{"line":5,"column":136},"end":{"line":5,"column":157}},{"start":{"line":5,"column":161},"end":{"line":5,"column":166}}],"line":5},"2":{"loc":{"start":{"line":5,"column":200},"end":{"line":5,"column":254}},"type":"if","locations":[{"start":{"line":5,"column":200},"end":{"line":5,"column":254}},{"start":{"line":5,"column":200},"end":{"line":5,"column":254}}],"line":5},"3":{"loc":{"start":{"line":7,"column":62},"end":{"line":7,"column":131}},"type":"if","locations":[{"start":{"line":7,"column":62},"end":{"line":7,"column":131}},{"start":{"line":7,"column":62},"end":{"line":7,"column":131}}],"line":7},"4":{"loc":{"start":{"line":7,"column":132},"end":{"line":7,"column":193}},"type":"if","locations":[{"start":{"line":7,"column":132},"end":{"line":7,"column":193}},{"start":{"line":7,"column":132},"end":{"line":7,"column":193}}],"line":7},"5":{"loc":{"start":{"line":53,"column":10},"end":{"line":57,"column":11}},"type":"if","locations":[{"start":{"line":53,"column":10},"end":{"line":57,"column":11}},{"start":{"line":53,"column":10},"end":{"line":57,"column":11}}],"line":53},"6":{"loc":{"start":{"line":66,"column":10},"end":{"line":70,"column":11}},"type":"if","locations":[{"start":{"line":66,"column":10},"end":{"line":70,"column":11}},{"start":{"line":66,"column":10},"end":{"line":70,"column":11}}],"line":66},"7":{"loc":{"start":{"line":79,"column":10},"end":{"line":87,"column":11}},"type":"if","locations":[{"start":{"line":79,"column":10},"end":{"line":87,"column":11}},{"start":{"line":79,"column":10},"end":{"line":87,"column":11}}],"line":79},"8":{"loc":{"start":{"line":81,"column":17},"end":{"line":87,"column":11}},"type":"if","locations":[{"start":{"line":81,"column":17},"end":{"line":87,"column":11}},{"start":{"line":81,"column":17},"end":{"line":87,"column":11}}],"line":81},"9":{"loc":{"start":{"line":96,"column":10},"end":{"line":114,"column":11}},"type":"if","locations":[{"start":{"line":96,"column":10},"end":{"line":114,"column":11}},{"start":{"line":96,"column":10},"end":{"line":114,"column":11}}],"line":96},"10":{"loc":{"start":{"line":123,"column":10},"end":{"line":135,"column":11}},"type":"if","locations":[{"start":{"line":123,"column":10},"end":{"line":135,"column":11}},{"start":{"line":123,"column":10},"end":{"line":135,"column":11}}],"line":123},"11":{"loc":{"start":{"line":125,"column":17},"end":{"line":135,"column":11}},"type":"if","locations":[{"start":{"line":125,"column":17},"end":{"line":135,"column":11}},{"start":{"line":125,"column":17},"end":{"line":135,"column":11}}],"line":125},"12":{"loc":{"start":{"line":129,"column":14},"end":{"line":133,"column":15}},"type":"if","locations":[{"start":{"line":129,"column":14},"end":{"line":133,"column":15}},{"start":{"line":129,"column":14},"end":{"line":133,"column":15}}],"line":129},"13":{"loc":{"start":{"line":144,"column":10},"end":{"line":148,"column":11}},"type":"if","locations":[{"start":{"line":144,"column":10},"end":{"line":148,"column":11}},{"start":{"line":144,"column":10},"end":{"line":148,"column":11}}],"line":144}},"s":{"0":2,"1":0,"2":2,"3":2,"4":7,"5":7,"6":7,"7":7,"8":7,"9":7,"10":1,"11":1,"12":1,"13":1,"14":1,"15":1,"16":1,"17":1,"18":1,"19":1,"20":1,"21":1,"22":1,"23":2,"24":2,"25":2,"26":2,"27":2,"28":2,"29":2,"30":2,"31":2,"32":2,"33":2,"34":2,"35":1,"36":0,"37":0,"38":0,"39":0,"40":0,"41":0,"42":0,"43":0,"44":0,"45":0,"46":0,"47":0,"48":0,"49":0,"50":0,"51":0,"52":0,"53":0,"54":0,"55":0,"56":0,"57":1,"58":1,"59":1,"60":0,"61":1,"62":0,"63":1,"64":1,"65":1,"66":0,"67":0,"68":0,"69":0,"70":0,"71":0,"72":0,"73":0,"74":0,"75":0,"76":0,"77":0,"78":0,"79":0,"80":0,"81":0,"82":0,"83":0,"84":0,"85":0,"86":0,"87":0,"88":0,"89":0,"90":0,"91":0,"92":0,"93":0,"94":0,"95":0,"96":0,"97":0,"98":0,"99":0,"100":0,"101":1,"102":1},"f":{"0":2,"1":2,"2":1,"3":1,"4":2,"5":0,"6":0,"7":0,"8":0,"9":0,"10":0,"11":1,"12":1,"13":1,"14":0,"15":0,"16":0,"17":0,"18":0,"19":0,"20":0,"21":0,"22":0,"23":0,"24":0,"25":0},"b":{"0":[0,2],"1":[7,7],"2":[7,0],"3":[1,0],"4":[1,0],"5":[0,0],"6":[0,0],"7":[0,1],"8":[0,1],"9":[0,0],"10":[0,0],"11":[0,0],"12":[0,0],"13":[0,0]},"_coverageSchema":"43e27e138ebf9cfc5966b082cf9a028302ed4184","hash":"a5a0f29590e0181deab882f0b0c8b3dcb2bfc0a5","contentHash":"0916a9f9cdc44ff5c04d53b889d49be0ae334717288ef61de1840f0683a3c123"},"D:\\git\\memeLand-bed\\api\\favoritos\\index.js":{"path":"D:\\git\\memeLand-bed\\api\\favoritos\\index.js","statementMap":{"0":{"start":{"line":3,"column":13},"end":{"line":3,"column":40}},"1":{"start":{"line":5,"column":16},"end":{"line":5,"column":49}},"2":{"start":{"line":7,"column":17},"end":{"line":7,"column":39}},"3":{"start":{"line":9,"column":14},"end":{"line":9,"column":32}},"4":{"start":{"line":11,"column":10},"end":{"line":11,"column":19}},"5":{"start":{"line":13,"column":0},"end":{"line":13,"column":27}},"6":{"start":{"line":14,"column":0},"end":{"line":16,"column":4}},"7":{"start":{"line":18,"column":0},"end":{"line":24,"column":3}},"8":{"start":{"line":19,"column":2},"end":{"line":23,"column":5}},"9":{"start":{"line":20,"column":4},"end":{"line":20,"column":41}},"10":{"start":{"line":22,"column":4},"end":{"line":22,"column":16}},"11":{"start":{"line":26,"column":0},"end":{"line":32,"column":3}},"12":{"start":{"line":27,"column":2},"end":{"line":31,"column":5}},"13":{"start":{"line":28,"column":4},"end":{"line":28,"column":41}},"14":{"start":{"line":30,"column":4},"end":{"line":30,"column":16}},"15":{"start":{"line":34,"column":0},"end":{"line":41,"column":3}},"16":{"start":{"line":35,"column":15},"end":{"line":35,"column":64}},"17":{"start":{"line":36,"column":2},"end":{"line":40,"column":5}},"18":{"start":{"line":37,"column":4},"end":{"line":37,"column":101}},"19":{"start":{"line":39,"column":4},"end":{"line":39,"column":14}},"20":{"start":{"line":43,"column":0},"end":{"line":49,"column":3}},"21":{"start":{"line":44,"column":2},"end":{"line":48,"column":5}},"22":{"start":{"line":45,"column":4},"end":{"line":45,"column":74}},"23":{"start":{"line":47,"column":4},"end":{"line":47,"column":14}},"24":{"start":{"line":50,"column":0},"end":{"line":50,"column":24}}},"fnMap":{"0":{"name":"(anonymous_0)","decl":{"start":{"line":18,"column":31},"end":{"line":18,"column":32}},"loc":{"start":{"line":18,"column":57},"end":{"line":24,"column":1}},"line":18},"1":{"name":"(anonymous_1)","decl":{"start":{"line":19,"column":60},"end":{"line":19,"column":61}},"loc":{"start":{"line":19,"column":75},"end":{"line":21,"column":3}},"line":19},"2":{"name":"(anonymous_2)","decl":{"start":{"line":21,"column":14},"end":{"line":21,"column":15}},"loc":{"start":{"line":21,"column":31},"end":{"line":23,"column":3}},"line":21},"3":{"name":"(anonymous_3)","decl":{"start":{"line":26,"column":29},"end":{"line":26,"column":30}},"loc":{"start":{"line":26,"column":55},"end":{"line":32,"column":1}},"line":26},"4":{"name":"(anonymous_4)","decl":{"start":{"line":27,"column":58},"end":{"line":27,"column":59}},"loc":{"start":{"line":27,"column":73},"end":{"line":29,"column":3}},"line":27},"5":{"name":"(anonymous_5)","decl":{"start":{"line":29,"column":14},"end":{"line":29,"column":15}},"loc":{"start":{"line":29,"column":31},"end":{"line":31,"column":3}},"line":29},"6":{"name":"(anonymous_6)","decl":{"start":{"line":34,"column":17},"end":{"line":34,"column":18}},"loc":{"start":{"line":34,"column":43},"end":{"line":41,"column":1}},"line":34},"7":{"name":"(anonymous_7)","decl":{"start":{"line":36,"column":21},"end":{"line":36,"column":22}},"loc":{"start":{"line":36,"column":33},"end":{"line":38,"column":3}},"line":36},"8":{"name":"(anonymous_8)","decl":{"start":{"line":38,"column":14},"end":{"line":38,"column":15}},"loc":{"start":{"line":38,"column":29},"end":{"line":40,"column":3}},"line":38},"9":{"name":"(anonymous_9)","decl":{"start":{"line":43,"column":22},"end":{"line":43,"column":23}},"loc":{"start":{"line":43,"column":48},"end":{"line":49,"column":1}},"line":43},"10":{"name":"(anonymous_10)","decl":{"start":{"line":44,"column":72},"end":{"line":44,"column":73}},"loc":{"start":{"line":44,"column":84},"end":{"line":46,"column":3}},"line":44},"11":{"name":"(anonymous_11)","decl":{"start":{"line":46,"column":14},"end":{"line":46,"column":15}},"loc":{"start":{"line":46,"column":29},"end":{"line":48,"column":3}},"line":46}},"branchMap":{},"s":{"0":1,"1":1,"2":1,"3":1,"4":1,"5":1,"6":1,"7":1,"8":0,"9":0,"10":0,"11":1,"12":0,"13":0,"14":0,"15":1,"16":0,"17":0,"18":0,"19":0,"20":1,"21":0,"22":0,"23":0,"24":1},"f":{"0":0,"1":0,"2":0,"3":0,"4":0,"5":0,"6":0,"7":0,"8":0,"9":0,"10":0,"11":0},"b":{},"_coverageSchema":"43e27e138ebf9cfc5966b082cf9a028302ed4184","hash":"3f5e60d661f068d0505234d085cc12fda0ac4207","contentHash":"a322c4b0a6e1cd127ff53cdfd320048783d5256be48cb0bbff6d65ff74ae0162"},"D:\\git\\memeLand-bed\\models\\favoritos.js":{"path":"D:\\git\\memeLand-bed\\models\\favoritos.js","statementMap":{"0":{"start":{"line":3,"column":50},"end":{"line":3,"column":151}},"1":{"start":{"line":3,"column":92},"end":{"line":3,"column":149}},"2":{"start":{"line":5,"column":44},"end":{"line":5,"column":315}},"3":{"start":{"line":5,"column":57},"end":{"line":5,"column":58}},"4":{"start":{"line":5,"column":102},"end":{"line":5,"column":110}},"5":{"start":{"line":5,"column":112},"end":{"line":5,"column":167}},"6":{"start":{"line":5,"column":168},"end":{"line":5,"column":199}},"7":{"start":{"line":5,"column":200},"end":{"line":5,"column":254}},"8":{"start":{"line":5,"column":227},"end":{"line":5,"column":254}},"9":{"start":{"line":5,"column":255},"end":{"line":5,"column":313}},"10":{"start":{"line":7,"column":62},"end":{"line":7,"column":131}},"11":{"start":{"line":7,"column":78},"end":{"line":7,"column":131}},"12":{"start":{"line":7,"column":132},"end":{"line":7,"column":193}},"13":{"start":{"line":7,"column":149},"end":{"line":7,"column":193}},"14":{"start":{"line":7,"column":194},"end":{"line":7,"column":213}},"15":{"start":{"line":9,"column":9},"end":{"line":9,"column":45}},"16":{"start":{"line":11,"column":28},"end":{"line":11,"column":70}},"17":{"start":{"line":12,"column":32},"end":{"line":12,"column":76}},"18":{"start":{"line":13,"column":20},"end":{"line":13,"column":57}},"19":{"start":{"line":14,"column":22},"end":{"line":14,"column":79}},"20":{"start":{"line":18,"column":0},"end":{"line":106,"column":3}},"21":{"start":{"line":20,"column":4},"end":{"line":20,"column":37}},"22":{"start":{"line":22,"column":4},"end":{"line":22,"column":25}},"23":{"start":{"line":23,"column":4},"end":{"line":23,"column":29}},"24":{"start":{"line":27,"column":2},"end":{"line":103,"column":6}},"25":{"start":{"line":31,"column":19},"end":{"line":31,"column":30}},"26":{"start":{"line":32,"column":21},"end":{"line":32,"column":34}},"27":{"start":{"line":33,"column":6},"end":{"line":41,"column":9}},"28":{"start":{"line":34,"column":8},"end":{"line":40,"column":11}},"29":{"start":{"line":35,"column":10},"end":{"line":39,"column":11}},"30":{"start":{"line":36,"column":12},"end":{"line":36,"column":24}},"31":{"start":{"line":38,"column":12},"end":{"line":38,"column":22}},"32":{"start":{"line":46,"column":6},"end":{"line":61,"column":9}},"33":{"start":{"line":47,"column":8},"end":{"line":60,"column":11}},"34":{"start":{"line":48,"column":10},"end":{"line":59,"column":11}},"35":{"start":{"line":49,"column":12},"end":{"line":49,"column":24}},"36":{"start":{"line":50,"column":17},"end":{"line":59,"column":11}},"37":{"start":{"line":51,"column":12},"end":{"line":51,"column":58}},"38":{"start":{"line":53,"column":28},"end":{"line":57,"column":14}},"39":{"start":{"line":54,"column":27},"end":{"line":54,"column":40}},"40":{"start":{"line":55,"column":29},"end":{"line":55,"column":44}},"41":{"start":{"line":56,"column":14},"end":{"line":56,"column":53}},"42":{"start":{"line":58,"column":12},"end":{"line":58,"column":31}},"43":{"start":{"line":67,"column":6},"end":{"line":82,"column":9}},"44":{"start":{"line":68,"column":8},"end":{"line":81,"column":11}},"45":{"start":{"line":69,"column":10},"end":{"line":80,"column":11}},"46":{"start":{"line":70,"column":12},"end":{"line":70,"column":24}},"47":{"start":{"line":71,"column":17},"end":{"line":80,"column":11}},"48":{"start":{"line":72,"column":12},"end":{"line":72,"column":53}},"49":{"start":{"line":74,"column":28},"end":{"line":78,"column":14}},"50":{"start":{"line":75,"column":27},"end":{"line":75,"column":40}},"51":{"start":{"line":76,"column":29},"end":{"line":76,"column":44}},"52":{"start":{"line":77,"column":14},"end":{"line":77,"column":53}},"53":{"start":{"line":79,"column":12},"end":{"line":79,"column":31}},"54":{"start":{"line":88,"column":6},"end":{"line":96,"column":9}},"55":{"start":{"line":89,"column":8},"end":{"line":95,"column":11}},"56":{"start":{"line":90,"column":10},"end":{"line":94,"column":11}},"57":{"start":{"line":91,"column":12},"end":{"line":91,"column":26}},"58":{"start":{"line":93,"column":12},"end":{"line":93,"column":22}},"59":{"start":{"line":101,"column":6},"end":{"line":101,"column":36}},"60":{"start":{"line":105,"column":2},"end":{"line":105,"column":19}},"61":{"start":{"line":108,"column":0},"end":{"line":108,"column":27}}},"fnMap":{"0":{"name":"_classCallCheck","decl":{"start":{"line":3,"column":9},"end":{"line":3,"column":24}},"loc":{"start":{"line":3,"column":48},"end":{"line":3,"column":153}},"line":3},"1":{"name":"_defineProperties","decl":{"start":{"line":5,"column":9},"end":{"line":5,"column":26}},"loc":{"start":{"line":5,"column":42},"end":{"line":5,"column":317}},"line":5},"2":{"name":"_createClass","decl":{"start":{"line":7,"column":9},"end":{"line":7,"column":21}},"loc":{"start":{"line":7,"column":60},"end":{"line":7,"column":215}},"line":7},"3":{"name":"(anonymous_3)","decl":{"start":{"line":18,"column":0},"end":{"line":18,"column":1}},"loc":{"start":{"line":18,"column":12},"end":{"line":106,"column":1}},"line":18},"4":{"name":"Favoritos","decl":{"start":{"line":19,"column":11},"end":{"line":19,"column":20}},"loc":{"start":{"line":19,"column":39},"end":{"line":24,"column":3}},"line":19},"5":{"name":"save","decl":{"start":{"line":30,"column":20},"end":{"line":30,"column":24}},"loc":{"start":{"line":30,"column":27},"end":{"line":42,"column":5}},"line":30},"6":{"name":"(anonymous_6)","decl":{"start":{"line":33,"column":25},"end":{"line":33,"column":26}},"loc":{"start":{"line":33,"column":52},"end":{"line":41,"column":7}},"line":33},"7":{"name":"(anonymous_7)","decl":{"start":{"line":34,"column":52},"end":{"line":34,"column":53}},"loc":{"start":{"line":34,"column":81},"end":{"line":40,"column":9}},"line":34},"8":{"name":"getAllFavoritosByUser","decl":{"start":{"line":45,"column":20},"end":{"line":45,"column":41}},"loc":{"start":{"line":45,"column":52},"end":{"line":62,"column":5}},"line":45},"9":{"name":"(anonymous_9)","decl":{"start":{"line":46,"column":25},"end":{"line":46,"column":26}},"loc":{"start":{"line":46,"column":52},"end":{"line":61,"column":7}},"line":46},"10":{"name":"(anonymous_10)","decl":{"start":{"line":47,"column":56},"end":{"line":47,"column":57}},"loc":{"start":{"line":47,"column":80},"end":{"line":60,"column":9}},"line":47},"11":{"name":"(anonymous_11)","decl":{"start":{"line":53,"column":40},"end":{"line":53,"column":41}},"loc":{"start":{"line":53,"column":58},"end":{"line":57,"column":13}},"line":53},"12":{"name":"getAllFavoritosByMeme","decl":{"start":{"line":66,"column":20},"end":{"line":66,"column":41}},"loc":{"start":{"line":66,"column":50},"end":{"line":83,"column":5}},"line":66},"13":{"name":"(anonymous_13)","decl":{"start":{"line":67,"column":25},"end":{"line":67,"column":26}},"loc":{"start":{"line":67,"column":52},"end":{"line":82,"column":7}},"line":67},"14":{"name":"(anonymous_14)","decl":{"start":{"line":68,"column":50},"end":{"line":68,"column":51}},"loc":{"start":{"line":68,"column":74},"end":{"line":81,"column":9}},"line":68},"15":{"name":"(anonymous_15)","decl":{"start":{"line":74,"column":40},"end":{"line":74,"column":41}},"loc":{"start":{"line":74,"column":58},"end":{"line":78,"column":13}},"line":74},"16":{"name":"deleteFavoritoById","decl":{"start":{"line":87,"column":20},"end":{"line":87,"column":38}},"loc":{"start":{"line":87,"column":53},"end":{"line":97,"column":5}},"line":87},"17":{"name":"(anonymous_17)","decl":{"start":{"line":88,"column":25},"end":{"line":88,"column":26}},"loc":{"start":{"line":88,"column":52},"end":{"line":96,"column":7}},"line":88},"18":{"name":"(anonymous_18)","decl":{"start":{"line":89,"column":50},"end":{"line":89,"column":51}},"loc":{"start":{"line":89,"column":75},"end":{"line":95,"column":9}},"line":89},"19":{"name":"convertJSON","decl":{"start":{"line":100,"column":20},"end":{"line":100,"column":31}},"loc":{"start":{"line":100,"column":40},"end":{"line":102,"column":5}},"line":100}},"branchMap":{"0":{"loc":{"start":{"line":3,"column":50},"end":{"line":3,"column":151}},"type":"if","locations":[{"start":{"line":3,"column":50},"end":{"line":3,"column":151}},{"start":{"line":3,"column":50},"end":{"line":3,"column":151}}],"line":3},"1":{"loc":{"start":{"line":5,"column":136},"end":{"line":5,"column":166}},"type":"binary-expr","locations":[{"start":{"line":5,"column":136},"end":{"line":5,"column":157}},{"start":{"line":5,"column":161},"end":{"line":5,"column":166}}],"line":5},"2":{"loc":{"start":{"line":5,"column":200},"end":{"line":5,"column":254}},"type":"if","locations":[{"start":{"line":5,"column":200},"end":{"line":5,"column":254}},{"start":{"line":5,"column":200},"end":{"line":5,"column":254}}],"line":5},"3":{"loc":{"start":{"line":7,"column":62},"end":{"line":7,"column":131}},"type":"if","locations":[{"start":{"line":7,"column":62},"end":{"line":7,"column":131}},{"start":{"line":7,"column":62},"end":{"line":7,"column":131}}],"line":7},"4":{"loc":{"start":{"line":7,"column":132},"end":{"line":7,"column":193}},"type":"if","locations":[{"start":{"line":7,"column":132},"end":{"line":7,"column":193}},{"start":{"line":7,"column":132},"end":{"line":7,"column":193}}],"line":7},"5":{"loc":{"start":{"line":35,"column":10},"end":{"line":39,"column":11}},"type":"if","locations":[{"start":{"line":35,"column":10},"end":{"line":39,"column":11}},{"start":{"line":35,"column":10},"end":{"line":39,"column":11}}],"line":35},"6":{"loc":{"start":{"line":48,"column":10},"end":{"line":59,"column":11}},"type":"if","locations":[{"start":{"line":48,"column":10},"end":{"line":59,"column":11}},{"start":{"line":48,"column":10},"end":{"line":59,"column":11}}],"line":48},"7":{"loc":{"start":{"line":50,"column":17},"end":{"line":59,"column":11}},"type":"if","locations":[{"start":{"line":50,"column":17},"end":{"line":59,"column":11}},{"start":{"line":50,"column":17},"end":{"line":59,"column":11}}],"line":50},"8":{"loc":{"start":{"line":69,"column":10},"end":{"line":80,"column":11}},"type":"if","locations":[{"start":{"line":69,"column":10},"end":{"line":80,"column":11}},{"start":{"line":69,"column":10},"end":{"line":80,"column":11}}],"line":69},"9":{"loc":{"start":{"line":71,"column":17},"end":{"line":80,"column":11}},"type":"if","locations":[{"start":{"line":71,"column":17},"end":{"line":80,"column":11}},{"start":{"line":71,"column":17},"end":{"line":80,"column":11}}],"line":71},"10":{"loc":{"start":{"line":90,"column":10},"end":{"line":94,"column":11}},"type":"if","locations":[{"start":{"line":90,"column":10},"end":{"line":94,"column":11}},{"start":{"line":90,"column":10},"end":{"line":94,"column":11}}],"line":90}},"s":{"0":0,"1":0,"2":2,"3":2,"4":5,"5":5,"6":5,"7":5,"8":5,"9":5,"10":1,"11":1,"12":1,"13":1,"14":1,"15":1,"16":1,"17":1,"18":1,"19":1,"20":1,"21":0,"22":0,"23":0,"24":1,"25":0,"26":0,"27":0,"28":0,"29":0,"30":0,"31":0,"32":0,"33":0,"34":0,"35":0,"36":0,"37":0,"38":0,"39":0,"40":0,"41":0,"42":0,"43":0,"44":0,"45":0,"46":0,"47":0,"48":0,"49":0,"50":0,"51":0,"52":0,"53":0,"54":0,"55":0,"56":0,"57":0,"58":0,"59":0,"60":1,"61":1},"f":{"0":0,"1":2,"2":1,"3":1,"4":0,"5":0,"6":0,"7":0,"8":0,"9":0,"10":0,"11":0,"12":0,"13":0,"14":0,"15":0,"16":0,"17":0,"18":0,"19":0},"b":{"0":[0,0],"1":[5,5],"2":[5,0],"3":[1,0],"4":[1,0],"5":[0,0],"6":[0,0],"7":[0,0],"8":[0,0],"9":[0,0],"10":[0,0]},"_coverageSchema":"43e27e138ebf9cfc5966b082cf9a028302ed4184","hash":"7c050e66efa6ccc1be75c56637c0b51170aeb002","contentHash":"05b31b7583225b318f747e8e3ecab7c6b99ef8fc759d6854d131b3ecc1254580"},"D:\\git\\memeLand-bed\\api\\comentarios\\index.js":{"path":"D:\\git\\memeLand-bed\\api\\comentarios\\index.js","statementMap":{"0":{"start":{"line":3,"column":13},"end":{"line":3,"column":40}},"1":{"start":{"line":5,"column":18},"end":{"line":5,"column":53}},"2":{"start":{"line":7,"column":17},"end":{"line":7,"column":39}},"3":{"start":{"line":9,"column":14},"end":{"line":9,"column":32}},"4":{"start":{"line":11,"column":10},"end":{"line":11,"column":19}},"5":{"start":{"line":13,"column":0},"end":{"line":13,"column":27}},"6":{"start":{"line":14,"column":0},"end":{"line":16,"column":4}},"7":{"start":{"line":18,"column":0},"end":{"line":24,"column":3}},"8":{"start":{"line":19,"column":2},"end":{"line":23,"column":5}},"9":{"start":{"line":20,"column":4},"end":{"line":20,"column":43}},"10":{"start":{"line":22,"column":4},"end":{"line":22,"column":16}},"11":{"start":{"line":26,"column":0},"end":{"line":32,"column":3}},"12":{"start":{"line":27,"column":2},"end":{"line":31,"column":5}},"13":{"start":{"line":28,"column":4},"end":{"line":28,"column":43}},"14":{"start":{"line":30,"column":4},"end":{"line":30,"column":16}},"15":{"start":{"line":34,"column":0},"end":{"line":41,"column":3}},"16":{"start":{"line":35,"column":18},"end":{"line":35,"column":90}},"17":{"start":{"line":36,"column":2},"end":{"line":40,"column":5}},"18":{"start":{"line":37,"column":4},"end":{"line":37,"column":71}},"19":{"start":{"line":39,"column":4},"end":{"line":39,"column":14}},"20":{"start":{"line":43,"column":0},"end":{"line":49,"column":3}},"21":{"start":{"line":44,"column":2},"end":{"line":48,"column":5}},"22":{"start":{"line":45,"column":4},"end":{"line":45,"column":70}},"23":{"start":{"line":47,"column":4},"end":{"line":47,"column":14}},"24":{"start":{"line":50,"column":0},"end":{"line":50,"column":24}}},"fnMap":{"0":{"name":"(anonymous_0)","decl":{"start":{"line":18,"column":31},"end":{"line":18,"column":32}},"loc":{"start":{"line":18,"column":57},"end":{"line":24,"column":1}},"line":18},"1":{"name":"(anonymous_1)","decl":{"start":{"line":19,"column":64},"end":{"line":19,"column":65}},"loc":{"start":{"line":19,"column":79},"end":{"line":21,"column":3}},"line":19},"2":{"name":"(anonymous_2)","decl":{"start":{"line":21,"column":14},"end":{"line":21,"column":15}},"loc":{"start":{"line":21,"column":31},"end":{"line":23,"column":3}},"line":21},"3":{"name":"(anonymous_3)","decl":{"start":{"line":26,"column":29},"end":{"line":26,"column":30}},"loc":{"start":{"line":26,"column":55},"end":{"line":32,"column":1}},"line":26},"4":{"name":"(anonymous_4)","decl":{"start":{"line":27,"column":62},"end":{"line":27,"column":63}},"loc":{"start":{"line":27,"column":77},"end":{"line":29,"column":3}},"line":27},"5":{"name":"(anonymous_5)","decl":{"start":{"line":29,"column":14},"end":{"line":29,"column":15}},"loc":{"start":{"line":29,"column":31},"end":{"line":31,"column":3}},"line":29},"6":{"name":"(anonymous_6)","decl":{"start":{"line":34,"column":17},"end":{"line":34,"column":18}},"loc":{"start":{"line":34,"column":43},"end":{"line":41,"column":1}},"line":34},"7":{"name":"(anonymous_7)","decl":{"start":{"line":36,"column":24},"end":{"line":36,"column":25}},"loc":{"start":{"line":36,"column":36},"end":{"line":38,"column":3}},"line":36},"8":{"name":"(anonymous_8)","decl":{"start":{"line":38,"column":14},"end":{"line":38,"column":15}},"loc":{"start":{"line":38,"column":29},"end":{"line":40,"column":3}},"line":38},"9":{"name":"(anonymous_9)","decl":{"start":{"line":43,"column":22},"end":{"line":43,"column":23}},"loc":{"start":{"line":43,"column":48},"end":{"line":49,"column":1}},"line":43},"10":{"name":"(anonymous_10)","decl":{"start":{"line":44,"column":97},"end":{"line":44,"column":98}},"loc":{"start":{"line":44,"column":109},"end":{"line":46,"column":3}},"line":44},"11":{"name":"(anonymous_11)","decl":{"start":{"line":46,"column":14},"end":{"line":46,"column":15}},"loc":{"start":{"line":46,"column":29},"end":{"line":48,"column":3}},"line":46}},"branchMap":{},"s":{"0":1,"1"
[...]
lumn":4}},"7":{"start":{"line":18,"column":0},"end":{"line":24,"column":3}},"8":{"start":{"line":19,"column":2},"end":{"line":23,"column":5}},"9":{"start":{"line":20,"column":4},"end":{"line":20,"column":40}},"10":{"start":{"line":22,"column":4},"end":{"line":22,"column":16}},"11":{"start":{"line":26,"column":0},"end":{"line":32,"column":3}},"12":{"start":{"line":27,"column":2},"end":{"line":31,"column":5}},"13":{"start":{"line":28,"column":4},"end":{"line":28,"column":40}},"14":{"start":{"line":30,"column":4},"end":{"line":30,"column":16}},"15":{"start":{"line":34,"column":0},"end":{"line":41,"column":3}},"16":{"start":{"line":35,"column":18},"end":{"line":35,"column":84}},"17":{"start":{"line":36,"column":2},"end":{"line":40,"column":5}},"18":{"start":{"line":37,"column":4},"end":{"line":37,"column":68}},"19":{"start":{"line":39,"column":4},"end":{"line":39,"column":14}},"20":{"start":{"line":43,"column":0},"end":{"line":49,"column":3}},"21":{"start":{"line":44,"column":2},"end":{"line":48,"column":5}},"22":{"start":{"line":45,"column":4},"end":{"line":45,"column":71}},"23":{"start":{"line":47,"column":4},"end":{"line":47,"column":14}},"24":{"start":{"line":50,"column":0},"end":{"line":50,"column":24}}},"fnMap":{"0":{"name":"(anonymous_0)","decl":{"start":{"line":18,"column":31},"end":{"line":18,"column":32}},"loc":{"start":{"line":18,"column":57},"end":{"line":24,"column":1}},"line":18},"1":{"name":"(anonymous_1)","decl":{"start":{"line":19,"column":58},"end":{"line":19,"column":59}},"loc":{"start":{"line":19,"column":73},"end":{"line":21,"column":3}},"line":19},"2":{"name":"(anonymous_2)","decl":{"start":{"line":21,"column":14},"end":{"line":21,"column":15}},"loc":{"start":{"line":21,"column":31},"end":{"line":23,"column":3}},"line":21},"3":{"name":"(anonymous_3)","decl":{"start":{"line":26,"column":29},"end":{"line":26,"column":30}},"loc":{"start":{"line":26,"column":55},"end":{"line":32,"column":1}},"line":26},"4":{"name":"(anonymous_4)","decl":{"start":{"line":27,"column":56},"end":{"line":27,"column":57}},"loc":{"start":{"line":27,"column":71},"end":{"line":29,"column":3}},"line":27},"5":{"name":"(anonymous_5)","decl":{"start":{"line":29,"column":14},"end":{"line":29,"column":15}},"loc":{"start":{"line":29,"column":31},"end":{"line":31,"column":3}},"line":29},"6":{"name":"(anonymous_6)","decl":{"start":{"line":34,"column":17},"end":{"line":34,"column":18}},"loc":{"start":{"line":34,"column":43},"end":{"line":41,"column":1}},"line":34},"7":{"name":"(anonymous_7)","decl":{"start":{"line":36,"column":24},"end":{"line":36,"column":25}},"loc":{"start":{"line":36,"column":36},"end":{"line":38,"column":3}},"line":36},"8":{"name":"(anonymous_8)","decl":{"start":{"line":38,"column":14},"end":{"line":38,"column":15}},"loc":{"start":{"line":38,"column":29},"end":{"line":40,"column":3}},"line":38},"9":{"name":"(anonymous_9)","decl":{"start":{"line":43,"column":22},"end":{"line":43,"column":23}},"loc":{"start":{"line":43,"column":48},"end":{"line":49,"column":1}},"line":43},"10":{"name":"(anonymous_10)","decl":{"start":{"line":44,"column":70},"end":{"line":44,"column":71}},"loc":{"start":{"line":44,"column":82},"end":{"line":46,"column":3}},"line":44},"11":{"name":"(anonymous_11)","decl":{"start":{"line":46,"column":14},"end":{"line":46,"column":15}},"loc":{"start":{"line":46,"column":29},"end":{"line":48,"column":3}},"line":46}},"branchMap":{},"s":{"0":1,"1":1,"2":1,"3":1,"4":1,"5":1,"6":1,"7":1,"8":0,"9":0,"10":0,"11":1,"12":0,"13":0,"14":0,"15":1,"16":0,"17":0,"18":0,"19":0,"20":1,"21":0,"22":0,"23":0,"24":1},"f":{"0":0,"1":0,"2":0,"3":0,"4":0,"5":0,"6":0,"7":0,"8":0,"9":0,"10":0,"11":0},"b":{},"_coverageSchema":"43e27e138ebf9cfc5966b082cf9a028302ed4184","hash":"395b2cb294a9a532ff0f83d65a8baa4f81dbd020","contentHash":"4d8b3ff5e07174c8271e511e9e7be2bfaf2c458e7aac4972bfc8f7b1c8609e93"},"D:\\git\\memeLand-bed\\models\\puntajes.js":{"path":"D:\\git\\memeLand-bed\\models\\puntajes.js","statementMap":{"0":{"start":{"line":3,"column":50},"end":{"line":3,"column":151}},"1":{"start":{"line":3,"column":92},"end":{"line":3,"column":149}},"2":{"start":{"line":5,"column":44},"end":{"line":5,"column":315}},"3":{"start":{"line":5,"column":57},"end":{"line":5,"column":58}},"4":{"start":{"line":5,"column":102},"end":{"line":5,"column":110}},"5":{"start":{"line":5,"column":112},"end":{"line":5,"column":167}},"6":{"start":{"line":5,"column":168},"end":{"line":5,"column":199}},"7":{"start":{"line":5,"column":200},"end":{"line":5,"column":254}},"8":{"start":{"line":5,"column":227},"end":{"line":5,"column":254}},"9":{"start":{"line":5,"column":255},"end":{"line":5,"column":313}},"10":{"start":{"line":7,"column":62},"end":{"line":7,"column":131}},"11":{"start":{"line":7,"column":78},"end":{"line":7,"column":131}},"12":{"start":{"line":7,"column":132},"end":{"line":7,"column":193}},"13":{"start":{"line":7,"column":149},"end":{"line":7,"column":193}},"14":{"start":{"line":7,"column":194},"end":{"line":7,"column":213}},"15":{"start":{"line":9,"column":9},"end":{"line":9,"column":45}},"16":{"start":{"line":11,"column":27},"end":{"line":11,"column":68}},"17":{"start":{"line":12,"column":31},"end":{"line":12,"column":74}},"18":{"start":{"line":13,"column":19},"end":{"line":13,"column":58}},"19":{"start":{"line":14,"column":21},"end":{"line":14,"column":77}},"20":{"start":{"line":18,"column":0},"end":{"line":110,"column":3}},"21":{"start":{"line":20,"column":4},"end":{"line":20,"column":36}},"22":{"start":{"line":22,"column":4},"end":{"line":22,"column":25}},"23":{"start":{"line":23,"column":4},"end":{"line":23,"column":29}},"24":{"start":{"line":24,"column":4},"end":{"line":24,"column":27}},"25":{"start":{"line":28,"column":2},"end":{"line":107,"column":6}},"26":{"start":{"line":32,"column":19},"end":{"line":32,"column":30}},"27":{"start":{"line":33,"column":21},"end":{"line":33,"column":34}},"28":{"start":{"line":34,"column":20},"end":{"line":34,"column":32}},"29":{"start":{"line":35,"column":6},"end":{"line":43,"column":9}},"30":{"start":{"line":36,"column":8},"end":{"line":42,"column":11}},"31":{"start":{"line":37,"column":10},"end":{"line":41,"column":11}},"32":{"start":{"line":38,"column":12},"end":{"line":38,"column":24}},"33":{"start":{"line":40,"column":12},"end":{"line":40,"column":22}},"34":{"start":{"line":48,"column":6},"end":{"line":64,"column":9}},"35":{"start":{"line":49,"column":8},"end":{"line":63,"column":11}},"36":{"start":{"line":50,"column":10},"end":{"line":62,"column":11}},"37":{"start":{"line":51,"column":12},"end":{"line":51,"column":24}},"38":{"start":{"line":52,"column":17},"end":{"line":62,"column":11}},"39":{"start":{"line":53,"column":12},"end":{"line":53,"column":43}},"40":{"start":{"line":55,"column":27},"end":{"line":60,"column":14}},"41":{"start":{"line":56,"column":27},"end":{"line":56,"column":40}},"42":{"start":{"line":57,"column":29},"end":{"line":57,"column":44}},"43":{"start":{"line":58,"column":28},"end":{"line":58,"column":42}},"44":{"start":{"line":59,"column":14},"end":{"line":59,"column":61}},"45":{"start":{"line":61,"column":12},"end":{"line":61,"column":30}},"46":{"start":{"line":70,"column":6},"end":{"line":86,"column":9}},"47":{"start":{"line":71,"column":8},"end":{"line":85,"column":11}},"48":{"start":{"line":72,"column":10},"end":{"line":84,"column":11}},"49":{"start":{"line":73,"column":12},"end":{"line":73,"column":24}},"50":{"start":{"line":74,"column":17},"end":{"line":84,"column":11}},"51":{"start":{"line":75,"column":12},"end":{"line":75,"column":48}},"52":{"start":{"line":77,"column":27},"end":{"line":82,"column":14}},"53":{"start":{"line":78,"column":27},"end":{"line":78,"column":40}},"54":{"start":{"line":79,"column":29},"end":{"line":79,"column":44}},"55":{"start":{"line":80,"column":28},"end":{"line":80,"column":42}},"56":{"start":{"line":81,"column":14},"end":{"line":81,"column":61}},"57":{"start":{"line":83,"column":12},"end":{"line":83,"column":30}},"58":{"start":{"line":92,"column":6},"end":{"line":100,"column":9}},"59":{"start":{"line":93,"column":8},"end":{"line":99,"column":11}},"60":{"start":{"line":94,"column":10},"end":{"line":98,"column":11}},"61":{"start":{"line":95,"column":12},"end":{"line":95,"column":26}},"62":{"start":{"line":97,"column":12},"end":{"line":97,"column":26}},"63":{"start":{"line":105,"column":6},"end":{"line":105,"column":36}},"64":{"start":{"line":109,"column":2},"end":{"line":109,"column":18}},"65":{"start":{"line":112,"column":0},"end":{"line":112,"column":26}}},"fnMap":{"0":{"name":"_classCallCheck","decl":{"start":{"line":3,"column":9},"end":{"line":3,"column":24}},"loc":{"start":{"line":3,"column":48},"end":{"line":3,"column":153}},"line":3},"1":{"name":"_defineProperties","decl":{"start":{"line":5,"column":9},"end":{"line":5,"column":26}},"loc":{"start":{"line":5,"column":42},"end":{"line":5,"column":317}},"line":5},"2":{"name":"_createClass","decl":{"start":{"line":7,"column":9},"end":{"line":7,"column":21}},"loc":{"start":{"line":7,"column":60},"end":{"line":7,"column":215}},"line":7},"3":{"name":"(anonymous_3)","decl":{"start":{"line":18,"column":0},"end":{"line":18,"column":1}},"loc":{"start":{"line":18,"column":12},"end":{"line":110,"column":1}},"line":18},"4":{"name":"Puntajes","decl":{"start":{"line":19,"column":11},"end":{"line":19,"column":19}},"loc":{"start":{"line":19,"column":47},"end":{"line":25,"column":3}},"line":19},"5":{"name":"save","decl":{"start":{"line":31,"column":20},"end":{"line":31,"column":24}},"loc":{"start":{"line":31,"column":27},"end":{"line":44,"column":5}},"line":31},"6":{"name":"(anonymous_6)","decl":{"start":{"line":35,"column":25},"end":{"line":35,"column":26}},"loc":{"start":{"line":35,"column":52},"end":{"line":43,"column":7}},"line":35},"7":{"name":"(anonymous_7)","decl":{"start":{"line":36,"column":60},"end":{"line":36,"column":61}},"loc":{"start":{"line":36,"column":89},"end":{"line":42,"column":9}},"line":36},"8":{"name":"getAllPuntajesByUser","decl":{"start":{"line":47,"column":20},"end":{"line":47,"column":40}},"loc":{"start":{"line":47,"column":51},"end":{"line":65,"column":5}},"line":47},"9":{"name":"(anonymous_9)","decl":{"start":{"line":48,"column":25},"end":{"line":48,"column":26}},"loc":{"start":{"line":48,"column":52},"end":{"line":64,"column":7}},"line":48},"10":{"name":"(anonymous_10)","decl":{"start":{"line":49,"column":55},"end":{"line":49,"column":56}},"loc":{"start":{"line":49,"column":79},"end":{"line":63,"column":9}},"line":49},"11":{"name":"(anonymous_11)","decl":{"start":{"line":55,"column":39},"end":{"line":55,"column":40}},"loc":{"start":{"line":55,"column":57},"end":{"line":60,"column":13}},"line":55},"12":{"name":"getAllPuntajesByMeme","decl":{"start":{"line":69,"column":20},"end":{"line":69,"column":40}},"loc":{"start":{"line":69,"column":49},"end":{"line":87,"column":5}},"line":69},"13":{"name":"(anonymous_13)","decl":{"start":{"line":70,"column":25},"end":{"line":70,"column":26}},"loc":{"start":{"line":70,"column":52},"end":{"line":86,"column":7}},"line":70},"14":{"name":"(anonymous_14)","decl":{"start":{"line":71,"column":49},"end":{"line":71,"column":50}},"loc":{"start":{"line":71,"column":73},"end":{"line":85,"column":9}},"line":71},"15":{"name":"(anonymous_15)","decl":{"start":{"line":77,"column":39},"end":{"line":77,"column":40}},"loc":{"start":{"line":77,"column":57},"end":{"line":82,"column":13}},"line":77},"16":{"name":"deletePuntajeById","decl":{"start":{"line":91,"column":20},"end":{"line":91,"column":37}},"loc":{"start":{"line":91,"column":52},"end":{"line":101,"column":5}},"line":91},"17":{"name":"(anonymous_17)","decl":{"start":{"line":92,"column":25},"end":{"line":92,"column":26}},"loc":{"start":{"line":92,"column":52},"end":{"line":100,"column":7}},"line":92},"18":{"name":"(anonymous_18)","decl":{"start":{"line":93,"column":49},"end":{"line":93,"column":50}},"loc":{"start":{"line":93,"column":74},"end":{"line":99,"column":9}},"line":93},"19":{"name":"convertJSON","decl":{"start":{"line":104,"column":20},"end":{"line":104,"column":31}},"loc":{"start":{"line":104,"column":40},"end":{"line":106,"column":5}},"line":104}},"branchMap":{"0":{"loc":{"start":{"line":3,"column":50},"end":{"line":3,"column":151}},"type":"if","locations":[{"start":{"line":3,"column":50},"end":{"line":3,"column":151}},{"start":{"line":3,"column":50},"end":{"line":3,"column":151}}],"line":3},"1":{"loc":{"start":{"line":5,"column":136},"end":{"line":5,"column":166}},"type":"binary-expr","locations":[{"start":{"line":5,"column":136},"end":{"line":5,"column":157}},{"start":{"line":5,"column":161},"end":{"line":5,"column":166}}],"line":5},"2":{"loc":{"start":{"line":5,"column":200},"end":{"line":5,"column":254}},"type":"if","locations":[{"start":{"line":5,"column":200},"end":{"line":5,"column":254}},{"start":{"line":5,"column":200},"end":{"line":5,"column":254}}],"line":5},"3":{"loc":{"start":{"line":7,"column":62},"end":{"line":7,"column":131}},"type":"if","locations":[{"start":{"line":7,"column":62},"end":{"line":7,"column":131}},{"start":{"line":7,"column":62},"end":{"line":7,"column":131}}],"line":7},"4":{"loc":{"start":{"line":7,"column":132},"end":{"line":7,"column":193}},"type":"if","locations":[{"start":{"line":7,"column":132},"end":{"line":7,"column":193}},{"start":{"line":7,"column":132},"end":{"line":7,"column":193}}],"line":7},"5":{"loc":{"start":{"line":37,"column":10},"end":{"line":41,"column":11}},"type":"if","locations":[{"start":{"line":37,"column":10},"end":{"line":41,"column":11}},{"start":{"line":37,"column":10},"end":{"line":41,"column":11}}],"line":37},"6":{"loc":{"start":{"line":50,"column":10},"end":{"line":62,"column":11}},"type":"if","locations":[{"start":{"line":50,"column":10},"end":{"line":62,"column":11}},{"start":{"line":50,"column":10},"end":{"line":62,"column":11}}],"line":50},"7":{"loc":{"start":{"line":52,"column":17},"end":{"line":62,"column":11}},"type":"if","locations":[{"start":{"line":52,"column":17},"end":{"line":62,"column":11}},{"start":{"line":52,"column":17},"end":{"line":62,"column":11}}],"line":52},"8":{"loc":{"start":{"line":72,"column":10},"end":{"line":84,"column":11}},"type":"if","locations":[{"start":{"line":72,"column":10},"end":{"line":84,"column":11}},{"start":{"line":72,"column":10},"end":{"line":84,"column":11}}],"line":72},"9":{"loc":{"start":{"line":74,"column":17},"end":{"line":84,"column":11}},"type":"if","locations":[{"start":{"line":74,"column":17},"end":{"line":84,"column":11}},{"start":{"line":74,"column":17},"end":{"line":84,"column":11}}],"line":74},"10":{"loc":{"start":{"line":94,"column":10},"end":{"line":98,"column":11}},"type":"if","locations":[{"start":{"line":94,"column":10},"end":{"line":98,"column":11}},{"start":{"line":94,"column":10},"end":{"line":98,"column":11}}],"line":94}},"s":{"0":0,"1":0,"2":2,"3":2,"4":5,"5":5,"6":5,"7":5,"8":5,"9":5,"10":1,"11":1,"12":1,"13":1,"14":1,"15":1,"16":1,"17":1,"18":1,"19":1,"20":1,"21":0,"22":0,"23":0,"24":0,"25":1,"26":0,"27":0,"28":0,"29":0,"30":0,"31":0,"32":0,"33":0,"34":0,"35":0,"36":0,"37":0,"38":0,"39":0,"40":0,"41":0,"42":0,"43":0,"44":0,"45":0,"46":0,"47":0,"48":0,"49":0,"50":0,"51":0,"52":0,"53":0,"54":0,"55":0,"56":0,"57":0,"58":0,"59":0,"60":0,"61":0,"62":0,"63":0,"64":1,"65":1},"f":{"0":0,"1":2,"2":1,"3":1,"4":0,"5":0,"6":0,"7":0,"8":0,"9":0,"10":0,"11":0,"12":0,"13":0,"14":0,"15":0,"16":0,"17":0,"18":0,"19":0},"b":{"0":[0,0],"1":[5,5],"2":[5,0],"3":[1,0],"4":[1,0],"5":[0,0],"6":[0,0],"7":[0,0],"8":[0,0],"9":[0,0],"10":[0,0]},"_coverageSchema":"43e27e138ebf9cfc5966b082cf9a028302ed4184","hash":"35d5c76ae75c8162f0637a444fb6d5c2ad29c00e","contentHash":"78937826fd00004a9fb2355504a8378b029af98c9c1409518eae1bbbd0b08df9"},"D:\\git\\memeLand-bed\\middlewares\\error-handler.js":{"path":"D:\\git\\memeLand-bed\\middlewares\\error-handler.js","statementMap":{"0":{"start":{"line":3,"column":22},"end":{"line":9,"column":1}},"1":{"start":{"line":4,"column":2},"end":{"line":4,"column":21}},"2":{"start":{"line":5,"column":2},"end":{"line":5,"column":18}},"3":{"start":{"line":6,"column":2},"end":{"line":8,"column":5}},"4":{"start":{"line":11,"column":22},"end":{"line":17,"column":1}},"5":{"start":{"line":12,"column":2},"end":{"line":12,"column":21}},"6":{"start":{"line":13,"column":2},"end":{"line":13,"column":18}},"7":{"start":{"line":14,"column":2},"end":{"line":16,"column":5}},"8":{"start":{"line":19,"column":0},"end":{"line":22,"column":2}}},"fnMap":{"0":{"name":"appErrorHandler","decl":{"start":{"line":3,"column":31},"end":{"line":3,"column":46}},"loc":{"start":{"line":3,"column":68},"end":{"line":9,"column":1}},"line":3},"1":{"name":"apiErrorHandler","decl":{"start":{"line":11,"column":31},"end":{"line":11,"column":46}},"loc":{"start":{"line":11,"column":68},"end":{"line":17,"column":1}},"line":11}},"branchMap":{},"s":{"0":1,"1":0,"2":0,"3":0,"4":1,"5":0,"6":0,"7":0,"8":1},"f":{"0":0,"1":0},"b":{},"_coverageSchema":"43e27e138ebf9cfc5966b082cf9a028302ed4184","hash":"34639ef42d9b06386a8b7475a14bc59737d06464","contentHash":"5c00823742ceaeb1f1f7c52fc10fa063904ac1fb4b3352a77172f8abd15adc14"},"D:\\git\\memeLand-bed\\app\\index.js":{"path":"D:\\git\\memeLand-bed\\app\\index.js","statementMap":{"0":{"start":{"line":3,"column":13},"end":{"line":3,"column":40}},"1":{"start":{"line":5,"column":21},"end":{"line":5,"column":49}},"2":{"start":{"line":7,"column":15},"end":{"line":7,"column":54}},"3":{"start":{"line":8,"column":22},"end":{"line":8,"column":46}},"4":{"start":{"line":10,"column":0},"end":{"line":10,"column":32}},"5":{"start":{"line":11,"column":0},"end":{"line":11,"column":28}},"6":{"start":{"line":12,"column":0},"end":{"line":12,"column":24}}},"fnMap":{},"branchMap":{},"s":{"0":1,"1":1,"2":1,"3":1,"4":1,"5":1,"6":1},"f":{},"b":{},"_coverageSchema":"43e27e138ebf9cfc5966b082cf9a028302ed4184","hash":"e6d3bddb1a6c9dca9d7772456cd2f7536d538663","contentHash":"8538c627dec5220b6093c31570d7901d9194c98c8c0f6d101997855df0a4e2e9"},"D:\\git\\memeLand-bed\\app\\pages\\meme-land\\index.js":{"path":"D:\\git\\memeLand-bed\\app\\pages\\meme-land\\index.js","statementMap":{"0":{"start":{"line":3,"column":13},"end":{"line":3,"column":40}},"1":{"start":{"line":5,"column":12},"end":{"line":5,"column":28}},"2":{"start":{"line":7,"column":15},"end":{"line":7,"column":42}},"3":{"start":{"line":8,"column":21},"end":{"line":8,"column":44}},"4":{"start":{"line":10,"column":12},"end":{"line":10,"column":44}},"5":{"start":{"line":12,"column":11},"end":{"line":12,"column":28}},"6":{"start":{"line":14,"column":16},"end":{"line":14,"column":43}},"7":{"start":{"line":15,"column":19},"end":{"line":15,"column":41}},"8":{"start":{"line":17,"column":0},"end":{"line":39,"column":3}},"9":{"start":{"line":18,"column":2},"end":{"line":38,"column":5}},"10":{"start":{"line":19,"column":23},"end":{"line":21,"column":5}},"11":{"start":{"line":22,"column":18},"end":{"line":22,"column":20}},"12":{"start":{"line":24,"column":18},"end":{"line":29,"column":8}},"13":{"start":{"line":30,"column":4},"end":{"line":35,"column":7}},"14":{"start":{"line":37,"column":4},"end":{"line":37,"column":14}},"15":{"start":{"line":40,"column":0},"end":{"line":40,"column":24}}},"fnMap":{"0":{"name":"(anonymous_0)","decl":{"start":{"line":17,"column":16},"end":{"line":17,"column":17}},"loc":{"start":{"line":17,"column":42},"end":{"line":39,"column":1}},"line":17},"1":{"name":"(anonymous_1)","decl":{"start":{"line":18,"column":27},"end":{"line":18,"column":28}},"loc":{"start":{"line":18,"column":44},"end":{"line":36,"column":3}},"line":18},"2":{"name":"(anonymous_2)","decl":{"start":{"line":36,"column":14},"end":{"line":36,"column":15}},"loc":{"start":{"line":36,"column":29},"end":{"line":38,"column":3}},"line":36}},"branchMap":{},"s":{"0":1,"1":1,"2":1,"3":1,"4":1,"5":1,"6":1,"7":1,"8":1,"9":0,"10":0,"11":0,"12":0,"13":0,"14":0,"15":1},"f":{"0":0,"1":0,"2":0},"b":{},"_coverageSchema":"43e27e138ebf9cfc5966b082cf9a028302ed4184","hash":"70aeca02499cf6a91525d5a55a71ac2082e71c27","contentHash":"b007d833a1c9dcb765bc9b8e6ce73d284ecbfb16665dc89010bca625bd7d879a"}}