{"D:\\git\\memeLand-bed\\server.js":{"path":"D:\\git\\memeLand-bed\\server.js","statementMap":{"0":{"start":{"line":2,"column":0},"end":{"line":4,"column":5}},"1":{"start":{"line":7,"column":15},"end":{"line":7,"column":34}},"2":{"start":{"line":10,"column":18},"end":{"line":10,"column":34}},"3":{"start":{"line":11,"column":18},"end":{"line":11,"column":34}},"4":{"start":{"line":14,"column":16},"end":{"line":14,"column":34}},"5":{"start":{"line":15,"column":19},"end":{"line":15,"column":41}},"6":{"start":{"line":16,"column":15},"end":{"line":16,"column":32}},"7":{"start":{"line":17,"column":15},"end":{"line":17,"column":32}},"8":{"start":{"line":20,"column":16},"end":{"line":20,"column":42}},"9":{"start":{"line":24,"column":12},"end":{"line":24,"column":21}},"10":{"start":{"line":25,"column":0},"end":{"line":25,"column":39}},"11":{"start":{"line":28,"column":0},"end":{"line":28,"column":30}},"12":{"start":{"line":29,"column":0},"end":{"line":29,"column":43}},"13":{"start":{"line":32,"column":0},"end":{"line":37,"column":4}},"14":{"start":{"line":40,"column":11},"end":{"line":40,"column":46}},"15":{"start":{"line":43,"column":19},"end":{"line":43,"column":21}},"16":{"start":{"line":46,"column":0},"end":{"line":46,"column":27}},"17":{"start":{"line":47,"column":0},"end":{"line":47,"column":51}},"18":{"start":{"line":50,"column":15},"end":{"line":50,"column":46}},"19":{"start":{"line":53,"column":0},"end":{"line":53,"column":27}},"20":{"start":{"line":54,"column":0},"end":{"line":54,"column":19}},"21":{"start":{"line":58,"column":0},"end":{"line":75,"column":3}},"22":{"start":{"line":59,"column":4},"end":{"line":74,"column":7}},"23":{"start":{"line":60,"column":8},"end":{"line":73,"column":9}},"24":{"start":{"line":61,"column":12},"end":{"line":61,"column":40}},"25":{"start":{"line":63,"column":12},"end":{"line":72,"column":15}},"26":{"start":{"line":64,"column":16},"end":{"line":71,"column":17}},"27":{"start":{"line":65,"column":20},"end":{"line":67,"column":22}},"28":{"start":{"line":68,"column":20},"end":{"line":68,"column":38}},"29":{"start":{"line":70,"column":20},"end":{"line":70,"column":48}},"30":{"start":{"line":77,"column":0},"end":{"line":77,"column":21}}},"fnMap":{"0":{"name":"(anonymous_0)","decl":{"start":{"line":58,"column":19},"end":{"line":58,"column":20}},"loc":{"start":{"line":58,"column":38},"end":{"line":75,"column":1}},"line":58},"1":{"name":"(anonymous_1)","decl":{"start":{"line":59,"column":76},"end":{"line":59,"column":77}},"loc":{"start":{"line":59,"column":99},"end":{"line":74,"column":5}},"line":59},"2":{"name":"(anonymous_2)","decl":{"start":{"line":63,"column":66},"end":{"line":63,"column":67}},"loc":{"start":{"line":63,"column":87},"end":{"line":72,"column":13}},"line":63}},"branchMap":{"0":{"loc":{"start":{"line":60,"column":8},"end":{"line":73,"column":9}},"type":"if","locations":[{"start":{"line":60,"column":8},"end":{"line":73,"column":9}},{"start":{"line":60,"column":8},"end":{"line":73,"column":9}}],"line":60},"1":{"loc":{"start":{"line":64,"column":16},"end":{"line":71,"column":17}},"type":"if","locations":[{"start":{"line":64,"column":16},"end":{"line":71,"column":17}},{"start":{"line":64,"column":16},"end":{"line":71,"column":17}}],"line":64}},"s":{"0":1,"1":1,"2":1,"3":1,"4":1,"5":1,"6":1,"7":1,"8":1,"9":1,"10":1,"11":1,"12":1,"13":1,"14":1,"15":1,"16":1,"17":1,"18":1,"19":1,"20":1,"21":1,"22":0,"23":0,"24":0,"25":0,"26":0,"27":0,"28":0,"29":0,"30":1},"f":{"0":0,"1":0,"2":0},"b":{"0":[0,0],"1":[0,0]},"_coverageSchema":"43e27e138ebf9cfc5966b082cf9a028302ed4184","hash":"063755e88aa577ed34030d1c6b3fcd209c67a0a3","contentHash":"d33d58289d3f40a1a8e8b94433ea23c34fa814055d16eb25e7ddb43c7412bb9c"},"D:\\git\\memeLand-bed\\config.js":{"path":"D:\\git\\memeLand-bed\\config.js","statementMap":{"0":{"start":{"line":3,"column":54},"end":{"line":3,"column":73}},"1":{"start":{"line":3,"column":75},"end":{"line":3,"column":326}},"2":{"start":{"line":3,"column":125},"end":{"line":3,"column":161}},"3":{"start":{"line":3,"column":163},"end":{"line":3,"column":292}},"4":{"start":{"line":3,"column":183},"end":{"line":3,"column":292}},"5":{"start":{"line":3,"column":225},"end":{"line":3,"column":288}},"6":{"start":{"line":3,"column":293},"end":{"line":3,"column":324}},"7":{"start":{"line":3,"column":327},"end":{"line":3,"column":339}},"8":{"start":{"line":5,"column":33},"end":{"line":5,"column":501}},"9":{"start":{"line":5,"column":46},"end":{"line":5,"column":47}},"10":{"start":{"line":5,"column":91},"end":{"line":5,"column":131}},"11":{"start":{"line":5,"column":133},"end":{"line":5,"column":499}},"12":{"start":{"line":5,"column":146},"end":{"line":5,"column":239}},"13":{"start":{"line":5,"column":193},"end":{"line":5,"column":235}},"14":{"start":{"line":5,"column":247},"end":{"line":5,"column":499}},"15":{"start":{"line":5,"column":287},"end":{"line":5,"column":361}},"16":{"start":{"line":5,"column":371},"end":{"line":5,"column":497}},"17":{"start":{"line":5,"column":412},"end":{"line":5,"column":493}},"18":{"start":{"line":5,"column":502},"end":{"line":5,"column":516}},"19":{"start":{"line":7,"column":44},"end":{"line":7,"column":195}},"20":{"start":{"line":7,"column":62},"end":{"line":7,"column":166}},"21":{"start":{"line":7,"column":176},"end":{"line":7,"column":193}},"22":{"start":{"line":7,"column":196},"end":{"line":7,"column":207}},"23":{"start":{"line":9,"column":18},"end":{"line":9,"column":38}},"24":{"start":{"line":10,"column":26},"end":{"line":10,"column":28}},"25":{"start":{"line":12,"column":0},"end":{"line":14,"column":3}},"26":{"start":{"line":16,"column":0},"end":{"line":19,"column":3}}},"fnMap":{"0":{"name":"ownKeys","decl":{"start":{"line":3,"column":9},"end":{"line":3,"column":16}},"loc":{"start":{"line":3,"column":41},"end":{"line":3,"column":341}},"line":3},"1":{"name":"(anonymous_1)","decl":{"start":{"line":3,"column":208},"end":{"line":3,"column":209}},"loc":{"start":{"line":3,"column":223},"end":{"line":3,"column":290}},"line":3},"2":{"name":"_objectSpread","decl":{"start":{"line":5,"column":9},"end":{"line":5,"column":22}},"loc":{"start":{"line":5,"column":31},"end":{"line":5,"column":518}},"line":5},"3":{"name":"(anonymous_3)","decl":{"start":{"line":5,"column":176},"end":{"line":5,"column":177}},"loc":{"start":{"line":5,"column":191},"end":{"line":5,"column":237}},"line":5},"4":{"name":"(anonymous_4)","decl":{"start":{"line":5,"column":395},"end":{"line":5,"column":396}},"loc":{"start":{"line":5,"column":410},"end":{"line":5,"column":495}},"line":5},"5":{"name":"_defineProperty","decl":{"start":{"line":7,"column":9},"end":{"line":7,"column":24}},"loc":{"start":{"line":7,"column":42},"end":{"line":7,"column":209}},"line":7}},"branchMap":{"0":{"loc":{"start":{"line":3,"column":75},"end":{"line":3,"column":326}},"type":"if","locations":[{"start":{"line":3,"column":75},"end":{"line":3,"column":326}},{"start":{"line":3,"column":75},"end":{"line":3,"column":326}}],"line":3},"1":{"loc":{"start":{"line":3,"column":163},"end":{"line":3,"column":292}},"type":"if","locations":[{"start":{"line":3,"column":163},"end":{"line":3,"column":292}},{"start":{"line":3,"column":163},"end":{"line":3,"column":292}}],"line":3},"2":{"loc":{"start":{"line":5,"column":91},"end":{"line":5,"column":131}},"type":"cond-expr","locations":[{"start":{"line":5,"column":114},"end":{"line":5,"column":126}},{"start":{"line":5,"column":129},"end":{"line":5,"column":131}}],"line":5},"3":{"loc":{"start":{"line":5,"column":133},"end":{"line":5,"column":499}},"type":"if","locations":[{"start":{"line":5,"column":133},"end":{"line":5,"column":499}},{"start":{"line":5,"column":133},"end":{"line":5,"column":499}}],"line":5},"4":{"loc":{"start":{"line":5,"column":247},"end":{"line":5,"column":499}},"type":"if","locations":[{"start":{"line":5,"column":247},"end":{"line":5,"column":499}},{"start":{"line":5,"column":247},"end":{"line":5,"column":499}}],"line":5},"5":{"loc":{"start":{"line":7,"column":44},"end":{"line":7,"column":195}},"type":"if","locations":[{"start":{"line":7,"column":44},"end":{"line":7,"column":195}},{"start":{"line":7,"column":44},"end":{"line":7,"column":195}}],"line":7},"6":{"loc":{"start":{"line":12,"column":0},"end":{"line":14,"column":3}},"type":"if","locations":[{"start":{"line":12,"column":0},"end":{"line":14,"column":3}},{"start":{"line":12,"column":0},"end":{"line":14,"column":3}}],"line":12}},"s":{"0":1,"1":1,"2":1,"3":1,"4":1,"5":0,"6":1,"7":1,"8":1,"9":1,"10":2,"11":2,"12":1,"13":0,"14":1,"15":1,"16":0,"17":0,"18":1,"19":0,"20":0,"21":0,"22":0,"23":1,"24":1,"25":1,"26":1},"f":{"0":1,"1":0,"2":1,"3":0,"4":0,"5":0},"b":{"0":[1,0],"1":[1,0],"2":[2,0],"3":[1,1],"4":[1,0],"5":[0,0],"6":[0,1]},"_coverageSchema":"43e27e138ebf9cfc5966b082cf9a028302ed4184","hash":"236167b571160474ec7a65ae4aa64aa1764be22c","contentHash":"9c480b7353717d9e31048beeece474790a361c47dfe22b701fcda6acc0c0d460"},"D:\\git\\memeLand-bed\\api\\index.js":{"path":"D:\\git\\memeLand-bed\\api\\index.js","statementMap":{"0":{"start":{"line":3,"column":13},"end":{"line":3,"column":40}},"1":{"start":{"line":5,"column":18},"end":{"line":5,"column":36}},"2":{"start":{"line":7,"column":18},"end":{"line":7,"column":36}},"3":{"start":{"line":9,"column":22},"end":{"line":9,"column":44}},"4":{"start":{"line":11,"column":24},"end":{"line":11,"column":48}},"5":{"start":{"line":13,"column":21},"end":{"line":13,"column":42}},"6":{"start":{"line":15,"column":15},"end":{"line":15,"column":54}},"7":{"start":{"line":16,"column":22},"end":{"line":16,"column":46}},"8":{"start":{"line":18,"column":0},"end":{"line":18,"column":34}},"9":{"start":{"line":19,"column":0},"end":{"line":19,"column":34}},"10":{"start":{"line":20,"column":0},"end":{"line":20,"column":42}},"11":{"start":{"line":21,"column":0},"end":{"line":21,"column":46}},"12":{"start":{"line":22,"column":0},"end":{"line":22,"column":40}},"13":{"start":{"line":23,"column":0},"end":{"line":23,"column":28}},"14":{"start":{"line":24,"column":0},"end":{"line":24,"column":24}}},"fnMap":{},"branchMap":{},"s":{"0":1,"1":1,"2":1,"3":1,"4":1,"5":1,"6":1,"7":1,"8":1,"9":1,"10":1,"11":1,"12":1,"13":1,"14":1},"f":{},"b":{},"_coverageSchema":"43e27e138ebf9cfc5966b082cf9a028302ed4184","hash":"51a07c4222b6843e13a898af8c4fd49156ef0ec0","contentHash":"a9cad8c61c242f7f89ce54b5047c7d1cadab5b3d31efaa04fd17bbeebb8f27f4"},"D:\\git\\memeLand-bed\\api\\memes\\index.js":{"path":"D:\\git\\memeLand-bed\\api\\memes\\index.js","statementMap":{"0":{"start":{"line":3,"column":13},"end":{"line":3,"column":40}},"1":{"start":{"line":5,"column":12},"end":{"line":5,"column":41}},"2":{"start":{"line":7,"column":17},"end":{"line":7,"column":39}},"3":{"start":{"line":9,"column":13},"end":{"line":9,"column":30}},"4":{"start":{"line":11,"column":14},"end":{"line":11,"column":32}},"5":{"start":{"line":13,"column":10},"end":{"line":13,"column":19}},"6":{"start":{"line":15,"column":0},"end":{"line":15,"column":27}},"7":{"start":{"line":16,"column":0},"end":{"line":18,"column":4}},"8":{"start":{"line":20,"column":13},"end":{"line":22,"column":2}},"9":{"start":{"line":25,"column":0},"end":{"line":31,"column":3}},"10":{"start":{"line":26,"column":2},"end":{"line":30,"column":5}},"11":{"start":{"line":27,"column":4},"end":{"line":27,"column":38}},"12":{"start":{"line":29,"column":4},"end":{"line":29,"column":16}},"13":{"start":{"line":33,"column":0},"end":{"line":42,"column":3}},"14":{"start":{"line":34,"column":19},"end":{"line":34,"column":38}},"15":{"start":{"line":35,"column":15},"end":{"line":35,"column":30}},"16":{"start":{"line":36,"column":2},"end":{"line":36,"column":35}},"17":{"start":{"line":37,"column":2},"end":{"line":41,"column":5}},"18":{"start":{"line":38,"column":4},"end":{"line":38,"column":19}},"19":{"start":{"line":40,"column":4},"end":{"line":40,"column":16}},"20":{"start":{"line":44,"column":0},"end":{"line":50,"column":3}},"21":{"start":{"line":45,"column":2},"end":{"line":49,"column":5}},"22":{"start":{"line":46,"column":4},"end":{"line":46,"column":38}},"23":{"start":{"line":48,"column":4},"end":{"line":48,"column":16}},"24":{"start":{"line":52,"column":0},"end":{"line":58,"column":3}},"25":{"start":{"line":53,"column":2},"end":{"line":57,"column":5}},"26":{"start":{"line":54,"column":4},"end":{"line":54,"column":38}},"27":{"start":{"line":56,"column":4},"end":{"line":56,"column":16}},"28":{"start":{"line":60,"column":0},"end":{"line":66,"column":3}},"29":{"start":{"line":61,"column":2},"end":{"line":65,"column":5}},"30":{"start":{"line":62,"column":4},"end":{"line":62,"column":20}},"31":{"start":{"line":64,"column":4},"end":{"line":64,"column":14}},"32":{"start":{"line":68,"column":0},"end":{"line":80,"column":3}},"33":{"start":{"line":69,"column":13},"end":{"line":69,"column":30}},"34":{"start":{"line":70,"column":13},"end":{"line":70,"column":26}},"35":{"start":{"line":71,"column":15},"end":{"line":71,"column":30}},"36":{"start":{"line":72,"column":18},"end":{"line":72,"column":36}},"37":{"start":{"line":73,"column":15},"end":{"line":73,"column":49}},"38":{"start":{"line":74,"column":16},"end":{"line":74,"column":85}},"39":{"start":{"line":75,"column":2},"end":{"line":79,"column":5}},"40":{"start":{"line":76,"column":4},"end":{"line":76,"column":76}},"41":{"start":{"line":78,"column":4},"end":{"line":78,"column":14}},"42":{"start":{"line":82,"column":0},"end":{"line":88,"column":3}},"43":{"start":{"line":83,"column":2},"end":{"line":87,"column":5}},"44":{"start":{"line":84,"column":4},"end":{"line":84,"column":67}},"45":{"start":{"line":86,"column":4},"end":{"line":86,"column":14}},"46":{"start":{"line":90,"column":0},"end":{"line":100,"column":3}},"47":{"start":{"line":91,"column":11},"end":{"line":91,"column":24}},"48":{"start":{"line":92,"column":15},"end":{"line":92,"column":30}},"49":{"start":{"line":93,"column":13},"end":{"line":93,"column":26}},"50":{"start":{"line":94,"column":18},"end":{"line":94,"column":36}},"51":{"start":{"line":95,"column":2},"end":{"line":99,"column":5}},"52":{"start":{"line":96,"column":4},"end":{"line":96,"column":141}},"53":{"start":{"line":98,"column":4},"end":{"line":98,"column":14}},"54":{"start":{"line":101,"column":0},"end":{"line":101,"column":24}}},"fnMap":{"0":{"name":"(anonymous_0)","decl":{"start":{"line":25,"column":31},"end":{"line":25,"column":32}},"loc":{"start":{"line":25,"column":57},"end":{"line":31,"column":1}},"line":25},"1":{"name":"(anonymous_1)","decl":{"start":{"line":26,"column":33},"end":{"line":26,"column":34}},"loc":{"start":{"line":26,"column":49},"end":{"line":28,"column":3}},"line":26},"2":{"name":"(anonymous_2)","decl":{"start":{"line":28,"column":14},"end":{"line":28,"column":15}},"loc":{"start":{"line":28,"column":31},"end":{"line":30,"column":3}},"line":28},"3":{"name":"(anonymous_3)","decl":{"start":{"line":33,"column":32},"end":{"line":33,"column":33}},"loc":{"start":{"line":33,"column":58},"end":{"line":42,"column":1}},"line":33},"4":{"name":"(anonymous_4)","decl":{"start":{"line":37,"column":45},"end":{"line":37,"column":46}},"loc":{"start":{"line":37,"column":57},"end":{"line":39,"column":3}},"line":37},"5":{"name":"(anonymous_5)","decl":{"start":{"line":39,"column":14},"end":{"line":39,"column":15}},"loc":{"start":{"line":39,"column":31},"end":{"line":41,"column":3}},"line":39},"6":{"name":"(anonymous_6)","decl":{"start":{"line":44,"column":29},"end":{"line":44,"column":30}},"loc":{"start":{"line":44,"column":55},"end":{"line":50,"column":1}},"line":44},"7":{"name":"(anonymous_7)","decl":{"start":{"line":45,"column":47},"end":{"line":45,"column":48}},"loc":{"start":{"line":45,"column":63},"end":{"line":47,"column":3}},"line":45},"8":{"name":"(anonymous_8)","decl":{"start":{"line":47,"column":14},"end":{"line":47,"column":15}},"loc":{"start":{"line":47,"column":31},"end":{"line":49,"column":3}},"line":47},"9":{"name":"(anonymous_9)","decl":{"start":{"line":52,"column":19},"end":{"line":52,"column":20}},"loc":{"start":{"line":52,"column":45},"end":{"line":58,"column":1}},"line":52},"10":{"name":"(anonymous_10)","decl":{"start":{"line":53,"column":40},"end":{"line":53,"column":41}},"loc":{"start":{"line":53,"column":56},"end":{"line":55,"column":3}},"line":53},"11":{"name":"(anonymous_11)","decl":{"start":{"line":55,"column":14},"end":{"line":55,"column":15}},"loc":{"start":{"line":55,"column":31},"end":{"line":57,"column":3}},"line":55},"12":{"name":"(anonymous_12)","decl":{"start":{"line":60,"column":16},"end":{"line":60,"column":17}},"loc":{"start":{"line":60,"column":42},"end":{"line":66,"column":1}},"line":60},"13":{"name":"(anonymous_13)","decl":{"start":{"line":61,"column":34},"end":{"line":61,"column":35}},"loc":{"start":{"line":61,"column":51},"end":{"line":63,"column":3}},"line":61},"14":{"name":"(anonymous_14)","decl":{"start":{"line":63,"column":14},"end":{"line":63,"column":15}},"loc":{"start":{"line":63,"column":29},"end":{"line":65,"column":3}},"line":63},"15":{"name":"(anonymous_15)","decl":{"start":{"line":68,"column":42},"end":{"line":68,"column":43}},"loc":{"start":{"line":68,"column":68},"end":{"line":80,"column":1}},"line":68},"16":{"name":"(anonymous_16)","decl":{"start":{"line":75,"column":22},"end":{"line":75,"column":23}},"loc":{"start":{"line":75,"column":34},"end":{"line":77,"column":3}},"line":75},"17":{"name":"(anonymous_17)","decl":{"start":{"line":77,"column":14},"end":{"line":77,"column":15}},"loc":{"start":{"line":77,"column":29},"end":{"line":79,"column":3}},"line":77},"18":{"name":"(anonymous_18)","decl":{"start":{"line":82,"column":25},"end":{"line":82,"column":26}},"loc":{"start":{"line":82,"column":51},"end":{"line":88,"column":1}},"line":82},"19":{"name":"(anonymous_19)","decl":{"start":{"line":83,"column":43},"end":{"line":83,"column":44}},"loc":{"start":{"line":83,"column":55},"end":{"line":85,"column":3}},"line":83},"20":{"name":"(anonymous_20)","decl":{"start":{"line":85,"column":14},"end":{"line":85,"column":15}},"loc":{"start":{"line":85,"column":29},"end":{"line":87,"column":3}},"line":85},"21":{"name":"(anonymous_21)","decl":{"start":{"line":90,"column":19},"end":{"line":90,"column":20}},"loc":{"start":{"line":90,"column":45},"end":{"line":100,"column":1}},"line":90},"22":{"name":"(anonymous_22)","decl":{"start":{"line":95,"column":57},"end":{"line":95,"column":58}},"loc":{"start":{"line":95,"column":69},"end":{"line":97,"column":3}},"line":95},"23":{"name":"(anonymous_23)","decl":{"start":{"line":97,"column":14},"end":{"line":97,"column":15}},"loc":{"start":{"line":97,"column":29},"end":{"line":99,"column":3}},"line":97}},"branchMap":{},"s":{"0":1,"1":1,"2":1,"3":1,"4":1,"5":1,"6":1,"7":1,"8":1,"9":1,"10":0,"11":0,"12":0,"13":1,"14":0,"15":0,"16":0,"17":0,"18":0,"19":0,"20":1,"21":0,"22":0,"23":0,"24":1,"25":0,"26":0,"27":0,"28":1,"29":1,"30":1,"31":0,"32":1,"33":0,"34":0,"35":0,"36":0,"37":0,"38":0,"39":0,"40":0,"41":0,"42":1,"43":0,"44":0,"45":0,"46":1,"47":0,"48":0,"49":0,"50":0,"51":0,"52":0,"53":0,"54":1},"f":{"0":0,"1":0,"2":0,"3":0,"4":0,"5":0,"6":0,"7":0,"8":0,"9":0,"10":0,"11":0,"12":1,"13":1,"14":0,"15":0,"16":0,"17":0,"18":0,"19":0,"20":0,"21":0,"22":0,"23":0},"b":{},"_coverageSchema":"43e27e138ebf9cfc5966b082cf9a028302ed4184","hash":"b46d8069a1786050abd5ab716cd3fd0fbd023d36","contentHash":"b4acf42da0dce5c04bac38f0d59c81423e39350136e82b06e63400a747de7d9e"},"D:\\git\\memeLand-bed\\models\\memes.js":{"path":"D:\\git\\memeLand-bed\\models\\memes.js","statementMap":{"0":{"start":{"line":3,"column":50},"end":{"line":3,"column":151}},"1":{"start":{"line":3,"column":92},"end":{"line":3,"column":149}},"2":{"start":{"line":5,"column":44},"end":{"line":5,"column":315}},"3":{"start":{"line":5,"column":57},"end":{"line":5,"column":58}},"4":{"start":{"line":5,"column":102},"end":{"line":5,"column":110}},"5":{"start":{"line":5,"column":112},"end":{"line":5,"column":167}},"6":{"start":{"line":5,"column":168},"end":{"line":5,"column":199}},"7":{"start":{"line":5,"column":200},"end":{"line":5,"column":254}},"8":{"start":{"line":5,"column":227},"end":{"line":5,"column":254}},"9":{"start":{"line":5,"column":255},"end":{"line":5,"column":313}},"10":{"start":{"line":7,"column":62},"end":{"line":7,"column":131}},"11":{"start":{"line":7,"column":78},"end":{"line":7,"column":131}},"12":{"start":{"line":7,"column":132},"end":{"line":7,"column":193}},"13":{"start":{"line":7,"column":149},"end":{"line":7,"column":193}},"14":{"start":{"line":7,"column":194},"end":{"line":7,"column":213}},"15":{"start":{"line":9,"column":9},"end":{"line":9,"column":45}},"16":{"start":{"line":11,"column":16},"end":{"line":11,"column":61}},"17":{"start":{"line":12,"column":18},"end":{"line":12,"column":56}},"18":{"start":{"line":13,"column":25},"end":{"line":13,"column":95}},"19":{"start":{"line":14,"column":26},"end":{"line":14,"column":72}},"20":{"start":{"line":15,"column":25},"end":{"line":15,"column":70}},"21":{"start":{"line":16,"column":19},"end":{"line":16,"column":69}},"22":{"start":{"line":17,"column":17},"end":{"line":17,"column":75}},"23":{"start":{"line":18,"column":18},"end":{"line":18,"column":54}},"24":{"start":{"line":19,"column":18},"end":{"line":19,"column":89}},"25":{"start":{"line":23,"column":0},"end":{"line":205,"column":3}},"26":{"start":{"line":25,"column":4},"end":{"line":25,"column":33}},"27":{"start":{"line":27,"column":4},"end":{"line":27,"column":25}},"28":{"start":{"line":28,"column":4},"end":{"line":28,"column":27}},"29":{"start":{"line":29,"column":4},"end":{"line":29,"column":25}},"30":{"start":{"line":30,"column":4},"end":{"line":30,"column":21}},"31":{"start":{"line":31,"column":4},"end":{"line":31,"column":21}},"32":{"start":{"line":32,"column":4},"end":{"line":32,"column":31}},"33":{"start":{"line":33,"column":4},"end":{"line":33,"column":23}},"34":{"start":{"line":34,"column":4},"end":{"line":34,"column":33}},"35":{"start":{"line":37,"column":2},"end":{"line":202,"column":6}},"36":{"start":{"line":40,"column":20},"end":{"line":40,"column":32}},"37":{"start":{"line":41,"column":19},"end":{"line":41,"column":30}},"38":{"start":{"line":42,"column":17},"end":{"line":42,"column":26}},"39":{"start":{"line":43,"column":17},"end":{"line":43,"column":26}},"40":{"start":{"line":44,"column":22},"end":{"line":44,"column":36}},"41":{"start":{"line":45,"column":6},"end":{"line":53,"column":9}},"42":{"start":{"line":46,"column":8},"end":{"line":52,"column":11}},"43":{"start":{"line":47,"column":10},"end":{"line":51,"column":11}},"44":{"start":{"line":48,"column":12},"end":{"line":48,"column":24}},"45":{"start":{"line":50,"column":12},"end":{"line":50,"column":22}},"46":{"start":{"line":58,"column":6},"end":{"line":70,"column":9}},"47":{"start":{"line":59,"column":8},"end":{"line":69,"column":11}},"48":{"start":{"line":60,"column":10},"end":{"line":68,"column":11}},"49":{"start":{"line":61,"column":12},"end":{"line":61,"column":26}},"50":{"start":{"line":62,"column":17},"end":{"line":68,"column":11}},"51":{"start":{"line":63,"column":12},"end":{"line":63,"column":37}},"52":{"start":{"line":65,"column":23},"end":{"line":65,"column":32}},"53":{"start":{"line":66,"column":31},"end":{"line":66,"column":147}},"54":{"start":{"line":67,"column":12},"end":{"line":67,"column":34}},"55":{"start":{"line":75,"column":6},"end":{"line":96,"column":9}},"56":{"start":{"line":76,"column":8},"end":{"line":95,"column":11}},"57":{"start":{"line":77,"column":10},"end":{"line":94,"column":11}},"58":{"start":{"line":78,"column":12},"end":{"line":78,"column":26}},"59":{"start":{"line":79,"column":17},"end":{"line":94,"column":11}},"60":{"start":{"line":80,"column":12},"end":{"line":80,"column":37}},"61":{"start":{"line":82,"column":24},"end":{"line":92,"column":14}},"62":{"start":{"line":83,"column":27},"end":{"line":83,"column":40}},"63":{"start":{"line":84,"column":28},"end":{"line":84,"column":42}},"64":{"start":{"line":85,"column":27},"end":{"line":85,"column":40}},"65":{"start":{"line":86,"column":25},"end":{"line":86,"column":36}},"66":{"start":{"line":87,"column":25},"end":{"line":87,"column":36}},"67":{"start":{"line":88,"column":30},"end":{"line":88,"column":46}},"68":{"start":{"line":89,"column":26},"end":{"line":89,"column":38}},"69":{"start":{"line":90,"column":31},"end":{"line":90,"column":48}},"70":{"start":{"line":91,"column":14},"end":{"line":91,"column":98}},"71":{"start":{"line":93,"column":12},"end":{"line":93,"column":27}},"72":{"start":{"line":101,"column":6},"end":{"line":122,"column":9}},"73":{"start":{"line":102,"column":8},"end":{"line":121,"column":11}},"74":{"start":{"line":103,"column":10},"end":{"line":120,"column":11}},"75":{"start":{"line":104,"column":12},"end":{"line":104,"column":24}},"76":{"start":{"line":105,"column":17},"end":{"line":120,"column":11}},"77":{"start":{"line":106,"column":12},"end":{"line":106,"column":37}},"78":{"start":{"line":108,"column":24},"end":{"line":118,"column":14}},"79":{"start":{"line":109,"column":27},"end":{"line":109,"column":40}},"80":{"start":{"line":110,"column":28},"end":{"line":110,"column":42}},"81":{"start":{"line":111,"column":27},"end":{"line":111,"column":40}},"82":{"start":{"line":112,"column":25},"end":{"line":112,"column":36}},"83":{"start":{"line":113,"column":25},"end":{"line":113,"column":36}},"84":{"start":{"line":114,"column":30},"end":{"line":114,"column":46}},"85":{"start":{"line":115,"column":26},"end":{"line":115,"column":38}},"86":{"start":{"line":116,"column":31},"end":{"line":116,"column":48}},"87":{"start":{"line":117,"column":14},"end":{"line":117,"column":98}},"88":{"start":{"line":119,"column":12},"end":{"line":119,"column":27}},"89":{"start":{"line":127,"column":6},"end":{"line":135,"column":9}},"90":{"start":{"line":128,"column":8},"end":{"line":134,"column":11}},"91":{"start":{"line":129,"column":10},"end":{"line":133,"column":11}},"92":{"start":{"line":130,"column":12},"end":{"line":130,"column":24}},"93":{"start":{"line":132,"column":12},"end":{"line":132,"column":22}},"94":{"start":{"line":140,"column":6},"end":{"line":161,"column":9}},"95":{"start":{"line":141,"column":8},"end":{"line":160,"column":11}},"96":{"start":{"line":142,"column":10},"end":{"line":159,"column":11}},"97":{"start":{"line":143,"column":12},"end":{"line":143,"column":24}},"98":{"start":{"line":144,"column":17},"end":{"line":159,"column":11}},"99":{"start":{"line":145,"column":12},"end":{"line":145,"column":37}},"100":{"start":{"line":147,"column":24},"end":{"line":157,"column":14}},"101":{"start":{"line":148,"column":27},"end":{"line":148,"column":40}},"102":{"start":{"line":149,"column":28},"end":{"line":149,"column":42}},"103":{"start":{"line":150,"column":27},"end":{"line":150,"column":40}},"104":{"start":{"line":151,"column":25},"end":{"line":151,"column":36}},"105":{"start":{"line":152,"column":25},"end":{"line":152,"column":36}},"106":{"start":{"line":153,"column":30},"end":{"line":153,"column":46}},"107":{"start":{"line":154,"column":26},"end":{"line":154,"column":38}},"108":{"start":{"line":155,"column":31},"end":{"line":155,"column":48}},"109":{"start":{"line":156,"column":14},"end":{"line":156,"column":98}},"110":{"start":{"line":158,"column":12},"end":{"line":158,"column":27}},"111":{"start":{"line":166,"column":6},"end":{"line":182,"column":9}},"112":{"start":{"line":167,"column":8},"end":{"line":181,"column":11}},"113":{"start":{"line":168,"column":10},"end":{"line":180,"column":11}},"114":{"start":{"line":169,"column":12},"end":{"line":169,"column":26}},"115":{"start":{"line":170,"column":17},"end":{"line":180,"column":11}},"116":{"start":{"line":171,"column":12},"end":{"line":171,"column":37}},"117":{"start":{"line":173,"column":12},"end":{"line":179,"column":15}},"118":{"start":{"line":174,"column":14},"end":{"line":178,"column":15}},"119":{"start":{"line":175,"column":16},"end":{"line":175,"column":28}},"120":{"start":{"line":177,"column":16},"end":{"line":177,"column":26}},"121":{"start":{"line":187,"column":6},"end":{"line":195,"column":9}},"122":{"start":{"line":188,"column":8},"end":{"line":194,"column":11}},"123":{"start":{"line":189,"column":10},"end":{"line":193,"column":11}},"124":{"start":{"line":190,"column":12},"end":{"line":190,"column":24}},"125":{"start":{"line":192,"column":12},"end":{"line":192,"column":22}},"126":{"start":{"line":200,"column":6},"end":{"line":200,"column":36}},"127":{"start":{"line":204,"column":2},"end":{"line":204,"column":15}},"128":{"start":{"line":207,"column":0},"end":{"line":207,"column":23}}},"fnMap":{"0":{"name":"_classCallCheck","decl":{"start":{"line":3,"column":9},"end":{"line":3,"column":24}},"loc":{"start":{"line":3,"column":48},"end":{"line":3,"column":153}},"line":3},"1":{"name":"_defineProperties","decl":{"start":{"line":5,"column":9},"end":{"line":5,"column":26}},"loc":{"start":{"line":5,"column":42},"end":{"line":5,"column":317}},"line":5},"2":{"name":"_createClass","decl":{"start":{"line":7,"column":9},"end":{"line":7,"column":21}},"loc":{"start":{"line":7,"column":60},"end":{"line":7,"column":215}},"line":7},"3":{"name":"(anonymous_3)","decl":{"start":{"line":23,"column":0},"end":{"line":23,"column":1}},"loc":{"start":{"line":23,"column":12},"end":{"line":205,"column":1}},"line":23},"4":{"name":"Memes","decl":{"start":{"line":24,"column":11},"end":{"line":24,"column":16}},"loc":{"start":{"line":24,"column":84},"end":{"line":35,"column":3}},"line":24},"5":{"name":"save","decl":{"start":{"line":39,"column":20},"end":{"line":39,"column":24}},"loc":{"start":{"line":39,"column":27},"end":{"line":54,"column":5}},"line":39},"6":{"name":"(anonymous_6)","decl":{"start":{"line":45,"column":25},"end":{"line":45,"column":26}},"loc":{"start":{"line":45,"column":52},"end":{"line":53,"column":7}},"line":45},"7":{"name":"(anonymous_7)","decl":{"start":{"line":46,"column":71},"end":{"line":46,"column":72}},"loc":{"start":{"line":46,"column":100},"end":{"line":52,"column":9}},"line":46},"8":{"name":"getMemeById","decl":{"start":{"line":57,"column":20},"end":{"line":57,"column":31}},"loc":{"start":{"line":57,"column":36},"end":{"line":71,"column":5}},"line":57},"9":{"name":"(anonymous_9)","decl":{"start":{"line":58,"column":25},"end":{"line":58,"column":26}},"loc":{"start":{"line":58,"column":52},"end":{"line":70,"column":7}},"line":58},"10":{"name":"(anonymous_10)","decl":{"start":{"line":59,"column":36},"end":{"line":59,"column":37}},"loc":{"start":{"line":59,"column":61},"end":{"line":69,"column":9}},"line":59},"11":{"name":"getMemeByCategoria","decl":{"start":{"line":74,"column":20},"end":{"line":74,"column":38}},"loc":{"start":{"line":74,"column":50},"end":{"line":97,"column":5}},"line":74},"12":{"name":"(anonymous_12)","decl":{"start":{"line":75,"column":25},"end":{"line":75,"column":26}},"loc":{"start":{"line":75,"column":52},"end":{"line":96,"column":7}},"line":75},"13":{"name":"(anonymous_13)","decl":{"start":{"line":76,"column":50},"end":{"line":76,"column":51}},"loc":{"start":{"line":76,"column":76},"end":{"line":95,"column":9}},"line":76},"14":{"name":"(anonymous_14)","decl":{"start":{"line":82,"column":36},"end":{"line":82,"column":37}},"loc":{"start":{"line":82,"column":54},"end":{"line":92,"column":13}},"line":82},"15":{"name":"getMemeNoAprobado","decl":{"start":{"line":100,"column":20},"end":{"line":100,"column":37}},"loc":{"start":{"line":100,"column":40},"end":{"line":123,"column":5}},"line":100},"16":{"name":"(anonymous_16)","decl":{"start":{"line":101,"column":25},"end":{"line":101,"column":26}},"loc":{"start":{"line":101,"column":52},"end":{"line":122,"column":7}},"line":101},"17":{"name":"(anonymous_17)","decl":{"start":{"line":102,"column":38},"end":{"line":102,"column":39}},"loc":{"start":{"line":102,"column":62},"end":{"line":121,"column":9}},"line":102},"18":{"name":"(anonymous_18)","decl":{"start":{"line":108,"column":36},"end":{"line":108,"column":37}},"loc":{"start":{"line":108,"column":54},"end":{"line":118,"column":13}},"line":108},"19":{"name":"aprobarMeme","decl":{"start":{"line":126,"column":20},"end":{"line":126,"column":31}},"loc":{"start":{"line":126,"column":48},"end":{"line":136,"column":5}},"line":126},"20":{"name":"(anonymous_20)","decl":{"start":{"line":127,"column":25},"end":{"line":127,"column":26}},"loc":{"start":{"line":127,"column":52},"end":{"line":135,"column":7}},"line":127},"21":{"name":"(anonymous_21)","decl":{"start":{"line":128,"column":49},"end":{"line":128,"column":50}},"loc":{"start":{"line":128,"column":72},"end":{"line":134,"column":9}},"line":128},"22":{"name":"getAllMemes","decl":{"start":{"line":139,"column":20},"end":{"line":139,"column":31}},"loc":{"start":{"line":139,"column":34},"end":{"line":162,"column":5}},"line":139},"23":{"name":"(anonymous_23)","decl":{"start":{"line":140,"column":25},"end":{"line":140,"column":26}},"loc":{"start":{"line":140,"column":52},"end":{"line":161,"column":7}},"line":140},"24":{"name":"(anonymous_24)","decl":{"start":{"line":141,"column":28},"end":{"line":141,"column":29}},"loc":{"start":{"line":141,"column":52},"end":{"line":160,"column":9}},"line":141},"25":{"name":"(anonymous_25)","decl":{"start":{"line":147,"column":36},"end":{"line":147,"column":37}},"loc":{"start":{"line":147,"column":54},"end":{"line":157,"column":13}},"line":147},"26":{"name":"deleteMemeById","decl":{"start":{"line":165,"column":20},"end":{"line":165,"column":34}},"loc":{"start":{"line":165,"column":39},"end":{"line":183,"column":5}},"line":165},"27":{"name":"(anonymous_27)","decl":{"start":{"line":166,"column":25},"end":{"line":166,"column":26}},"loc":{"start":{"line":166,"column":52},"end":{"line":182,"column":7}},"line":166},"28":{"name":"(anonymous_28)","decl":{"start":{"line":167,"column":36},"end":{"line":167,"column":37}},"loc":{"start":{"line":167,"column":61},"end":{"line":181,"column":9}},"line":167},"29":{"name":"(anonymous_29)","decl":{"start":{"line":173,"column":40},"end":{"line":173,"column":41}},"loc":{"start":{"line":173,"column":63},"end":{"line":179,"column":13}},"line":173},"30":{"name":"modifyMemeById","decl":{"start":{"line":186,"column":20},"end":{"line":186,"column":34}},"loc":{"start":{"line":186,"column":64},"end":{"line":196,"column":5}},"line":186},"31":{"name":"(anonymous_31)","decl":{"start":{"line":187,"column":25},"end":{"line":187,"column":26}},"loc":{"start":{"line":187,"column":52},"end":{"line":195,"column":7}},"line":187},"32":{"name":"(anonymous_32)","decl":{"start":{"line":188,"column":61},"end":{"line":188,"column":62}},"loc":{"start":{"line":188,"column":84},"end":{"line":194,"column":9}},"line":188},"33":{"name":"convertJSON","decl":{"start":{"line":199,"column":20},"end":{"line":199,"column":31}},"loc":{"start":{"line":199,"column":40},"end":{"line":201,"column":5}},"line":199}},"branchMap":{"0":{"loc":{"start":{"line":3,"column":50},"end":{"line":3,"column":151}},"type":"if","locations":[{"start":{"line":3,"column":50},"end":{"line":3,"column":151}},{"start":{"line":3,"column":50},"end":{"line":3,"column":151}}],"line":3},"1":{"loc":{"start":{"line":5,"column":136},"end":{"line":5,"column":166}},"type":"binary-expr","locations":[{"start":{"line":5,"column":136},"end":{"line":5,"column":157}},{"start":{"line":5,"column":161},"end":{"line":5,"column":166}}],"line":5},"2":{"loc":{"start":{"line":5,"column":200},"end":{"line":5,"column":254}},"type":"if","locations":[{"start":{"line":5,"column":200},"end":{"line":5,"column":254}},{"start":{"line":5,"column":200},"end":{"line":5,"column":254}}],"line":5},"3":{"loc":{"start":{"line":7,"column":62},"end":{"line":7,"column":131}},"type":"if","locations":[{"start":{"line":7,"column":62},"end":{"line":7,"column":131}},{"start":{"line":7,"column":62},"end":{"line":7,"column":131}}],"line":7},"4":{"loc":{"start":{"line":7,"column":132},"end":{"line":7,"column":193}},"type":"if","locations":[{"start":{"line":7,"column":132},"end":{"line":7,"column":193}},{"start":{"line":7,"column":132},"end":{"line":7,"column":193}}],"line":7},"5":{"loc":{"start":{"line":47,"column":10},"end":{"line":51,"column":11}},"type":"if","locations":[{"start":{"line":47,"column":10},"end":{"line":51,"column":11}},{"start":{"line":47,"column":10},"end":{"line":51,"column":11}}],"line":47},"6":{"loc":{"start":{"line":60,"column":10},"end":{"line":68,"column":11}},"type":"if","locations":[{"start":{"line":60,"column":10},"end":{"line":68,"column":11}},{"start":{"line":60,"column":10},"end":{"line":68,"column":11}}],"line":60},"7":{"loc":{"start":{"line":62,"column":17},"end":{"line":68,"column":11}},"type":"if","locations":[{"start":{"line":62,"column":17},"end":{"line":68,"column":11}},{"start":{"line":62,"column":17},"end":{"line":68,"column":11}}],"line":62},"8":{"loc":{"start":{"line":77,"column":10},"end":{"line":94,"column":11}},"type":"if","locations":[{"start":{"line":77,"column":10},"end":{"line":94,"column":11}},{"start":{"line":77,"column":10},"end":{"line":94,"column":11}}],"line":77},"9":{"loc":{"start":{"line":79,"column":17},"end":{"line":94,"column":11}},"type":"if","locations":[{"start":{"line":79,"column":17},"end":{"line":94,"column":11}},{"start":{"line":79,"column":17},"end":{"line":94,"column":11}}],"line":79},"10":{"loc":{"start":{"line":103,"column":10},"end":{"line":120,"column":11}},"type":"if","locations":[{"start":{"line":103,"column":10},"end":{"line":120,"column":11}},{"start":{"line":103,"column":10},"end":{"line":120,"column":11}}],"line":103},"11":{"loc":{"start":{"line":105,"column":17},"end":{"line":120,"column":11}},"type":"if","locations":[{"start":{"line":105,"column":17},"end":{"line":120,"column":11}},{"start":{"line":105,"column":17},"end":{"line":120,"column":11}}],"line":105},"12":{"loc":{"start":{"line":129,"column":10},"end":{"line":133,"column":11}},"type":"if","locations":[{"start":{"line":129,"column":10},"end":{"line":133,"column":11}},{"start":{"line":129,"column":10},"end":{"line":133,"column":11}}],"line":129},"13":{"loc":{"start":{"line":142,"column":10},"end":{"line":159,"column":11}},"type":"if","locations":[{"start":{"line":142,"column":10},"end":{"line":159,"column":11}},{"start":{"line":142,"column":10},"end":{"line":159,"column":11}}],"line":142},"14":{"loc":{"start":{"line":144,"column":17},"end":{"line":159,"column":11}},"type":"if","locations":[{"start":{"line":144,"column":17},"end":{"line":159,"column":11}},{"start":{"line":144,"column":17},"end":{"line":159,"column":11}}],"line":144},"15":{"loc":{"start":{"line":168,"column":10},"end":{"line":180,"column":11}},"type":"if","locations":[{"start":{"line":168,"column":10},"end":{"line":180,"column":11}},{"start":{"line":168,"column":10},"end":{"line":180,"column":11}}],"line":168},"16":{"loc":{"start":{"line":170,"column":17},"end":{"line":180,"column":11}},"type":"if","locations":[{"start":{"line":170,"column":17},"end":{"line":180,"column":11}},{"start":{"line":170,"column":17},"end":{"line":180,"column":11}}],"line":170},"17":{"loc":{"start":{"line":174,"column":14},"end":{"line":178,"column":15}},"type":"if","locations":[{"start":{"line":174,"column":14},"end":{"line":178,"column":15}},{"start":{"line":174,"column":14},"end":{"line":178,"column":15}}],"line":174},"18":{"loc":{"start":{"line":189,"column":10},"end":{"line":193,"column":11}},"type":"if","locations":[{"start":{"line":189,"column":10},"end":{"line":193,"column":11}},{"start":{"line":189,"column":10},"end":{"line":193,"column":11}}],"line":189}},"s":{"0":1,"1":0,"2":2,"3":2,"4":9,"5":9,"6":9,"7":9,"8":9,"9":9,"10":1,"11":1,"12":1,"13":1,"14":1,"15":1,"16":1,"17":1,"18":1,"19":1,"20":1,"21":1,"22":1,"23":1,"24":1,"25":1,"26":1,"27":1,"28":1,"29":1,"30":1,"31":1,"32":1,"33":1,"34":1,"35":1,"36":0,"37":0,"38":0,"39":0,"40":0,"41":0,"42":0,"43":0,"44":0,"45":0,"46":0,"47":0,"48":0,"49":0,"50":0,"51":0,"52":0,"53":0,"54":0,"55":0,"56":0,"57":0,"58":0,"59":0,"60":0,"61":0,"62":0,"63":0,"64":0,"65":0,"66":0,"67":0,"68":0,"69":0,"70":0,"71":0,"72":0,"73":0,"74":0,"75":0,"76":0,"77":0,"78":0,"79":0,"80":0,"81":0,"82":0,"83":0,"84":0,"85":0,"86":0,"87":0,"88":0,"89":0,"90":0,"91":0,"92":0,"93":0,"94":0,"95":0,"96":0,"97":0,"98":0,"99":0,"100":0,"101":0,"102":0,"103":0,"104":0,"105":0,"106":0,"107":0,"108":0,"109":0,"110":0,"111":0,"112":0,"113":0,"114":0,"115":0,"116":0,"117":0,"118":0,"119":0,"120":0,"121":0,"122":0,"123":0,"124":0,"125":0,"126":0,"127":1,"128":1},"f":{"0":1,"1":2,"2":1,"3":1,"4":1,"5":0,"6":0,"7":0,"8":0,"9":0,"10":0,"11":0,"12":0,"13":0,"14":0,"15":0,"16":0,"17":0,"18":0,"19":0,"20":0,"21":0,"22":0,"23":0,"24":0,"25":0,"26":0,"27":0,"28":0,"29":0,"30":0,"31":0,"32":0,"33":0},"b":{"0":[0,1],"1":[9,9],"2":[9,0],"3":[1,0],"4":[1,0],"5":[0,0],"6":[0,0],"7":[0,0],"8":[0,0],"9":[0,0],"10":[0,0],"11":[0,0],"12":[0,0],"13":[0,0],"14":[0,0],"15":[0,0],"16":[0,0],"17":[0,0],"18":[0,0]},"_coverageSchema":"43e27e138ebf9cfc5966b082cf9a028302ed4184","hash":"91f2d478fc17dfbe5c4de606c36d26bf1a710178","contentHash":"151af1bdb013a4310c70bf9cfb98fda6d251ddea17a158463cb441c7e3c86023"},"D:\\git\\memeLand-bed\\services\\db-connection.js":{"path":"D:\\git\\memeLand-bed\\services\\db-connection.js","statementMap":{"0":{"start":{"line":3,"column":12},"end":{"line":3,"column":28}},"1":{"start":{"line":6,"column":17},"end":{"line":11,"column":2}},"2":{"start":{"line":13,"column":0},"end":{"line":19,"column":3}},"3":{"start":{"line":14,"column":2},"end":{"line":18,"column":3}},"4":{"start":{"line":15,"column":4},"end":{"line":15,"column":21}},"5":{"start":{"line":17,"column":4},"end":{"line":17,"column":31}},"6":{"start":{"line":20,"column":0},"end":{"line":20,"column":28}}},"fnMap":{"0":{"name":"(anonymous_0)","decl":{"start":{"line":13,"column":19},"end":{"line":13,"column":20}},"loc":{"start":{"line":13,"column":34},"end":{"line":19,"column":1}},"line":13}},"branchMap":{"0":{"loc":{"start":{"line":14,"column":2},"end":{"line":18,"column":3}},"type":"if","locations":[{"start":{"line":14,"column":2},"end":{"line":18,"column":3}},{"start":{"line":14,"column":2},"end":{"line":18,"column":3}}],"line":14}},"s":{"0":1,"1":1,"2":1,"3":0,"4":0,"5":0,"6":1},"f":{"0":0},"b":{"0":[0,0]},"_coverageSchema":"43e27e138ebf9cfc5966b082cf9a028302ed4184","hash":"8bed09e34c8ee9b9963afcbf9dbbf4c9c6e4bfa5","contentHash":"1e058a638391f0d113144673a6b451d82fe207c2dc6cbeb7d17849bffc1b5bb0"},"D:\\git\\memeLand-bed\\api\\users\\index.js":{"path":"D:\\git\\memeLand-bed\\api\\users\\index.js","statementMap":{"0":{"start":{"line":3,"column":13},"end":{"line":3,"column":40}},"1":{"start":{"line":5,"column":12},"end":{"line":5,"column":41}},"2":{"start":{"line":7,"column":17},"end":{"line":7,"column":39}},"3":{"start":{"line":9,"column":13},"end":{"line":9,"column":30}},"4":{"start":{"line":11,"column":13},"end":{"line":11,"column":30}},"5":{"start":{"line":13,"column":14},"end":{"line":13,"column":32}},"6":{"start":{"line":15,"column":10},"end":{"line":15,"column":19}},"7":{"start":{"line":17,"column":17},"end":{"line":17,"column":19}},"8":{"start":{"line":19,"column":0},"end":{"line":19,"column":27}},"9":{"start":{"line":20,"column":0},"end":{"line":22,"column":4}},"10":{"start":{"line":24,"column":13},"end":{"line":26,"column":2}},"11":{"start":{"line":28,"column":0},"end":{"line":34,"column":3}},"12":{"start":{"line":29,"column":2},"end":{"line":33,"column":5}},"13":{"start":{"line":30,"column":4},"end":{"line":30,"column":38}},"14":{"start":{"line":32,"column":4},"end":{"line":32,"column":16}},"15":{"start":{"line":36,"column":0},"end":{"line":42,"column":3}},"16":{"start":{"line":37,"column":2},"end":{"line":41,"column":5}},"17":{"start":{"line":38,"column":4},"end":{"line":38,"column":20}},"18":{"start":{"line":40,"column":4},"end":{"line":40,"column":16}},"19":{"start":{"line":44,"column":0},"end":{"line":60,"column":3}},"20":{"start":{"line":45,"column":17},"end":{"line":45,"column":34}},"21":{"start":{"line":46,"column":15},"end":{"line":46,"column":30}},"22":{"start":{"line":47,"column":14},"end":{"line":47,"column":28}},"23":{"start":{"line":48,"column":2},"end":{"line":59,"column":5}},"24":{"start":{"line":49,"column":4},"end":{"line":58,"column":5}},"25":{"start":{"line":50,"column":6},"end":{"line":50,"column":16}},"26":{"start":{"line":52,"column":20},"end":{"line":52,"column":84}},"27":{"start":{"line":53,"column":6},"end":{"line":57,"column":9}},"28":{"start":{"line":54,"column":8},"end":{"line":54,"column":90}},"29":{"start":{"line":56,"column":8},"end":{"line":56,"column":20}},"30":{"start":{"line":62,"column":0},"end":{"line":72,"column":3}},"31":{"start":{"line":63,"column":2},"end":{"line":71,"column":5}},"32":{"start":{"line":64,"column":4},"end":{"line":64,"column":70}},"33":{"start":{"line":66,"column":4},"end":{"line":70,"column":5}},"34":{"start":{"line":67,"column":6},"end":{"line":67,"column":32}},"35":{"start":{"line":69,"column":6},"end":{"line":69,"column":16}},"36":{"start":{"line":74,"column":0},"end":{"line":86,"column":3}},"37":{"start":{"line":75,"column":15},"end":{"line":75,"column":49}},"38":{"start":{"line":76,"column":11},"end":{"line":76,"column":24}},"39":{"start":{"line":77,"column":13},"end":{"line":77,"column":26}},"40":{"start":{"line":78,"column":17},"end":{"line":78,"column":34}},"41":{"start":{"line":79,"column":16},"end":{"line":79,"column":32}},"42":{"start":{"line":80,"column":15},"end":{"line":80,"column":30}},"43":{"start":{"line":81,"column":2},"end":{"line":85,"column":5}},"44":{"start":{"line":82,"column":4},"end":{"line":82,"column":146}},"45":{"start":{"line":84,"column":4},"end":{"line":84,"column":14}},"46":{"start":{"line":87,"column":0},"end":{"line":87,"column":24}}},"fnMap":{"0":{"name":"(anonymous_0)","decl":{"start":{"line":28,"column":19},"end":{"line":28,"column":20}},"loc":{"start":{"line":28,"column":45},"end":{"line":34,"column":1}},"line":28},"1":{"name":"(anonymous_1)","decl":{"start":{"line":29,"column":40},"end":{"line":29,"column":41}},"loc":{"start":{"line":29,"column":56},"end":{"line":31,"column":3}},"line":29},"2":{"name":"(anonymous_2)","decl":{"start":{"line":31,"column":14},"end":{"line":31,"column":15}},"loc":{"start":{"line":31,"column":31},"end":{"line":33,"column":3}},"line":31},"3":{"name":"(anonymous_3)","decl":{"start":{"line":36,"column":16},"end":{"line":36,"column":17}},"loc":{"start":{"line":36,"column":42},"end":{"line":42,"column":1}},"line":36},"4":{"name":"(anonymous_4)","decl":{"start":{"line":37,"column":34},"end":{"line":37,"column":35}},"loc":{"start":{"line":37,"column":51},"end":{"line":39,"column":3}},"line":37},"5":{"name":"(anonymous_5)","decl":{"start":{"line":39,"column":14},"end":{"line":39,"column":15}},"loc":{"start":{"line":39,"column":31},"end":{"line":41,"column":3}},"line":39},"6":{"name":"(anonymous_6)","decl":{"start":{"line":44,"column":17},"end":{"line":44,"column":18}},"loc":{"start":{"line":44,"column":43},"end":{"line":60,"column":1}},"line":44},"7":{"name":"(anonymous_7)","decl":{"start":{"line":48,"column":45},"end":{"line":48,"column":46}},"loc":{"start":{"line":48,"column":66},"end":{"line":59,"column":3}},"line":48},"8":{"name":"(anonymous_8)","decl":{"start":{"line":53,"column":26},"end":{"line":53,"column":27}},"loc":{"start":{"line":53,"column":38},"end":{"line":55,"column":7}},"line":53},"9":{"name":"(anonymous_9)","decl":{"start":{"line":55,"column":18},"end":{"line":55,"column":19}},"loc":{"start":{"line":55,"column":35},"end":{"line":57,"column":7}},"line":55},"10":{"name":"(anonymous_10)","decl":{"start":{"line":62,"column":25},"end":{"line":62,"column":26}},"loc":{"start":{"line":62,"column":51},"end":{"line":72,"column":1}},"line":62},"11":{"name":"(anonymous_11)","decl":{"start":{"line":63,"column":49},"end":{"line":63,"column":50}},"loc":{"start":{"line":63,"column":61},"end":{"line":65,"column":3}},"line":63},"12":{"name":"(anonymous_12)","decl":{"start":{"line":65,"column":14},"end":{"line":65,"column":15}},"loc":{"start":{"line":65,"column":29},"end":{"line":71,"column":3}},"line":65},"13":{"name":"(anonymous_13)","decl":{"start":{"line":74,"column":44},"end":{"line":74,"column":45}},"loc":{"start":{"line":74,"column":70},"end":{"line":86,"column":1}},"line":74},"14":{"name":"(anonymous_14)","decl":{"start":{"line":81,"column":73},"end":{"line":81,"column":74}},"loc":{"start":{"line":81,"column":85},"end":{"line":83,"column":3}},"line":81},"15":{"name":"(anonymous_15)","decl":{"start":{"line":83,"column":14},"end":{"line":83,"column":15}},"loc":{"start":{"line":83,"column":29},"end":{"line":85,"column":3}},"line":83}},"branchMap":{"0":{"loc":{"start":{"line":49,"column":4},"end":{"line":58,"column":5}},"type":"if","locations":[{"start":{"line":49,"column":4},"end":{"line":58,"column":5}},{"start":{"line":49,"column":4},"end":{"line":58,"column":5}}],"line":49},"1":{"loc":{"start":{"line":66,"column":4},"end":{"line":70,"column":5}},"type":"if","locations":[{"start":{"line":66,"column":4},"end":{"line":70,"column":5}},{"start":{"line":66,"column":4},"end":{"line":70,"column":5}}],"line":66}},"s":{"0":1,"1":1,"2":1,"3":1,"4":1,"5":1,"6":1,"7":1,"8":1,"9":1,"10":1,"11":1,"12":0,"13":0,"14":0,"15":1,"16":1,"17":1,"18":0,"19":1,"20":0,"21":0,"22":0,"23":0,"24":0,"25":0,"26":0,"27":0,"28":0,"29":0,"30":1,"31":0,"32":0,"33":0,"34":0,"35":0,"36":1,"37":0,"38":0,"39":0,"40":0,"41":0,"42":0,"43":0,"44":0,"45":0,"46":1},"f":{"0":0,"1":0,"2":0,"3":1,"4":1,"5":0,"6":0,"7":0,"8":0,"9":0,"10":0,"11":0,"12":0,"13":0,"14":0,"15":0},"b":{"0":[0,0],"1":[0,0]},"_coverageSchema":"43e27e138ebf9cfc5966b082cf9a028302ed4184","hash":"06eb44c3fbaa4bf672e40375437d3e93ac1ecd0e","contentHash":"08e6d1dd3e7aabd9da7c9c83ad2ef216069f2bfe3051361abe280c4a8f4f764d"},"D:\\git\\memeLand-bed\\models\\users.js":{"path":"D:\\git\\memeLand-bed\\models\\users.js","statementMap":{"0":{"start":{"line":3,"column":50},"end":{"line":3,"column":151}},"1":{"start":{"line":3,"column":92},"end":{"line":3,"column":149}},"2":{"start":{"line":5,"column":44},"end":{"line":5,"column":315}},"3":{"start":{"line":5,"column":57},"end":{"line":5,"column":58}},"4":{"start":{"line":5,"column":102},"end":{"line":5,"column":110}},"5":{"start":{"line":5,"column":112},"end":{"line":5,"column":167}},"6":{"start":{"line":5,"column":168},"end":{"line":5,"column":199}},"7":{"start":{"line":5,"column":200},"end":{"line":5,"column":254}},"8":{"start":{"line":5,"column":227},"end":{"line":5,"column":254}},"9":{"start":{"line":5,"column":255},"end":{"line":5,"column":313}},"10":{"start":{"line":7,"column":62},"end":{"line":7,"column":131}},"11":{"start":{"line":7,"column":78},"end":{"line":7,"column":131}},"12":{"start":{"line":7,"column":132},"end":{"line":7,"column":193}},"13":{"start":{"line":7,"column":149},"end":{"line":7,"column":193}},"14":{"start":{"line":7,"column":194},"end":{"line":7,"column":213}},"15":{"start":{"line":9,"column":9},"end":{"line":9,"column":45}},"16":{"start":{"line":11,"column":16},"end":{"line":11,"column":37}},"17":{"start":{"line":12,"column":18},"end":{"line":12,"column":58}},"18":{"start":{"line":13,"column":17},"end":{"line":13,"column":71}},"19":{"start":{"line":14,"column":18},"end":{"line":14,"column":56}},"20":{"start":{"line":15,"column":18},"end":{"line":15,"column":115}},"21":{"start":{"line":19,"column":0},"end":{"line":140,"column":3}},"22":{"start":{"line":21,"column":4},"end":{"line":21,"column":33}},"23":{"start":{"line":23,"column":4},"end":{"line":23,"column":29}},"24":{"start":{"line":24,"column":4},"end":{"line":24,"column":29}},"25":{"start":{"line":25,"column":4},"end":{"line":25,"column":25}},"26":{"start":{"line":26,"column":4},"end":{"line":26,"column":23}},"27":{"start":{"line":27,"column":4},"end":{"line":27,"column":21}},"28":{"start":{"line":28,"column":4},"end":{"line":28,"column":29}},"29":{"start":{"line":29,"column":4},"end":{"line":29,"column":25}},"30":{"start":{"line":30,"column":4},"end":{"line":30,"column":27}},"31":{"start":{"line":31,"column":4},"end":{"line":31,"column":39}},"32":{"start":{"line":34,"column":2},"end":{"line":137,"column":6}},"33":{"start":{"line":37,"column":21},"end":{"line":37,"column":34}},"34":{"start":{"line":38,"column":21},"end":{"line":38,"column":34}},"35":{"start":{"line":39,"column":19},"end":{"line":39,"column":30}},"36":{"start":{"line":40,"column":18},"end":{"line":40,"column":28}},"37":{"start":{"line":41,"column":17},"end":{"line":41,"column":26}},"38":{"start":{"line":42,"column":21},"end":{"line":42,"column":34}},"39":{"start":{"line":43,"column":19},"end":{"line":43,"column":30}},"40":{"start":{"line":44,"column":20},"end":{"line":44,"column":32}},"41":{"start":{"line":45,"column":26},"end":{"line":45,"column":44}},"42":{"start":{"line":46,"column":6},"end":{"line":54,"column":9}},"43":{"start":{"line":47,"column":8},"end":{"line":53,"column":11}},"44":{"start":{"line":48,"column":10},"end":{"line":52,"column":11}},"45":{"start":{"line":49,"column":12},"end":{"line":49,"column":24}},"46":{"start":{"line":51,"column":12},"end":{"line":51,"column":22}},"47":{"start":{"line":59,"column":6},"end":{"line":71,"column":9}},"48":{"start":{"line":60,"column":8},"end":{"line":70,"column":11}},"49":{"start":{"line":61,"column":10},"end":{"line":69,"column":11}},"50":{"start":{"line":62,"column":12},"end":{"line":62,"column":24}},"51":{"start":{"line":63,"column":17},"end":{"line":69,"column":11}},"52":{"start":{"line":64,"column":12},"end":{"line":64,"column":37}},"53":{"start":{"line":66,"column":23},"end":{"line":66,"column":32}},"54":{"start":{"line":67,"column":28},"end":{"line":67,"column":165}},"55":{"start":{"line":68,"column":12},"end":{"line":68,"column":31}},"56":{"start":{"line":76,"column":6},"end":{"line":96,"column":9}},"57":{"start":{"line":77,"column":8},"end":{"line":95,"column":11}},"58":{"start":{"line":78,"column":10},"end":{"line":94,"column":11}},"59":{"start":{"line":79,"column":12},"end":{"line":79,"column":24}},"60":{"start":{"line":81,"column":24},"end":{"line":92,"column":14}},"61":{"start":{"line":82,"column":29},"end":{"line":82,"column":44}},"62":{"start":{"line":83,"column":29},"end":{"line":83,"column":44}},"63":{"start":{"line":84,"column":27},"end":{"line":84,"column":40}},"64":{"start":{"line":85,"column":26},"end":{"line":85,"column":38}},"65":{"start":{"line":86,"column":25},"end":{"line":86,"column":36}},"66":{"start":{"line":87,"column":29},"end":{"line":87,"column":44}},"67":{"start":{"line":88,"column":27},"end":{"line":88,"column":40}},"68":{"start":{"line":89,"column":28},"end":{"line":89,"column":42}},"69":{"start":{"line":90,"column":34},"end":{"line":90,"column":54}},"70":{"start":{"line":91,"column":14},"end":{"line":91,"column":114}},"71":{"start":{"line":93,"column":12},"end":{"line":93,"column":27}},"72":{"start":{"line":101,"column":6},"end":{"line":117,"column":9}},"73":{"start":{"line":102,"column":8},"end":{"line":116,"column":11}},"74":{"start":{"line":103,"column":10},"end":{"line":115,"column":11}},"75":{"start":{"line":104,"column":12},"end":{"line":104,"column":26}},"76":{"start":{"line":105,"column":17},"end":{"line":115,"column":11}},"77":{"start":{"line":106,"column":12},"end":{"line":106,"column":24}},"78":{"start":{"line":108,"column":12},"end":{"line":114,"column":15}},"79":{"start":{"line":109,"column":14},"end":{"line":113,"column":15}},"80":{"start":{"line":110,"column":16},"end":{"line":110,"column":28}},"81":{"start":{"line":112,"column":16},"end":{"line":112,"column":26}},"82":{"start":{"line":122,"column":6},"end":{"line":130,"column":9}},"83":{"start":{"line":123,"column":8},"end":{"line":129,"column":11}},"84":{"start":{"line":124,"column":10},"end":{"line":128,"column":11}},"85":{"start":{"line":125,"column":12},"end":{"line":125,"column":24}},"86":{"start":{"line":127,"column":12},"end":{"line":127,"column":22}},"87":{"start":{"line":135,"column":6},"end":{"line":135,"column":36}},"88":{"start":{"line":139,"column":2},"end":{"line":139,"column":15}},"89":{"start":{"line":142,"column":0},"end":{"line":142,"column":23}}},"fnMap":{"0":{"name":"_classCallCheck","decl":{"start":{"line":3,"column":9},"end":{"line":3,"column":24}},"loc":{"start":{"line":3,"column":48},"end":{"line":3,"column":153}},"line":3},"1":{"name":"_defineProperties","decl":{"start":{"line":5,"column":9},"end":{"line":5,"column":26}},"loc":{"start":{"line":5,"column":42},"end":{"line":5,"column":317}},"line":5},"2":{"name":"_createClass","decl":{"start":{"line":7,"column":9},"end":{"line":7,"column":21}},"loc":{"start":{"line":7,"column":60},"end":{"line":7,"column":215}},"line":7},"3":{"name":"(anonymous_3)","decl":{"start":{"line":19,"column":0},"end":{"line":19,"column":1}},"loc":{"start":{"line":19,"column":12},"end":{"line":140,"column":1}},"line":19},"4":{"name":"Users","decl":{"start":{"line":20,"column":11},"end":{"line":20,"column":16}},"loc":{"start":{"line":20,"column":100},"end":{"line":32,"column":3}},"line":20},"5":{"name":"save","decl":{"start":{"line":36,"column":20},"end":{"line":36,"column":24}},"loc":{"start":{"line":36,"column":27},"end":{"line":55,"column":5}},"line":36},"6":{"name":"(anonymous_6)","decl":{"start":{"line":46,"column":25},"end":{"line":46,"column":26}},"loc":{"start":{"line":46,"column":52},"end":{"line":54,"column":7}},"line":46},"7":{"name":"(anonymous_7)","decl":{"start":{"line":47,"column":114},"end":{"line":47,"column":115}},"loc":{"start":{"line":47,"column":143},"end":{"line":53,"column":9}},"line":47},"8":{"name":"getUserById","decl":{"start":{"line":58,"column":20},"end":{"line":58,"column":31}},"loc":{"start":{"line":58,"column":36},"end":{"line":72,"column":5}},"line":58},"9":{"name":"(anonymous_9)","decl":{"start":{"line":59,"column":25},"end":{"line":59,"column":26}},"loc":{"start":{"line":59,"column":52},"end":{"line":71,"column":7}},"line":59},"10":{"name":"(anonymous_10)","decl":{"start":{"line":60,"column":36},"end":{"line":60,"column":37}},"loc":{"start":{"line":60,"column":59},"end":{"line":70,"column":9}},"line":60},"11":{"name":"getAllUsers","decl":{"start":{"line":75,"column":20},"end":{"line":75,"column":31}},"loc":{"start":{"line":75,"column":34},"end":{"line":97,"column":5}},"line":75},"12":{"name":"(anonymous_12)","decl":{"start":{"line":76,"column":25},"end":{"line":76,"column":26}},"loc":{"start":{"line":76,"column":52},"end":{"line":96,"column":7}},"line":76},"13":{"name":"(anonymous_13)","decl":{"start":{"line":77,"column":28},"end":{"line":77,"column":29}},"loc":{"start":{"line":77,"column":52},"end":{"line":95,"column":9}},"line":77},"14":{"name":"(anonymous_14)","decl":{"start":{"line":81,"column":36},"end":{"line":81,"column":37}},"loc":{"start":{"line":81,"column":54},"end":{"line":92,"column":13}},"line":81},"15":{"name":"deleteUserById","decl":{"start":{"line":100,"column":20},"end":{"line":100,"column":34}},"loc":{"start":{"line":100,"column":49},"end":{"line":118,"column":5}},"line":100},"16":{"name":"(anonymous_16)","decl":{"start":{"line":101,"column":25},"end":{"line":101,"column":26}},"loc":{"start":{"line":101,"column":52},"end":{"line":117,"column":7}},"line":101},"17":{"name":"(anonymous_17)","decl":{"start":{"line":102,"column":36},"end":{"line":102,"column":37}},"loc":{"start":{"line":102,"column":61},"end":{"line":116,"column":9}},"line":102},"18":{"name":"(anonymous_18)","decl":{"start":{"line":108,"column":40},"end":{"line":108,"column":41}},"loc":{"start":{"line":108,"column":63},"end":{"line":114,"column":13}},"line":108},"19":{"name":"modifyUserById","decl":{"start":{"line":121,"column":20},"end":{"line":121,"column":34}},"loc":{"start":{"line":121,"column":80},"end":{"line":131,"column":5}},"line":121},"20":{"name":"(anonymous_20)","decl":{"start":{"line":122,"column":25},"end":{"line":122,"column":26}},"loc":{"start":{"line":122,"column":52},"end":{"line":130,"column":7}},"line":122},"21":{"name":"(anonymous_21)","decl":{"start":{"line":123,"column":77},"end":{"line":123,"column":78}},"loc":{"start":{"line":123,"column":100},"end":{"line":129,"column":9}},"line":123},"22":{"name":"convertJSON","decl":{"start":{"line":134,"column":20},"end":{"line":134,"column":31}},"loc":{"start":{"line":134,"column":40},"end":{"line":136,"column":5}},"line":134}},"branchMap":{"0":{"loc":{"start":{"line":3,"column":50},"end":{"line":3,"column":151}},"type":"if","locations":[{"start":{"line":3,"column":50},"end":{"line":3,"column":151}},{"start":{"line":3,"column":50},"end":{"line":3,"column":151}}],"line":3},"1":{"loc":{"start":{"line":5,"column":136},"end":{"line":5,"column":166}},"type":"binary-expr","locations":[{"start":{"line":5,"column":136},"end":{"line":5,"column":157}},{"start":{"line":5,"column":161},"end":{"line":5,"column":166}}],"line":5},"2":{"loc":{"start":{"line":5,"column":200},"end":{"line":5,"column":254}},"type":"if","locations":[{"start":{"line":5,"column":200},"end":{"line":5,"column":254}},{"start":{"line":5,"column":200},"end":{"line":5,"column":254}}],"line":5},"3":{"loc":{"start":{"line":7,"column":62},"end":{"line":7,"column":131}},"type":"if","locations":[{"start":{"line":7,"column":62},"end":{"line":7,"column":131}},{"start":{"line":7,"column":62},"end":{"line":7,"column":131}}],"line":7},"4":{"loc":{"start":{"line":7,"column":132},"end":{"line":7,"column":193}},"type":"if","locations":[{"start":{"line":7,"column":132},"end":{"line":7,"column":193}},{"start":{"line":7,"column":132},"end":{"line":7,"column":193}}],"line":7},"5":{"loc":{"start":{"line":48,"column":10},"end":{"line":52,"column":11}},"type":"if","locations":[{"start":{"line":48,"column":10},"end":{"line":52,"column":11}},{"start":{"line":48,"column":10},"end":{"line":52,"column":11}}],"line":48},"6":{"loc":{"start":{"line":61,"column":10},"end":{"line":69,"column":11}},"type":"if","locations":[{"start":{"line":61,"column":10},"end":{"line":69,"column":11}},{"start":{"line":61,"column":10},"end":{"line":69,"column":11}}],"line":61},"7":{"loc":{"start":{"line":63,"column":17},"end":{"line":69,"column":11}},"type":"if","locations":[{"start":{"line":63,"column":17},"end":{"line":69,"column":11}},{"start":{"line":63,"column":17},"end":{"line":69,"column":11}}],"line":63},"8":{"loc":{"start":{"line":78,"column":10},"end":{"line":94,"column":11}},"type":"if","locations":[{"start":{"line":78,"column":10},"end":{"line":94,"column":11}},{"start":{"line":78,"column":10},"end":{"line":94,"column":11}}],"line":78},"9":{"loc":{"start":{"line":103,"column":10},"end":{"line":115,"column":11}},"type":"if","locations":[{"start":{"line":103,"column":10},"end":{"line":115,"column":11}},{"start":{"line":103,"column":10},"end":{"line":115,"column":11}}],"line":103},"10":{"loc":{"start":{"line":105,"column":17},"end":{"line":115,"column":11}},"type":"if","locations":[{"start":{"line":105,"column":17},"end":{"line":115,"column":11}},{"start":{"line":105,"column":17},"end":{"line":115,"column":11}}],"line":105},"11":{"loc":{"start":{"line":109,"column":14},"end":{"line":113,"column":15}},"type":"if","locations":[{"start":{"line":109,"column":14},"end":{"line":113,"column":15}},{"start":{"line":109,"column":14},"end":{"line":113,"column":15}}],"line":109},"12":{"loc":{"start":{"line":124,"column":10},"end":{"line":128,"column":11}},"type":"if","locations":[{"start":{"line":124,"column":10},"end":{"line":128,"column":11}},{"start":{"line":124,"column":10},"end":{"line":128,"column":11}}],"line":124}},"s":{"0":2,"1":0,"2":2,"3":2,"4":6,"5":6,"6":6,"7":6,"8":6,"9":6,"10":1,"11":1,"12":1,"13":1,"14":1,"15":1,"16":1,"17":1,"18":1,"19":1,"20":1,"21":1,"22":2,"23":2,"24":2,"25":2,"26":2,"27":2,"28":2,"29":2,"30":2,"31":2,"32":1,"33":0,"34":0,"35":0,"36":0,"37":0,"38":0,"39":0,"40":0,"41":0,"42":0,"43":0,"44":0,"45":0,"46":0,"47":1,"48":1,"49":1,"50":0,"51":1,"52":0,"53":1,"54":1,"55":1,"56":0,"57":0,"58":0,"59":0,"60":0,"61":0,"62":0,"63":0,"64":0,"65":0,"66":0,"67":0,"68":0,"69":0,"70":0,"71":0,"72":0,"73":0,"74":0,"75":0,"76":0,"77":0,"78":0,"79":0,"80":0,"81":0,"82":0,"83":0,"84":0,"85":0,"86":0,"87":0,"88":1,"89":1},"f":{"0":2,"1":2,"2":1,"3":1,"4":2,"5":0,"6":0,"7":0,"8":1,"9":1,"10":1,"11":0,"12":0,"13":0,"14":0,"15":0,"16":0,"17":0,"18":0,"19":0,"20":0,"21":0,"22":0},"b":{"0":[0,2],"1":[6,6],"2":[6,0],"3":[1,0],"4":[1,0],"5":[0,0],"6":[0,1],"7":[0,1],"8":[0,0],"9":[0,0],"10":[0,0],"11":[0,0],"12":[0,0]},"_coverageSchema":"43e27e138ebf9cfc5966b082cf9a028302ed4184","hash":"ed6fe53ae076e25ae777fc7503521b8efea0576f","contentHash":"b5967a7281d65115c7c788d410c8fcfe1eeb7b3278eac899bfc9214eca9ddd28"},"D:\\git\\memeLand-bed\\api\\favoritos\\index.js":{"path":"D:\\git\\memeLand-bed\\api\\favoritos\\index.js","statementMap":{"0":{"start":{"line":3,"column":13},"end":{"line":3,"column":40}},"1":{"start":{"line":5,"column":16},"end":{"line":5,"column":49}},"2":{"start":{"line":7,"column":17},"end":{"line":7,"column":39}},"3":{"start":{"line":9,"column":14},"end":{"line":9,"column":32}},"4":{"start":{"line":11,"column":10},"end":{"line":11,"column":19}},"5":{"start":{"line":13,"column":0},"end":{"line":13,"column":27}},"6":{"start":{"line":14,"column":0},"end":{"line":16,"column":4}},"7":{"start":{"line":18,"column":0},"end":{"line":24,"column":3}},"8":{"start":{"line":19,"column":2},"end":{"line":23,"column":5}},"9":{"start":{"line":20,"column":4},"end":{"line":20,"column":41}},"10":{"start":{"line":22,"column":4},"end":{"line":22,"column":16}},"11":{"start":{"line":26,"column":0},"end":{"line":32,"column":3}},"12":{"start":{"line":27,"column":2},"end":{"line":31,"column":5}},"13":{"start":{"line":28,"column":4},"end":{"line":28,"column":41}},"14":{"start":{"line":30,"column":4},"end":{"line":30,"column":16}},"15":{"start":{"line":34,"column":0},"end":{"line":41,"column":3}},"16":{"start":{"line":35,"column":15},"end":{"line":35,"column":64}},"17":{"start":{"line":36,"column":2},"end":{"line":40,"column":5}},"18":{"start":{"line":37,"column":4},"end":{"line":37,"column":101}},"19":{"start":{"line":39,"column":4},"end":{"line":39,"column":14}},"20":{"start":{"line":43,"column":0},"end":{"line":49,"column":3}},"21":{"start":{"line":44,"column":2},"end":{"line":48,"column":5}},"22":{"start":{"line":45,"column":4},"end":{"line":45,"column":74}},"23":{"start":{"line":47,"column":4},"end":{"line":47,"column":14}},"24":{"start":{"line":50,"column":0},"end":{"line":50,"column":24}}},"fnMap":{"0":{"name":"(anonymous_0)","decl":{"start":{"line":18,"column":31},"end":{"line":18,"column":32}},"loc":{"start":{"line":18,"column":57},"end":{"line":24,"column":1}},"line":18},"1":{"name":"(anonymous_1)","decl":{"start":{"line":19,"column":60},"end":{"line":19,"column":61}},"loc":{"start":{"line":19,"column":75},"end":{"line":21,"column":3}},"line":19},"2":{"name":"(anonymous_2)","decl":{"start":{"line":21,"column":14},"end":{"line":21,"column":15}},"loc":{"start":{"line":21,"column":31},"end":{"line":23,"column":3}},"line":21},"3":{"name":"(anonymous_3)","decl":{"start":{"line":26,"column":29},"end":{"line":26,"column":30}},"loc":{"start":{"line":26,"column":55},"end":{"line":32,"column":1}},"line":26},"4":{"name":"(anonymous_4)","decl":{"start":{"line":27,"column":58},"end":{"line":27,"column":59}},"loc":{"start":{"line":27,"column":73},"end":{"line":29,"column":3}},"line":27},"5":{"name":"(anonymous_5)","decl":{"start":{"line":29,"column":14},"end":{"line":29,"column":15}},"loc":{"start":{"line":29,"column":31},"end":{"line":31,"column":3}},"line":29},"6":{"name":"(anonymous_6)","decl":{"start":{"line":34,"column":17},"end":{"line":34,"column":18}},"loc":{"start":{"line":34,"column":43},"end":{"line":41,"column":1}},"line":34},"7":{"name":"(anonymous_7)","decl":{"start":{"line":36,"column":21},"end":{"line":36,"column":22}},"loc":{"start":{"line":36,"column":33},"end":{"line":38,"column":3}},"line":36},"8":{"name":"(anonymous_8)","decl":{"start":{"line":38,"column":14},"end":{"line":38,"column":15}},"loc":{"start":{"line":38,"column":29},"end":{"line":40,"column":3}},"line":38},"9":{"name":"(anonymous_9)","decl":{"start":{"line":43,"column":22},"end":{"line":43,"column":23}},"loc":{"start":{"line":43,"column":48},"end":{"line":49,"column":1}},"line":43},"10":{"name":"(anonymous_10)","decl":{"start":{"line":44,"column":72},"end":{"line":44,"column":73}},"loc":{"start":{"line":44,"column":84},"end":{"line":46,"column":3}},"line":44},"11":{"name":"(anonymous_11)","decl":{"start":{"line":46,"column":14},"end":{"line":46,"column":15}},"loc":{"start":{"line":46,"column":29},"end":{"line":48,"column":3}},"line":46}},"branchMap":{},"s":{"0":1,"1":1,"2":1,"3":1,"4":1,"5":1,"6":1,"7":1,"8":0,"9":0,"10":0,"11":1,"12":0,"13":0,"14":0,"15":1,"16":0,"17":0,"18":0,"19":0,"20":1,"21":0,"22":0,"23":0,"24":1},"f":{"0":0,"1":0,"2":0,"3":0,"4":0,"5":0,"6":0,"7":0,"8":0,"9":0,"10":0,"11":0},"b":{},"_coverageSchema":"43e27e138ebf9cfc5966b082cf9a028302ed4184","hash":"3f5e60d661f068d0505234d085cc12fda0ac4207","contentHash":"a322c4b0a6e1cd127ff53cdfd320048783d5256be48cb0bbff6d65ff74ae0162"},"D:\\git\\memeLand-bed\\models\\favoritos.js":{"path":"D:\\git\\memeLand-bed\\models\\favoritos.js","statementMap":{"0":{"start":{"line":3,"column":50},"end":{"line":3,"column":151}},"1":{"start":{"line":3,"column":92},"end":{"line":3,"column":149}},"2":{"start":{"line":5,"column":44},"end":{"line":5,"column":315}},"3":{"start":{"line":5,"column":57},"end":{"line":5,"column":58}},"4":{"start":{"line":5,"column":102},"end":{"line":5,"column":110}},"5":{"start":{"line":5,"column":112},"end":{"line":5,"column":167}},"6":{"start":{"line":5,"column":168},"end":{"line":5,"column":199}},"7":{"start":{"line":5,"column":200},"end":{"line":5,"column":254}},"8":{"start":{"line":5,"column":227},"end":{"line":5,"column":254}},"9":{"start":{"line":5,"column":255},"end":{"line":5,"column":313}},"10":{"start":{"line":7,"column":62},"end":{"line":7,"column":131}},"11":{"start":{"line":7,"column":78},"end":{"line":7,"column":131}},"12":{"start":{"line":7,"column":132},"end":{"line":7,"column":193}},"13":{"start":{"line":7,"column":149},"end":{"line":7,"column":193}},"14":{"start":{"line":7,"column":194},"end":{"line":7,"column":213}},"15":{"start":{"line":9,"column":9},"end":{"line":9,"column":45}},"16":{"start":{"line":11,"column":28},"end":{"line":11,"column":70}},"17":{"start":{"line":12,"column":32},"end":{"line":12,"column":76}},"18":{"start":{"line":13,"column":20},"end":{"line":13,"column":57}},"19":{"start":{"line":14,"column":22},"end":{"line":14,"column":79}},"20":{"start":{"line":18,"column":0},"end":{"line":106,"column":3}},"21":{"start":{"line":20,"column":4},"end":{"line":20,"column":37}},"22":{"start":{"line":22,"column":4},"end":{"line":22,"column":25}},"23":{"start":{"line":23,"column":4},"end":{"line":23,"column":29}},"24":{"start":{"line":27,"column":2},"end":{"line":103,"column":6}},"25":{"start":{"line":31,"column":19},"end":{"line":31,"column":30}},"26":{"start":{"line":32,"column":21},"end":{"line":32,"column":34}},"27":{"start":{"line":33,"column":6},"end":{"line":41,"column":9}},"28":{"start":{"line":34,"column":8},"end":{"line":40,"column":11}},"29":{"start":{"line":35,"column":10},"end":{"line":39,"column":11}},"30":{"start":{"line":36,"column":12},"end":{"line":36,"column":24}},"31":{"start":{"line":38,"column":12},"end":{"line":38,"column":22}},"32":{"start":{"line":46,"column":6},"end":{"line":61,"column":9}},"33":{"start":{"line":47,"column":8},"end":{"line":60,"column":11}},"34":{"start":{"line":48,"column":10},"end":{"line":59,"column":11}},"35":{"start":{"line":49,"column":12},"end":{"line":49,"column":24}},"36":{"start":{"line":50,"column":17},"end":{"line":59,"column":11}},"37":{"start":{"line":51,"column":12},"end":{"line":51,"column":58}},"38":{"start":{"line":53,"column":28},"end":{"line":57,"column":14}},"39":{"start":{"line":54,"column":27},"end":{"line":54,"column":40}},"40":{"start":{"line":55,"column":29},"end":{"line":55,"column":44}},"41":{"start":{"line":56,"column":14},"end":{"line":56,"column":53}},"42":{"start":{"line":58,"column":12},"end":{"line":58,"column":31}},"43":{"start":{"line":67,"column":6},"end":{"line":82,"column":9}},"44":{"start":{"line":68,"column":8},"end":{"line":81,"column":11}},"45":{"start":{"line":69,"column":10},"end":{"line":80,"column":11}},"46":{"start":{"line":70,"column":12},"end":{"line":70,"column":24}},"47":{"start":{"line":71,"column":17},"end":{"line":80,"column":11}},"48":{"start":{"line":72,"column":12},"end":{"line":72,"column":53}},"49":{"start":{"line":74,"column":28},"end":{"line":78,"column":14}},"50":{"start":{"line":75,"column":27},"end":{"line":75,"column":40}},"51":{"start":{"line":76,"column":29},"end":{"line":76,"column":44}},"52":{"start":{"line":77,"column":14},"end":{"line":77,"column":53}},"53":{"start":{"line":79,"column":12},"end":{"line":79,"column":31}},"54":{"start":{"line":88,"column":6},"end":{"line":96,"column":9}},"55":{"start":{"line":89,"column":8},"end":{"line":95,"column":11}},"56":{"start":{"line":90,"column":10},"end":{"line":94,"column":11}},"57":{"start":{"line":91,"column":12},"end":{"line":91,"column":26}},"58":{"start":{"line":93,"column":12},"end":{"line":93,"column":22}},"59":{"start":{"line":101,"column":6},"end":{"line":101,"column":36}},"60":{"start":{"line":105,"column":2},"end":{"line":105,"column":19}},"61":{"start":{"line":108,"column":0},"end":{"line":108,"column":27}}},"fnMap":{"0":{"name":"_classCallCheck","decl":{"start":{"line":3,"column":9},"end":{"line":3,"column":24}},"loc":{"start":{"line":3,"column":48},"end":{"line":3,"column":153}},"line":3},"1":{"name":"_defineProperties","decl":{"start":{"line":5,"column":9},"end":{"line":5,"column":26}},"loc":{"start":{"line":5,"column":42},"end":{"line":5,"column":317}},"line":5},"2":{"name":"_createClass","decl":{"start":{"line":7,"column":9},"end":{"line":7,"column":21}},"loc":{"start":{"line":7,"column":60},"end":{"line":7,"column":215}},"line":7},"3":{"name":"(anonymous_3)","decl":{"start":{"line":18,"column":0},"end":{"line":18,"column":1}},"loc":{"start":{"line":18,"column":12},"end":{"line":106,"column":1}},"line":18},"4":{"name":"Favoritos","decl":{"start":{"line":19,"column":11},"end":{"line":19,"column":20}},"loc":{"start":{"line":19,"column":39},"end":{"line":24,"column":3}},"line":19},"5":{"name":"save","decl":{"start":{"line":30,"column":20},"end":{"line":30,"column":24}},"loc":{"start":{"line":30,"column":27},"end":{"line":42,"column":5}},"line":30},"6":{"name":"(anonymous_6)","decl":{"start":{"line":33,"column":25},"end":{"line":33,"column":26}},"loc":{"start":{"line":33,"column":52},"end":{"line":41,"column":7}},"line":33},"7":{"name":"(anonymous_7)","decl":{"start":{"line":34,"column":52},"end":{"line":34,"column":53}},"loc":{"start":{"line":34,"column":81},"end":{"line":40,"column":9}},"line":34},"8":{"name":"getAllFavoritosByUser","decl":{"start":{"line":45,"column":20},"end":{"line":45,"column":41}},"loc":{"start":{"line":45,"column":52},"end":{"line":62,"column":5}},"line":45},"9":{"name":"(anonymous_9)","decl":{"start":{"line":46,"column":25},"end":{"line":46,"column":26}},"loc":{"start":{"line":46,"column":52},"end":{"line":61,"column":7}},"line":46},"10":{"name":"(anonymous_10)","decl":{"start":{"line":47,"column":56},"end":{"line":47,"column":57}},"loc":{"start":{"line":47,"column":80},"end":{"line":60,"column":9}},"line":47},"11":{"name":"(anonymous_11)","decl":{"start":{"line":53,"column":40},"end":{"line":53,"column":41}},"loc":{"start":{"line":53,"column":58},"end":{"line":57,"column":13}},"line":53},"12":{"name":"getAllFavoritosByMeme","decl":{"start":{"line":66,"column":20},"end":{"line":66,"column":41}},"loc":{"start":{"line":66,"column":50},"end":{"line":83,"column":5}},"line":66},"13":{"name":"(anonymous_13)","decl":{"start":{"line":67,"column":25},"end":{"line":67,"column":26}},"loc":{"start":{"line":67,"column":52},"end":{"line":82,"column":7}},"line":67},"14":{"name":"(anonymous_14)","decl":{"start":{"line":68,"column":50},"end":{"line":68,"column":51}},"loc":{"start":{"line":68,"column":74},"end":{"line":81,"column":9}},"line":68},"15":{"name":"(anonymous_15)","decl":{"start":{"line":74,"column":40},"end":{"line":74,"column":41}},"loc":{"start":{"line":74,"column":58},"end":{"line":78,"column":13}},"line":74},"16":{"name":"deleteFavoritoById","decl":{"start":{"line":87,"column":20},"end":{"line":87,"column":38}},"loc":{"start":{"line":87,"column":53},"end":{"line":97,"column":5}},"line":87},"17":{"name":"(anonymous_17)","decl":{"start":{"line":88,"column":25},"end":{"line":88,"column":26}},"loc":{"start":{"line":88,"column":52},"end":{"line":96,"column":7}},"line":88},"18":{"name":"(anonymous_18)","decl":{"start":{"line":89,"column":50},"end":{"line":89,"column":51}},"loc":{"start":{"line":89,"column":75},"end":{"line":95,"column":9}},"line":89},"19":{"name":"convertJSON","decl":{"start":{"line":100,"column":20},"end":{"line":100,"column":31}},"loc":{"start":{"line":100,"column":40},"end":{"line":102,"column":5}},"line":100}},"branchMap":{"0":{"loc":{"start":{"line":3,"column":50},"end":{"line":3,"column":151}},"type":"if","locations":[{"start":{"line":3,"column":50},"end":{"line":3,"column":151}},{"start":{"line":3,"column":50},"end":{"line":3,"column":151}}],"line":3},"1":{"loc":{"start":{"line":5,"column":136},"end":{"line":5,"column":166}},"type":"binary-expr","locations":[{"start":{"line":5,"column":136},"end":{"line":5,"column":157}},{"start":{"line":5,"column":161},"end":{"line":5,"column":166}}],"line":5},"2":{"loc":{"start":{"line":5,"column":200},"end":{"line":5,"column":254}},"type":"if","locations":[{"start":{"line":5,"column":200},"end":{"line":5,"column":254}},{"start":{"line":5,"column":200},"end":{"line":5,"column":254}}],"line":5},"3":{"loc":{"start":{"line":7,"column":62},"end":{"line":7,"column":131}},"type":"if","locations":[{"start":{"line":7,"column":62},"end":{"line":7,"column":131}},{"start":{"line":7,"column":62},"end":{"line":7,"column":131}}],"line":7},"4":{"loc":{"start":{"line":7,"column":132},"end":{"line":7,"column":193}},"type":"if","locations":[{"start":{"line":7,"column":132},"end":{"line":7,"column":193}},{"start":{"line":7,"column":132},"end":{"line":7,"column":193}}],"line":7},"5":{"loc":{"start":{"line":35,"column":10},"end":{"line":39,"column":11}},"type":"if","locations":[{"start":{"line":35,"column":10},"end":{"line":39,"column":11}},{"start":{"line":35,"column":10},"end":{"line":39,"column":11}}],"line":35},"6":{"loc":{"start":{"line":48,"column":10},"end":{"line":59,"column":11}},"type":"if","locations":[{"start":{"line":48,"column":10},"end":{"line":59,"column":11}},{"start":{"line":48,"column":10},"end":{"line":59,"column":11}}],"line":48},"7":{"loc":{"start":{"line":50,"column":17},"end":{"line":59,"column":11}},"type":"if","locations":[{"start":{"line":50,"column":17},"end":{"line":59,"column":11}},{"start":{"line":50,"column":17},"end":{"line":59,"column":11}}],"line":50},"8":{"loc":{"start":{"line":69,"column":10},"end":{"line":80,"column":11}},"type":"if","locations":[{"start":{"line":69,"column":10},"end":{"line":80,"column":11}},{"start":{"line":69,"column":10},"end":{"line":80,"column":11}}],"line":69},"9":{"loc":{"start":{"line":71,"column":17},"end":{"line":80,"column":11}},"type":"if","locations":[{"start":{"line":71,"column":17},"end":{"line":80,"column":11}},{"start":{"line":71,"column":17},"end":{"line":80,"column":11}}],"line":71},"10":{"loc":{"start":{"line":90,"column":10},"end":{"line":94,"column":11}},"type":"if","locations":[{"start":{"line":90,"column":10},"end":{"line":94,"column":11}},{"start":{"line":90,"column":10},"end":{"line":94,"column":11}}],"line":90}},"s":{"0":0,"1":0,"2":2,"3":2,"4":5,"5":5,"6":5,"7":5,"8":5,"9":5,"10":1,"11":1,"12":1,"13":1,"14":1,"15":1,"16":1,"17":1,"18":1,"19":1,"20":1,"21":0,"22":0,"23":0,"24":1,"25":0,"26":0,"27":0,"28":0,"29":0,"30":0,"31":0,"32":0,"33":0,"34":0,"35":0,"36":0,"37":0,"38":0,"39":0,"40":0,"41":0,"42":0,"43":0,"44":0,"45":0,"46":0,"47":0,"48":0,"49":0,"50":0,"51":0,"52":0,"53":0,"54":0,"55":0,"56":0,"57":0,"58":0,"59":0,"60":1,"61":1},"f":{"0":0,"1":2,"2":1,"3":1,"4":0,"5":0,"6":0,"7":0,"8":0,"9":0,"10":0,"11":0,"12":0,"13":0,"14":0,"15":0,"16":0,"17":0,"18":0,"19":0},"b":{"0":[0,0],"1":[5,5],"2":[5,0],"3":[1,0],"4":[1,0],"5":[0,0],"6":[0,0],"7":[0,0],"8":[0,0],"9":[0,0],"10":[0,0]},"_coverageSchema":"43e27e138ebf9cfc5966b082cf9a028302ed4184","hash":"7c050e66efa6ccc1be75c56637c0b51170aeb002"
[...]
":38},"7":{"name":"(anonymous_7)","decl":{"start":{"line":39,"column":69},"end":{"line":39,"column":70}},"loc":{"start":{"line":39,"column":98},"end":{"line":45,"column":9}},"line":39},"8":{"name":"getAllPuntajesByCreador","decl":{"start":{"line":50,"column":20},"end":{"line":50,"column":43}},"loc":{"start":{"line":50,"column":53},"end":{"line":63,"column":5}},"line":50},"9":{"name":"(anonymous_9)","decl":{"start":{"line":51,"column":25},"end":{"line":51,"column":26}},"loc":{"start":{"line":51,"column":52},"end":{"line":62,"column":7}},"line":51},"10":{"name":"(anonymous_10)","decl":{"start":{"line":52,"column":53},"end":{"line":52,"column":54}},"loc":{"start":{"line":52,"column":77},"end":{"line":61,"column":9}},"line":52},"11":{"name":"getAllPuntajesByUser","decl":{"start":{"line":67,"column":20},"end":{"line":67,"column":40}},"loc":{"start":{"line":67,"column":51},"end":{"line":86,"column":5}},"line":67},"12":{"name":"(anonymous_12)","decl":{"start":{"line":68,"column":25},"end":{"line":68,"column":26}},"loc":{"start":{"line":68,"column":52},"end":{"line":85,"column":7}},"line":68},"13":{"name":"(anonymous_13)","decl":{"start":{"line":69,"column":55},"end":{"line":69,"column":56}},"loc":{"start":{"line":69,"column":79},"end":{"line":84,"column":9}},"line":69},"14":{"name":"(anonymous_14)","decl":{"start":{"line":75,"column":39},"end":{"line":75,"column":40}},"loc":{"start":{"line":75,"column":57},"end":{"line":81,"column":13}},"line":75},"15":{"name":"getAllPuntajesByMeme","decl":{"start":{"line":90,"column":20},"end":{"line":90,"column":40}},"loc":{"start":{"line":90,"column":49},"end":{"line":109,"column":5}},"line":90},"16":{"name":"(anonymous_16)","decl":{"start":{"line":91,"column":25},"end":{"line":91,"column":26}},"loc":{"start":{"line":91,"column":52},"end":{"line":108,"column":7}},"line":91},"17":{"name":"(anonymous_17)","decl":{"start":{"line":92,"column":49},"end":{"line":92,"column":50}},"loc":{"start":{"line":92,"column":73},"end":{"line":107,"column":9}},"line":92},"18":{"name":"(anonymous_18)","decl":{"start":{"line":98,"column":39},"end":{"line":98,"column":40}},"loc":{"start":{"line":98,"column":57},"end":{"line":104,"column":13}},"line":98},"19":{"name":"deletePuntajeById","decl":{"start":{"line":113,"column":20},"end":{"line":113,"column":37}},"loc":{"start":{"line":113,"column":52},"end":{"line":123,"column":5}},"line":113},"20":{"name":"(anonymous_20)","decl":{"start":{"line":114,"column":25},"end":{"line":114,"column":26}},"loc":{"start":{"line":114,"column":52},"end":{"line":122,"column":7}},"line":114},"21":{"name":"(anonymous_21)","decl":{"start":{"line":115,"column":49},"end":{"line":115,"column":50}},"loc":{"start":{"line":115,"column":74},"end":{"line":121,"column":9}},"line":115},"22":{"name":"convertJSON","decl":{"start":{"line":126,"column":20},"end":{"line":126,"column":31}},"loc":{"start":{"line":126,"column":40},"end":{"line":128,"column":5}},"line":126}},"branchMap":{"0":{"loc":{"start":{"line":3,"column":50},"end":{"line":3,"column":151}},"type":"if","locations":[{"start":{"line":3,"column":50},"end":{"line":3,"column":151}},{"start":{"line":3,"column":50},"end":{"line":3,"column":151}}],"line":3},"1":{"loc":{"start":{"line":5,"column":136},"end":{"line":5,"column":166}},"type":"binary-expr","locations":[{"start":{"line":5,"column":136},"end":{"line":5,"column":157}},{"start":{"line":5,"column":161},"end":{"line":5,"column":166}}],"line":5},"2":{"loc":{"start":{"line":5,"column":200},"end":{"line":5,"column":254}},"type":"if","locations":[{"start":{"line":5,"column":200},"end":{"line":5,"column":254}},{"start":{"line":5,"column":200},"end":{"line":5,"column":254}}],"line":5},"3":{"loc":{"start":{"line":7,"column":62},"end":{"line":7,"column":131}},"type":"if","locations":[{"start":{"line":7,"column":62},"end":{"line":7,"column":131}},{"start":{"line":7,"column":62},"end":{"line":7,"column":131}}],"line":7},"4":{"loc":{"start":{"line":7,"column":132},"end":{"line":7,"column":193}},"type":"if","locations":[{"start":{"line":7,"column":132},"end":{"line":7,"column":193}},{"start":{"line":7,"column":132},"end":{"line":7,"column":193}}],"line":7},"5":{"loc":{"start":{"line":40,"column":10},"end":{"line":44,"column":11}},"type":"if","locations":[{"start":{"line":40,"column":10},"end":{"line":44,"column":11}},{"start":{"line":40,"column":10},"end":{"line":44,"column":11}}],"line":40},"6":{"loc":{"start":{"line":53,"column":10},"end":{"line":60,"column":11}},"type":"if","locations":[{"start":{"line":53,"column":10},"end":{"line":60,"column":11}},{"start":{"line":53,"column":10},"end":{"line":60,"column":11}}],"line":53},"7":{"loc":{"start":{"line":55,"column":17},"end":{"line":60,"column":11}},"type":"if","locations":[{"start":{"line":55,"column":17},"end":{"line":60,"column":11}},{"start":{"line":55,"column":17},"end":{"line":60,"column":11}}],"line":55},"8":{"loc":{"start":{"line":70,"column":10},"end":{"line":83,"column":11}},"type":"if","locations":[{"start":{"line":70,"column":10},"end":{"line":83,"column":11}},{"start":{"line":70,"column":10},"end":{"line":83,"column":11}}],"line":70},"9":{"loc":{"start":{"line":72,"column":17},"end":{"line":83,"column":11}},"type":"if","locations":[{"start":{"line":72,"column":17},"end":{"line":83,"column":11}},{"start":{"line":72,"column":17},"end":{"line":83,"column":11}}],"line":72},"10":{"loc":{"start":{"line":93,"column":10},"end":{"line":106,"column":11}},"type":"if","locations":[{"start":{"line":93,"column":10},"end":{"line":106,"column":11}},{"start":{"line":93,"column":10},"end":{"line":106,"column":11}}],"line":93},"11":{"loc":{"start":{"line":95,"column":17},"end":{"line":106,"column":11}},"type":"if","locations":[{"start":{"line":95,"column":17},"end":{"line":106,"column":11}},{"start":{"line":95,"column":17},"end":{"line":106,"column":11}}],"line":95},"12":{"loc":{"start":{"line":116,"column":10},"end":{"line":120,"column":11}},"type":"if","locations":[{"start":{"line":116,"column":10},"end":{"line":120,"column":11}},{"start":{"line":116,"column":10},"end":{"line":120,"column":11}}],"line":116}},"s":{"0":0,"1":0,"2":2,"3":2,"4":6,"5":6,"6":6,"7":6,"8":6,"9":6,"10":1,"11":1,"12":1,"13":1,"14":1,"15":1,"16":1,"17":1,"18":1,"19":1,"20":1,"21":1,"22":0,"23":0,"24":0,"25":0,"26":0,"27":1,"28":0,"29":0,"30":0,"31":0,"32":0,"33":0,"34":0,"35":0,"36":0,"37":0,"38":0,"39":0,"40":0,"41":0,"42":0,"43":0,"44":0,"45":0,"46":0,"47":0,"48":0,"49":0,"50":0,"51":0,"52":0,"53":0,"54":0,"55":0,"56":0,"57":0,"58":0,"59":0,"60":0,"61":0,"62":0,"63":0,"64":0,"65":0,"66":0,"67":0,"68":0,"69":0,"70":0,"71":0,"72":0,"73":0,"74":0,"75":0,"76":0,"77":1,"78":1},"f":{"0":0,"1":2,"2":1,"3":1,"4":0,"5":0,"6":0,"7":0,"8":0,"9":0,"10":0,"11":0,"12":0,"13":0,"14":0,"15":0,"16":0,"17":0,"18":0,"19":0,"20":0,"21":0,"22":0},"b":{"0":[0,0],"1":[6,6],"2":[6,0],"3":[1,0],"4":[1,0],"5":[0,0],"6":[0,0],"7":[0,0],"8":[0,0],"9":[0,0],"10":[0,0],"11":[0,0],"12":[0,0]},"_coverageSchema":"43e27e138ebf9cfc5966b082cf9a028302ed4184","hash":"ecd7fa5a14b13ea00120a37d90971b028f38e639","contentHash":"b61f1e6388b4ca5d12d7a62582f967ba43952ce70cab190e5a042f26956538db"},"D:\\git\\memeLand-bed\\middlewares\\error-handler.js":{"path":"D:\\git\\memeLand-bed\\middlewares\\error-handler.js","statementMap":{"0":{"start":{"line":3,"column":22},"end":{"line":9,"column":1}},"1":{"start":{"line":4,"column":2},"end":{"line":4,"column":21}},"2":{"start":{"line":5,"column":2},"end":{"line":5,"column":18}},"3":{"start":{"line":6,"column":2},"end":{"line":8,"column":5}},"4":{"start":{"line":11,"column":22},"end":{"line":17,"column":1}},"5":{"start":{"line":12,"column":2},"end":{"line":12,"column":21}},"6":{"start":{"line":13,"column":2},"end":{"line":13,"column":18}},"7":{"start":{"line":14,"column":2},"end":{"line":16,"column":5}},"8":{"start":{"line":19,"column":0},"end":{"line":22,"column":2}}},"fnMap":{"0":{"name":"appErrorHandler","decl":{"start":{"line":3,"column":31},"end":{"line":3,"column":46}},"loc":{"start":{"line":3,"column":68},"end":{"line":9,"column":1}},"line":3},"1":{"name":"apiErrorHandler","decl":{"start":{"line":11,"column":31},"end":{"line":11,"column":46}},"loc":{"start":{"line":11,"column":68},"end":{"line":17,"column":1}},"line":11}},"branchMap":{},"s":{"0":1,"1":0,"2":0,"3":0,"4":1,"5":0,"6":0,"7":0,"8":1},"f":{"0":0,"1":0},"b":{},"_coverageSchema":"43e27e138ebf9cfc5966b082cf9a028302ed4184","hash":"34639ef42d9b06386a8b7475a14bc59737d06464","contentHash":"5c00823742ceaeb1f1f7c52fc10fa063904ac1fb4b3352a77172f8abd15adc14"},"D:\\git\\memeLand-bed\\app\\index.js":{"path":"D:\\git\\memeLand-bed\\app\\index.js","statementMap":{"0":{"start":{"line":3,"column":13},"end":{"line":3,"column":40}},"1":{"start":{"line":5,"column":21},"end":{"line":5,"column":49}},"2":{"start":{"line":7,"column":19},"end":{"line":7,"column":44}},"3":{"start":{"line":9,"column":15},"end":{"line":9,"column":54}},"4":{"start":{"line":10,"column":22},"end":{"line":10,"column":46}},"5":{"start":{"line":12,"column":0},"end":{"line":12,"column":32}},"6":{"start":{"line":13,"column":0},"end":{"line":13,"column":36}},"7":{"start":{"line":14,"column":0},"end":{"line":14,"column":28}},"8":{"start":{"line":15,"column":0},"end":{"line":15,"column":24}}},"fnMap":{},"branchMap":{},"s":{"0":1,"1":1,"2":1,"3":1,"4":1,"5":1,"6":1,"7":1,"8":1},"f":{},"b":{},"_coverageSchema":"43e27e138ebf9cfc5966b082cf9a028302ed4184","hash":"4e817865767d56c88c2c07d6401ed33c3f9d1d6a","contentHash":"1835a2f2d760b96452a5f412bd4bb2f2d6df3f91f77eb4f89f610eaf175fe707"},"D:\\git\\memeLand-bed\\app\\pages\\meme-land\\index.js":{"path":"D:\\git\\memeLand-bed\\app\\pages\\meme-land\\index.js","statementMap":{"0":{"start":{"line":3,"column":13},"end":{"line":3,"column":40}},"1":{"start":{"line":5,"column":12},"end":{"line":5,"column":28}},"2":{"start":{"line":7,"column":15},"end":{"line":7,"column":42}},"3":{"start":{"line":8,"column":21},"end":{"line":8,"column":44}},"4":{"start":{"line":10,"column":12},"end":{"line":10,"column":44}},"5":{"start":{"line":12,"column":11},"end":{"line":12,"column":28}},"6":{"start":{"line":14,"column":16},"end":{"line":14,"column":43}},"7":{"start":{"line":15,"column":19},"end":{"line":15,"column":41}},"8":{"start":{"line":17,"column":0},"end":{"line":41,"column":3}},"9":{"start":{"line":18,"column":2},"end":{"line":40,"column":5}},"10":{"start":{"line":19,"column":16},"end":{"line":19,"column":76}},"11":{"start":{"line":20,"column":23},"end":{"line":23,"column":5}},"12":{"start":{"line":24,"column":18},"end":{"line":24,"column":20}},"13":{"start":{"line":26,"column":18},"end":{"line":31,"column":8}},"14":{"start":{"line":32,"column":4},"end":{"line":37,"column":7}},"15":{"start":{"line":39,"column":4},"end":{"line":39,"column":14}},"16":{"start":{"line":42,"column":0},"end":{"line":70,"column":3}},"17":{"start":{"line":43,"column":2},"end":{"line":69,"column":3}},"18":{"start":{"line":44,"column":4},"end":{"line":44,"column":76}},"19":{"start":{"line":46,"column":4},"end":{"line":68,"column":7}},"20":{"start":{"line":47,"column":18},"end":{"line":47,"column":78}},"21":{"start":{"line":48,"column":25},"end":{"line":51,"column":7}},"22":{"start":{"line":52,"column":20},"end":{"line":52,"column":22}},"23":{"start":{"line":54,"column":20},"end":{"line":59,"column":10}},"24":{"start":{"line":60,"column":6},"end":{"line":65,"column":9}},"25":{"start":{"line":67,"column":6},"end":{"line":67,"column":16}},"26":{"start":{"line":71,"column":0},"end":{"line":95,"column":3}},"27":{"start":{"line":72,"column":2},"end":{"line":94,"column":5}},"28":{"start":{"line":73,"column":16},"end":{"line":73,"column":76}},"29":{"start":{"line":74,"column":23},"end":{"line":77,"column":5}},"30":{"start":{"line":78,"column":18},"end":{"line":78,"column":20}},"31":{"start":{"line":80,"column":18},"end":{"line":85,"column":8}},"32":{"start":{"line":86,"column":4},"end":{"line":91,"column":7}},"33":{"start":{"line":93,"column":4},"end":{"line":93,"column":14}},"34":{"start":{"line":96,"column":0},"end":{"line":120,"column":3}},"35":{"start":{"line":97,"column":2},"end":{"line":119,"column":5}},"36":{"start":{"line":98,"column":16},"end":{"line":98,"column":76}},"37":{"start":{"line":99,"column":23},"end":{"line":102,"column":5}},"38":{"start":{"line":103,"column":18},"end":{"line":103,"column":20}},"39":{"start":{"line":105,"column":18},"end":{"line":110,"column":8}},"40":{"start":{"line":111,"column":4},"end":{"line":116,"column":7}},"41":{"start":{"line":118,"column":4},"end":{"line":118,"column":14}},"42":{"start":{"line":121,"column":0},"end":{"line":121,"column":24}}},"fnMap":{"0":{"name":"(anonymous_0)","decl":{"start":{"line":17,"column":16},"end":{"line":17,"column":17}},"loc":{"start":{"line":17,"column":42},"end":{"line":41,"column":1}},"line":17},"1":{"name":"(anonymous_1)","decl":{"start":{"line":18,"column":27},"end":{"line":18,"column":28}},"loc":{"start":{"line":18,"column":55},"end":{"line":38,"column":3}},"line":18},"2":{"name":"(anonymous_2)","decl":{"start":{"line":38,"column":14},"end":{"line":38,"column":15}},"loc":{"start":{"line":38,"column":29},"end":{"line":40,"column":3}},"line":38},"3":{"name":"(anonymous_3)","decl":{"start":{"line":42,"column":27},"end":{"line":42,"column":28}},"loc":{"start":{"line":42,"column":53},"end":{"line":70,"column":1}},"line":42},"4":{"name":"(anonymous_4)","decl":{"start":{"line":46,"column":35},"end":{"line":46,"column":36}},"loc":{"start":{"line":46,"column":63},"end":{"line":66,"column":5}},"line":46},"5":{"name":"(anonymous_5)","decl":{"start":{"line":66,"column":16},"end":{"line":66,"column":17}},"loc":{"start":{"line":66,"column":31},"end":{"line":68,"column":5}},"line":66},"6":{"name":"(anonymous_6)","decl":{"start":{"line":71,"column":26},"end":{"line":71,"column":27}},"loc":{"start":{"line":71,"column":52},"end":{"line":95,"column":1}},"line":71},"7":{"name":"(anonymous_7)","decl":{"start":{"line":72,"column":54},"end":{"line":72,"column":55}},"loc":{"start":{"line":72,"column":82},"end":{"line":92,"column":3}},"line":72},"8":{"name":"(anonymous_8)","decl":{"start":{"line":92,"column":14},"end":{"line":92,"column":15}},"loc":{"start":{"line":92,"column":29},"end":{"line":94,"column":3}},"line":92},"9":{"name":"(anonymous_9)","decl":{"start":{"line":96,"column":31},"end":{"line":96,"column":32}},"loc":{"start":{"line":96,"column":57},"end":{"line":120,"column":1}},"line":96},"10":{"name":"(anonymous_10)","decl":{"start":{"line":97,"column":54},"end":{"line":97,"column":55}},"loc":{"start":{"line":97,"column":82},"end":{"line":117,"column":3}},"line":97},"11":{"name":"(anonymous_11)","decl":{"start":{"line":117,"column":14},"end":{"line":117,"column":15}},"loc":{"start":{"line":117,"column":29},"end":{"line":119,"column":3}},"line":117}},"branchMap":{"0":{"loc":{"start":{"line":19,"column":16},"end":{"line":19,"column":76}},"type":"cond-expr","locations":[{"start":{"line":19,"column":55},"end":{"line":19,"column":57}},{"start":{"line":19,"column":60},"end":{"line":19,"column":76}}],"line":19},"1":{"loc":{"start":{"line":22,"column":16},"end":{"line":22,"column":69}},"type":"cond-expr","locations":[{"start":{"line":22,"column":37},"end":{"line":22,"column":64}},{"start":{"line":22,"column":67},"end":{"line":22,"column":69}}],"line":22},"2":{"loc":{"start":{"line":43,"column":2},"end":{"line":69,"column":3}},"type":"if","locations":[{"start":{"line":43,"column":2},"end":{"line":69,"column":3}},{"start":{"line":43,"column":2},"end":{"line":69,"column":3}}],"line":43},"3":{"loc":{"start":{"line":47,"column":18},"end":{"line":47,"column":78}},"type":"cond-expr","locations":[{"start":{"line":47,"column":57},"end":{"line":47,"column":59}},{"start":{"line":47,"column":62},"end":{"line":47,"column":78}}],"line":47},"4":{"loc":{"start":{"line":50,"column":18},"end":{"line":50,"column":71}},"type":"cond-expr","locations":[{"start":{"line":50,"column":39},"end":{"line":50,"column":66}},{"start":{"line":50,"column":69},"end":{"line":50,"column":71}}],"line":50},"5":{"loc":{"start":{"line":73,"column":16},"end":{"line":73,"column":76}},"type":"cond-expr","locations":[{"start":{"line":73,"column":55},"end":{"line":73,"column":57}},{"start":{"line":73,"column":60},"end":{"line":73,"column":76}}],"line":73},"6":{"loc":{"start":{"line":76,"column":16},"end":{"line":76,"column":69}},"type":"cond-expr","locations":[{"start":{"line":76,"column":37},"end":{"line":76,"column":64}},{"start":{"line":76,"column":67},"end":{"line":76,"column":69}}],"line":76},"7":{"loc":{"start":{"line":98,"column":16},"end":{"line":98,"column":76}},"type":"cond-expr","locations":[{"start":{"line":98,"column":55},"end":{"line":98,"column":57}},{"start":{"line":98,"column":60},"end":{"line":98,"column":76}}],"line":98},"8":{"loc":{"start":{"line":101,"column":16},"end":{"line":101,"column":69}},"type":"cond-expr","locations":[{"start":{"line":101,"column":37},"end":{"line":101,"column":64}},{"start":{"line":101,"column":67},"end":{"line":101,"column":69}}],"line":101}},"s":{"0":1,"1":1,"2":1,"3":1,"4":1,"5":1,"6":1,"7":1,"8":1,"9":0,"10":0,"11":0,"12":0,"13":0,"14":0,"15":0,"16":1,"17":0,"18":0,"19":0,"20":0,"21":0,"22":0,"23":0,"24":0,"25":0,"26":1,"27":0,"28":0,"29":0,"30":0,"31":0,"32":0,"33":0,"34":1,"35":0,"36":0,"37":0,"38":0,"39":0,"40":0,"41":0,"42":1},"f":{"0":0,"1":0,"2":0,"3":0,"4":0,"5":0,"6":0,"7":0,"8":0,"9":0,"10":0,"11":0},"b":{"0":[0,0],"1":[0,0],"2":[0,0],"3":[0,0],"4":[0,0],"5":[0,0],"6":[0,0],"7":[0,0],"8":[0,0]},"_coverageSchema":"43e27e138ebf9cfc5966b082cf9a028302ed4184","hash":"f2f932dd90925daa35360b33acad63ab7fba788f","contentHash":"a341326764f0afb0b47d39ab8d55a5a4a32b5745e6a76b94bfc1e58bc7d19d03"},"D:\\git\\memeLand-bed\\app\\pages\\perfil\\index.js":{"path":"D:\\git\\memeLand-bed\\app\\pages\\perfil\\index.js","statementMap":{"0":{"start":{"line":3,"column":13},"end":{"line":3,"column":40}},"1":{"start":{"line":5,"column":12},"end":{"line":5,"column":28}},"2":{"start":{"line":7,"column":15},"end":{"line":7,"column":42}},"3":{"start":{"line":8,"column":21},"end":{"line":8,"column":44}},"4":{"start":{"line":10,"column":12},"end":{"line":10,"column":44}},"5":{"start":{"line":12,"column":11},"end":{"line":12,"column":28}},"6":{"start":{"line":14,"column":16},"end":{"line":14,"column":43}},"7":{"start":{"line":15,"column":19},"end":{"line":15,"column":41}},"8":{"start":{"line":17,"column":0},"end":{"line":40,"column":3}},"9":{"start":{"line":18,"column":2},"end":{"line":39,"column":5}},"10":{"start":{"line":19,"column":23},"end":{"line":22,"column":5}},"11":{"start":{"line":23,"column":18},"end":{"line":23,"column":20}},"12":{"start":{"line":25,"column":18},"end":{"line":30,"column":8}},"13":{"start":{"line":31,"column":4},"end":{"line":36,"column":7}},"14":{"start":{"line":38,"column":4},"end":{"line":38,"column":14}},"15":{"start":{"line":41,"column":0},"end":{"line":41,"column":24}}},"fnMap":{"0":{"name":"(anonymous_0)","decl":{"start":{"line":17,"column":25},"end":{"line":17,"column":26}},"loc":{"start":{"line":17,"column":51},"end":{"line":40,"column":1}},"line":17},"1":{"name":"(anonymous_1)","decl":{"start":{"line":18,"column":46},"end":{"line":18,"column":47}},"loc":{"start":{"line":18,"column":62},"end":{"line":37,"column":3}},"line":18},"2":{"name":"(anonymous_2)","decl":{"start":{"line":37,"column":14},"end":{"line":37,"column":15}},"loc":{"start":{"line":37,"column":29},"end":{"line":39,"column":3}},"line":37}},"branchMap":{"0":{"loc":{"start":{"line":21,"column":19},"end":{"line":21,"column":74}},"type":"cond-expr","locations":[{"start":{"line":21,"column":40},"end":{"line":21,"column":67}},{"start":{"line":21,"column":70},"end":{"line":21,"column":74}}],"line":21}},"s":{"0":1,"1":1,"2":1,"3":1,"4":1,"5":1,"6":1,"7":1,"8":1,"9":0,"10":0,"11":0,"12":0,"13":0,"14":0,"15":1},"f":{"0":0,"1":0,"2":0},"b":{"0":[0,0]},"_coverageSchema":"43e27e138ebf9cfc5966b082cf9a028302ed4184","hash":"ec4395e04a8af4d5c630cace5fa577834bbddb7e","contentHash":"05f00233f70fdaafc961a16b078320ee51d6d7797d8bc27f4f474453d759b9e5"}}